This is pdfTeX, Version 3.1415926-1.40.10 (TeX Live 2009/Debian) (format=pdflatex 2010.11.20)  14 DEC 2010 10:54
entering extended mode
 restricted \write18 enabled.
 %&-line parsing enabled.
**ehw.tex
(./ehw.tex
LaTeX2e <2009/09/24>
Babel <v3.8l> and hyphenation patterns for english, usenglishmax, dumylang, noh
yphenation, loaded.
(./llncs.cls
Document Class: llncs 2010/07/12 v2.17 
 LaTeX document class for Lecture Notes in Computer Science
(/usr/share/texmf-texlive/tex/latex/base/article.cls
Document Class: article 2007/10/19 v1.4h Standard LaTeX document class
(/usr/share/texmf-texlive/tex/latex/base/size10.clo
File: size10.clo 2007/10/19 v1.4h Standard LaTeX file (size option)
)
\c@part=\count79
\c@section=\count80
\c@subsection=\count81
\c@subsubsection=\count82
\c@paragraph=\count83
\c@subparagraph=\count84
\c@figure=\count85
\c@table=\count86
\abovecaptionskip=\skip41
\belowcaptionskip=\skip42
\bibindent=\dimen102
)
(/usr/share/texmf-texlive/tex/latex/tools/multicol.sty
Package: multicol 2008/12/05 v1.6h multicolumn formatting (FMi)
\c@tracingmulticols=\count87
\mult@box=\box26
\multicol@leftmargin=\dimen103
\c@unbalance=\count88
\c@collectmore=\count89
\doublecol@number=\count90
\multicoltolerance=\count91
\multicolpretolerance=\count92
\full@width=\dimen104
\page@free=\dimen105
\premulticols=\dimen106
\postmulticols=\dimen107
\multicolsep=\skip43
\multicolbaselineskip=\skip44
\partial@page=\box27
\last@line=\box28
\mult@rightbox=\box29
\mult@grightbox=\box30
\mult@gfirstbox=\box31
\mult@firstbox=\box32
\@tempa=\box33
\@tempa=\box34
\@tempa=\box35
\@tempa=\box36
\@tempa=\box37
\@tempa=\box38
\@tempa=\box39
\@tempa=\box40
\@tempa=\box41
\@tempa=\box42
\@tempa=\box43
\@tempa=\box44
\@tempa=\box45
\@tempa=\box46
\@tempa=\box47
\@tempa=\box48
\@tempa=\box49
\c@columnbadness=\count93
\c@finalcolumnbadness=\count94
\last@try=\dimen108
\multicolovershoot=\dimen109
\multicolundershoot=\dimen110
\mult@nat@firstbox=\box50
\colbreak@box=\box51
)
(/usr/share/texmf-texlive/tex/latex/oberdiek/aliascnt.sty
Package: aliascnt 2009/09/08 v1.3 Alias counter (HO)

(/usr/share/texmf-texlive/tex/latex/carlisle/remreset.sty))
\c@chapter=\count95
LaTeX Font Info:    Redeclaring math symbol \Gamma on input line 362.
LaTeX Font Info:    Redeclaring math symbol \Delta on input line 363.
LaTeX Font Info:    Redeclaring math symbol \Theta on input line 364.
LaTeX Font Info:    Redeclaring math symbol \Lambda on input line 365.
LaTeX Font Info:    Redeclaring math symbol \Xi on input line 366.
LaTeX Font Info:    Redeclaring math symbol \Pi on input line 367.
LaTeX Font Info:    Redeclaring math symbol \Sigma on input line 368.
LaTeX Font Info:    Redeclaring math symbol \Upsilon on input line 369.
LaTeX Font Info:    Redeclaring math symbol \Phi on input line 370.
LaTeX Font Info:    Redeclaring math symbol \Psi on input line 371.
LaTeX Font Info:    Redeclaring math symbol \Omega on input line 372.
\tocchpnum=\dimen111
\tocsecnum=\dimen112
\tocsectotal=\dimen113
\tocsubsecnum=\dimen114
\tocsubsectotal=\dimen115
\tocsubsubsecnum=\dimen116
\tocsubsubsectotal=\dimen117
\tocparanum=\dimen118
\tocparatotal=\dimen119
\tocsubparanum=\dimen120
\@tempcntc=\count96
\fnindent=\dimen121
\c@@inst=\count97
\c@@auth=\count98
\c@auco=\count99
\instindent=\dimen122
\authrun=\box52
\authorrunning=\toks14
\tocauthor=\toks15
\titrun=\box53
\titlerunning=\toks16
\toctitle=\toks17
\c@theorem=\count100
\c@case=\count101
\c@conjecture=\count102
\c@corollary=\count103
\c@definition=\count104
\c@example=\count105
\c@exercise=\count106
\c@lemma=\count107
\c@note=\count108
\c@problem=\count109
\c@property=\count110
\c@proposition=\count111
\c@question=\count112
\c@solution=\count113
\c@remark=\count114
\headlineindent=\dimen123
)
(/usr/share/texmf-texlive/tex/latex/amsfonts/amssymb.sty
Package: amssymb 2009/06/22 v3.00

(/usr/share/texmf-texlive/tex/latex/amsfonts/amsfonts.sty
Package: amsfonts 2009/06/22 v3.00 Basic AMSFonts support
\@emptytoks=\toks18
\symAMSa=\mathgroup4
\symAMSb=\mathgroup5
LaTeX Font Info:    Overwriting math alphabet `\mathfrak' in version `bold'
(Font)                  U/euf/m/n --> U/euf/b/n on input line 96.
))
(/usr/share/texmf-texlive/tex/latex/graphics/graphicx.sty
Package: graphicx 1999/02/16 v1.0f Enhanced LaTeX Graphics (DPC,SPQR)

(/usr/share/texmf-texlive/tex/latex/graphics/keyval.sty
Package: keyval 1999/03/16 v1.13 key=value parser (DPC)
\KV@toks@=\toks19
)
(/usr/share/texmf-texlive/tex/latex/graphics/graphics.sty
Package: graphics 2009/02/05 v1.0o Standard LaTeX Graphics (DPC,SPQR)

(/usr/share/texmf-texlive/tex/latex/graphics/trig.sty
Package: trig 1999/03/16 v1.09 sin cos tan (DPC)
)
(/etc/texmf/tex/latex/config/graphics.cfg
File: graphics.cfg 2009/08/28 v1.8 graphics configuration of TeX Live
)
Package graphics Info: Driver file: pdftex.def on input line 91.

(/usr/share/texmf-texlive/tex/latex/pdftex-def/pdftex.def
File: pdftex.def 2009/08/25 v0.04m Graphics/color for pdfTeX
\Gread@gobject=\count115
))
\Gin@req@height=\dimen124
\Gin@req@width=\dimen125
)
(/usr/share/texmf-texlive/tex/latex/ltxmisc/url.sty
\Urlmuskip=\muskip10
Package: url 2006/04/12  ver 3.3  Verb mode for urls, etc.
)
(/usr/share/texmf-texlive/tex/latex/subfigure/subfigure.sty
Package: subfigure 2002/03/15 v2.1.5 subfigure package
\subfigtopskip=\skip45
\subfigcapskip=\skip46
\subfigcaptopadj=\dimen126
\subfigbottomskip=\skip47
\subfigcapmargin=\dimen127
\subfiglabelskip=\skip48
\c@subfigure=\count116
\c@lofdepth=\count117
\c@subtable=\count118
\c@lotdepth=\count119

****************************************
* Local config file subfigure.cfg used *
****************************************
(/usr/share/texmf-texlive/tex/latex/subfigure/subfigure.cfg)
\subfig@top=\skip49
\subfig@bottom=\skip50
) (./ehw.aux)
\openout1 = `ehw.aux'.

LaTeX Font Info:    Checking defaults for OML/cmm/m/it on input line 32.
LaTeX Font Info:    ... okay on input line 32.
LaTeX Font Info:    Checking defaults for T1/cmr/m/n on input line 32.
LaTeX Font Info:    ... okay on input line 32.
LaTeX Font Info:    Checking defaults for OT1/cmr/m/n on input line 32.
LaTeX Font Info:    ... okay on input line 32.
LaTeX Font Info:    Checking defaults for OMS/cmsy/m/n on input line 32.
LaTeX Font Info:    ... okay on input line 32.
LaTeX Font Info:    Checking defaults for OMX/cmex/m/n on input line 32.
LaTeX Font Info:    ... okay on input line 32.
LaTeX Font Info:    Checking defaults for U/cmr/m/n on input line 32.
LaTeX Font Info:    ... okay on input line 32.

(/usr/share/texmf/tex/context/base/supp-pdf.mkii
[Loading MPS to PDF converter (version 2006.09.02).]
\scratchcounter=\count120
\scratchdimen=\dimen128
\scratchbox=\box54
\nofMPsegments=\count121
\nofMParguments=\count122
\everyMPshowfont=\toks20
\MPscratchCnt=\count123
\MPscratchDim=\dimen129
\MPnumerator=\count124
\everyMPtoPDFconversion=\toks21
)
LaTeX Font Info:    Try loading font information for U+msa on input line 61.
 (/usr/share/texmf-texlive/tex/latex/amsfonts/umsa.fd
File: umsa.fd 2009/06/22 v3.00 AMS symbols A
)
LaTeX Font Info:    Try loading font information for U+msb on input line 61.

(/usr/share/texmf-texlive/tex/latex/amsfonts/umsb.fd
File: umsb.fd 2009/06/22 v3.00 AMS symbols B
) [1


{/var/lib/texmf/fonts/map/pdftex/updmap/pdftex.map}]
<./images/fitness.pdf, id=10, 215.18492pt x 178.35533pt>
File: ./images/fitness.pdf Graphic file (type pdf)

<use ./images/fitness.pdf> [2]
Underfull \vbox (badness 3849) has occurred while \output is active []

 [3 <./images/fitness.pdf>]
<./images/SAKC_block_diagram.png, id=57, 485.56406pt x 330.48468pt>
File: ./images/SAKC_block_diagram.png Graphic file (type png)

<use ./images/SAKC_block_diagram.png> [4]
<./images/communications.pdf, id=63, 194.06302pt x 211.79628pt>
File: ./images/communications.pdf Graphic file (type pdf)

<use ./images/communications.pdf> [5 <./images/SAKC_block_diagram.png (PNG copy
)>] <./images/migration_scheme.pdf, id=67, 268.70587pt x 160.80476pt>
File: ./images/migration_scheme.pdf Graphic file (type pdf)

<use ./images/migration_scheme.pdf> [6 <./images/communications.pdf>]
<./images/hw_block_diagram.pdf, id=76, 571.31123pt x 172.04677pt>
File: ./images/hw_block_diagram.pdf Graphic file (type pdf)

<use ./images/hw_block_diagram.pdf> [7 <./images/migration_scheme.pdf> <./image
s/hw_block_diagram.pdf>]
<./images/response_time_1024indiv.pdf, id=115, 361.35pt x 252.945pt>
File: ./images/response_time_1024indiv.pdf Graphic file (type pdf)

<use ./images/response_time_1024indiv.pdf>

LaTeX Warning: `!h' float specifier changed to `!ht'.

<./images/response_time_12var.pdf, id=116, 361.35pt x 252.945pt>
File: ./images/response_time_12var.pdf Graphic file (type pdf)

<use ./images/response_time_12var.pdf>

LaTeX Warning: `!h' float specifier changed to `!ht'.


LaTeX Warning: Reference `fig:rt_gpu' on page 8 undefined on input line 213.

<./images/response_time_threads_cuda_12var.pdf, id=117, 361.35pt x 252.945pt>
File: ./images/response_time_threads_cuda_12var.pdf Graphic file (type pdf)

<use ./images/response_time_threads_cuda_12var.pdf>

LaTeX Warning: `h' float specifier changed to `ht'.

<./images/response_time_1024indiv_gpu.pdf, id=118, 361.35pt x 252.945pt>
File: ./images/response_time_1024indiv_gpu.pdf Graphic file (type pdf)

<use ./images/response_time_1024indiv_gpu.pdf>

LaTeX Warning: `!h' float specifier changed to `!ht'.

<./images/speedup_sie_vs_altamira.pdf, id=119, 361.35pt x 252.945pt>
File: ./images/speedup_sie_vs_altamira.pdf Graphic file (type pdf)

<use ./images/speedup_sie_vs_altamira.pdf>

LaTeX Warning: `!h' float specifier changed to `!ht'.

[8] <./images/speedup_sie_vs_cuda.pdf, id=123, 361.35pt x 252.945pt>
File: ./images/speedup_sie_vs_cuda.pdf Graphic file (type pdf)

<use ./images/speedup_sie_vs_cuda.pdf>

LaTeX Warning: `!h' float specifier changed to `!ht'.

<./images/result-circuit.pdf, id=124, 681.54625pt x 182.6825pt>
File: ./images/result-circuit.pdf Graphic file (type pdf)

<use ./images/result-circuit.pdf>

LaTeX Warning: `!h' float specifier changed to `!ht'.

[9 <./images/response_time_1024indiv.pdf> <./images/response_time_12var.pdf>]
[10 <./images/response_time_threads_cuda_12var.pdf> <./images/response_time_102
4indiv_gpu.pdf>] [11 <./images/speedup_sie_vs_altamira.pdf> <./images/speedup_s
ie_vs_cuda.pdf> <./images/result-circuit.pdf>] (./ehw.bbl
Underfull \hbox (badness 10000) in paragraph at lines 9--12
[]\OT1/cmr/m/n/9 Creative Com-mons.  Li-cen-cias Cre-ative Com-mons.  URL:
 []


Underfull \hbox (badness 10000) in paragraph at lines 63--66
[]\OT1/cmr/m/n/9 R. Stall-man.  Phi-los-o-phy of the GNU project.  URL:
 []

) [12] (./ehw.aux)

LaTeX Warning: There were undefined references.

 ) 
Here is how much of TeX's memory you used:
 1929 strings out of 495061
 24492 string characters out of 1182620
 80151 words of memory out of 3000000
 5092 multiletter control sequences out of 15000+50000
 10958 words of font info for 42 fonts, out of 3000000 for 9000
 28 hyphenation exceptions out of 8191
 29i,9n,24p,1376b,251s stack positions out of 5000i,500n,10000p,200000b,50000s
</usr/share/texmf-texlive/fonts/type1/public/amsfonts/cm/cmbx10.pfb></usr/sha
re/texmf-texlive/fonts/type1/public/amsfonts/cm/cmbx12.pfb></usr/share/texmf-te
xlive/fonts/type1/public/amsfonts/cm/cmbx9.pfb></usr/share/texmf-texlive/fonts/
type1/public/amsfonts/cm/cmex10.pfb></usr/share/texmf-texlive/fonts/type1/publi
c/amsfonts/cm/cmmi10.pfb></usr/share/texmf-texlive/fonts/type1/public/amsfonts/
cm/cmmi5.pfb></usr/share/texmf-texlive/fonts/type1/public/amsfonts/cm/cmmi6.pfb
></usr/share/texmf-texlive/fonts/type1/public/amsfonts/cm/cmmi7.pfb></usr/share
/texmf-texlive/fonts/type1/public/amsfonts/cm/cmmi8.pfb></usr/share/texmf-texli
ve/fonts/type1/public/amsfonts/cm/cmmi9.pfb></usr/share/texmf-texlive/fonts/typ
e1/public/amsfonts/cm/cmr10.pfb></usr/share/texmf-texlive/fonts/type1/public/am
sfonts/cm/cmr12.pfb></usr/share/texmf-texlive/fonts/type1/public/amsfonts/cm/cm
r5.pfb></usr/share/texmf-texlive/fonts/type1/public/amsfonts/cm/cmr6.pfb></usr/
share/texmf-texlive/fonts/type1/public/amsfonts/cm/cmr7.pfb></usr/share/texmf-t
exlive/fonts/type1/public/amsfonts/cm/cmr8.pfb></usr/share/texmf-texlive/fonts/
type1/public/amsfonts/cm/cmr9.pfb></usr/share/texmf-texlive/fonts/type1/public/
amsfonts/cm/cmsy10.pfb></usr/share/texmf-texlive/fonts/type1/public/amsfonts/cm
/cmti10.pfb></usr/share/texmf-texlive/fonts/type1/public/amsfonts/cm/cmti9.pfb>

Output written on ehw.pdf (12 pages, 383052 bytes).
PDF statistics:
 224 PDF objects out of 1000 (max. 8388607)
 0 named destinations out of 1000 (max. 500000)
 61 words of extra memory for PDF output out of 10000 (max. 10000000)

