This is pdfTeX, Version 3.1415926-1.40.10 (TeX Live 2009/Debian) (format=pdflatex 2010.11.20)  11 JAN 2011 21:18
entering extended mode
 restricted \write18 enabled.
 %&-line parsing enabled.
**ehw.tex
(./ehw.tex
LaTeX2e <2009/09/24>
Babel <v3.8l> and hyphenation patterns for english, usenglishmax, dumylang, noh
yphenation, loaded.
(./IEEEtran.cls
Document Class: IEEEtran 2007/03/05 V1.7a by Michael Shell
-- See the "IEEEtran_HOWTO" manual for usage information.
-- http://www.michaelshell.org/tex/ieeetran/
\@IEEEtrantmpdimenA=\dimen102
\@IEEEtrantmpdimenB=\dimen103
\@IEEEtrantmpcountA=\count79
\@IEEEtrantmpcountB=\count80
\@IEEEtrantmptoksA=\toks14
LaTeX Font Info:    Try loading font information for OT1+ptm on input line 366.

(/usr/share/texmf-texlive/tex/latex/psnfss/ot1ptm.fd
File: ot1ptm.fd 2001/06/04 font definitions for OT1/ptm.
)
-- Using 8.5in x 11in (letter) paper.
-- Using PDF output.
\@IEEEnormalsizeunitybaselineskip=\dimen104
-- This is a 10 point document.
\CLASSINFOnormalsizebaselineskip=\dimen105
\CLASSINFOnormalsizeunitybaselineskip=\dimen106
\IEEEnormaljot=\dimen107
LaTeX Font Info:    Font shape `OT1/ptm/bx/n' in size <5> not available
(Font)              Font shape `OT1/ptm/b/n' tried instead on input line 724.
LaTeX Font Info:    Font shape `OT1/ptm/bx/it' in size <5> not available
(Font)              Font shape `OT1/ptm/b/it' tried instead on input line 724.
LaTeX Font Info:    Font shape `OT1/ptm/bx/n' in size <7> not available
(Font)              Font shape `OT1/ptm/b/n' tried instead on input line 724.
LaTeX Font Info:    Font shape `OT1/ptm/bx/it' in size <7> not available
(Font)              Font shape `OT1/ptm/b/it' tried instead on input line 724.
LaTeX Font Info:    Font shape `OT1/ptm/bx/n' in size <8> not available
(Font)              Font shape `OT1/ptm/b/n' tried instead on input line 724.
LaTeX Font Info:    Font shape `OT1/ptm/bx/it' in size <8> not available
(Font)              Font shape `OT1/ptm/b/it' tried instead on input line 724.
LaTeX Font Info:    Font shape `OT1/ptm/bx/n' in size <9> not available
(Font)              Font shape `OT1/ptm/b/n' tried instead on input line 724.
LaTeX Font Info:    Font shape `OT1/ptm/bx/it' in size <9> not available
(Font)              Font shape `OT1/ptm/b/it' tried instead on input line 724.
LaTeX Font Info:    Font shape `OT1/ptm/bx/n' in size <10> not available
(Font)              Font shape `OT1/ptm/b/n' tried instead on input line 724.
LaTeX Font Info:    Font shape `OT1/ptm/bx/it' in size <10> not available
(Font)              Font shape `OT1/ptm/b/it' tried instead on input line 724.
LaTeX Font Info:    Font shape `OT1/ptm/bx/n' in size <11> not available
(Font)              Font shape `OT1/ptm/b/n' tried instead on input line 724.
LaTeX Font Info:    Font shape `OT1/ptm/bx/it' in size <11> not available
(Font)              Font shape `OT1/ptm/b/it' tried instead on input line 724.
LaTeX Font Info:    Font shape `OT1/ptm/bx/n' in size <12> not available
(Font)              Font shape `OT1/ptm/b/n' tried instead on input line 724.
LaTeX Font Info:    Font shape `OT1/ptm/bx/it' in size <12> not available
(Font)              Font shape `OT1/ptm/b/it' tried instead on input line 724.
LaTeX Font Info:    Font shape `OT1/ptm/bx/n' in size <17> not available
(Font)              Font shape `OT1/ptm/b/n' tried instead on input line 724.
LaTeX Font Info:    Font shape `OT1/ptm/bx/it' in size <17> not available
(Font)              Font shape `OT1/ptm/b/it' tried instead on input line 724.
LaTeX Font Info:    Font shape `OT1/ptm/bx/n' in size <20> not available
(Font)              Font shape `OT1/ptm/b/n' tried instead on input line 724.
LaTeX Font Info:    Font shape `OT1/ptm/bx/it' in size <20> not available
(Font)              Font shape `OT1/ptm/b/it' tried instead on input line 724.
LaTeX Font Info:    Font shape `OT1/ptm/bx/n' in size <24> not available
(Font)              Font shape `OT1/ptm/b/n' tried instead on input line 724.
LaTeX Font Info:    Font shape `OT1/ptm/bx/it' in size <24> not available
(Font)              Font shape `OT1/ptm/b/it' tried instead on input line 724.
\IEEEilabelindentA=\dimen108
\IEEEilabelindentB=\dimen109
\IEEEilabelindent=\dimen110
\IEEEelabelindent=\dimen111
\IEEEdlabelindent=\dimen112
\IEEElabelindent=\dimen113
\IEEEiednormlabelsep=\dimen114
\IEEEiedmathlabelsep=\dimen115
\IEEEiedtopsep=\skip41
\c@section=\count81
\c@subsection=\count82
\c@subsubsection=\count83
\c@paragraph=\count84
\c@IEEEsubequation=\count85
\abovecaptionskip=\skip42
\belowcaptionskip=\skip43
\c@figure=\count86
\c@table=\count87
\@IEEEeqnnumcols=\count88
\@IEEEeqncolcnt=\count89
\@IEEEtmpitemindent=\dimen116
\c@IEEEbiography=\count90
\@IEEEtranrubishbin=\box26
) (/usr/share/texmf-texlive/tex/latex/base/inputenc.sty
Package: inputenc 2008/03/30 v1.1d Input encoding file
\inpenc@prehook=\toks15
\inpenc@posthook=\toks16

(/usr/share/texmf-texlive/tex/latex/base/latin1.def
File: latin1.def 2008/03/30 v1.1d Input encoding file
))
(/usr/share/texmf-texlive/tex/latex/tools/enumerate.sty
Package: enumerate 1999/03/05 v3.00 enumerate extensions (DPC)
\@enLab=\toks17
)
(/usr/share/texmf-texlive/tex/latex/cite/cite.sty
LaTeX Info: Redefining \cite on input line 285.
LaTeX Info: Redefining \nocite on input line 356.
Package: cite 2009/08/29  v 5.2
)
(/usr/share/texmf-texlive/tex/latex/graphics/graphicx.sty
Package: graphicx 1999/02/16 v1.0f Enhanced LaTeX Graphics (DPC,SPQR)

(/usr/share/texmf-texlive/tex/latex/graphics/keyval.sty
Package: keyval 1999/03/16 v1.13 key=value parser (DPC)
\KV@toks@=\toks18
)
(/usr/share/texmf-texlive/tex/latex/graphics/graphics.sty
Package: graphics 2009/02/05 v1.0o Standard LaTeX Graphics (DPC,SPQR)

(/usr/share/texmf-texlive/tex/latex/graphics/trig.sty
Package: trig 1999/03/16 v1.09 sin cos tan (DPC)
)
(/etc/texmf/tex/latex/config/graphics.cfg
File: graphics.cfg 2009/08/28 v1.8 graphics configuration of TeX Live
)
Package graphics Info: Driver file: pdftex.def on input line 91.

(/usr/share/texmf-texlive/tex/latex/pdftex-def/pdftex.def
File: pdftex.def 2009/08/25 v0.04m Graphics/color for pdfTeX
\Gread@gobject=\count91
))
\Gin@req@height=\dimen117
\Gin@req@width=\dimen118
)
(/usr/share/texmf-texlive/tex/latex/psfrag/psfrag.sty
Package: psfrag 1998/04/11 v3.04 PSfrag (MCG)
\pfg@pcount=\count92
\pfg@scount=\count93
\pfg@temp=\write3
)
(/usr/share/texmf-texlive/tex/latex/subfigure/subfigure.sty
Package: subfigure 2002/03/15 v2.1.5 subfigure package
\subfigtopskip=\skip44
\subfigcapskip=\skip45
\subfigcaptopadj=\dimen119
\subfigbottomskip=\skip46
\subfigcapmargin=\dimen120
\subfiglabelskip=\skip47
\c@subfigure=\count94
\c@lofdepth=\count95
\c@subtable=\count96
\c@lotdepth=\count97

****************************************
* Local config file subfigure.cfg used *
****************************************
(/usr/share/texmf-texlive/tex/latex/subfigure/subfigure.cfg)
\subfig@top=\skip48
\subfig@bottom=\skip49
)
(/usr/share/texmf-texlive/tex/latex/tools/multicol.sty
Package: multicol 2008/12/05 v1.6h multicolumn formatting (FMi)
\c@tracingmulticols=\count98
\mult@box=\box27
\multicol@leftmargin=\dimen121
\c@unbalance=\count99
\c@collectmore=\count100
\doublecol@number=\count101
\multicoltolerance=\count102
\multicolpretolerance=\count103
\full@width=\dimen122
\page@free=\dimen123
\premulticols=\dimen124
\postmulticols=\dimen125
\multicolsep=\skip50
\multicolbaselineskip=\skip51
\partial@page=\box28
\last@line=\box29
\mult@rightbox=\box30
\mult@grightbox=\box31
\mult@gfirstbox=\box32
\mult@firstbox=\box33
\@tempa=\box34
\@tempa=\box35
\@tempa=\box36
\@tempa=\box37
\@tempa=\box38
\@tempa=\box39
\@tempa=\box40
\@tempa=\box41
\@tempa=\box42
\@tempa=\box43
\@tempa=\box44
\@tempa=\box45
\@tempa=\box46
\@tempa=\box47
\@tempa=\box48
\@tempa=\box49
\@tempa=\box50
\c@columnbadness=\count104
\c@finalcolumnbadness=\count105
\last@try=\dimen126
\multicolovershoot=\dimen127
\multicolundershoot=\dimen128
\mult@nat@firstbox=\box51
\colbreak@box=\box52
)
(/usr/share/texmf-texlive/tex/latex/multirow/multirow.sty
\bigstrutjot=\dimen129
)
(/usr/share/texmf-texlive/tex/latex/colortbl/colortbl.sty
Package: colortbl 2001/02/13 v0.1j Color table columns (DPC)

(/usr/share/texmf-texlive/tex/latex/tools/array.sty
Package: array 2008/09/09 v2.4c Tabular extension package (FMi)
\col@sep=\dimen130
\extrarowheight=\dimen131
\NC@list=\toks19
\extratabsurround=\skip52
\backup@length=\skip53
)
(/usr/share/texmf-texlive/tex/latex/graphics/color.sty
Package: color 2005/11/14 v1.0j Standard LaTeX Color (DPC)

(/etc/texmf/tex/latex/config/color.cfg
File: color.cfg 2007/01/18 v1.5 color configuration of teTeX/TeXLive
)
Package color Info: Driver file: pdftex.def on input line 130.
)
\everycr=\toks20
\minrowclearance=\skip54
)
(/usr/share/texmf-texlive/tex/latex/floatflt/floatflt.sty
Package: floatflt 1997/07/16 v. 1.31
\c@OptionTest=\count106
\figbox=\box53
\tabbox=\box54
\pagebox=\box55
\ffigcount=\count107
\ftabcount=\count108
\fftest=\count109
\hangcount=\count110
\nosuccesstryfig=\count111
\nosuccesstrytab=\count112
\figgutter=\dimen132
\tabgutter=\dimen133
\htdone=\dimen134
\pageht=\dimen135
\startpageht=\dimen136
\tabbredd=\dimen137
\floatfltwidth=\dimen138
\fltitemwidth=\dimen139
\outputpretest=\toks21
)
(/usr/share/texmf-texlive/tex/latex/amsmath/amsmath.sty
Package: amsmath 2000/07/18 v2.13 AMS math features
\@mathmargin=\skip55

For additional information on amsmath, use the `?' option.
(/usr/share/texmf-texlive/tex/latex/amsmath/amstext.sty
Package: amstext 2000/06/29 v2.01

(/usr/share/texmf-texlive/tex/latex/amsmath/amsgen.sty
File: amsgen.sty 1999/11/30 v2.0
\@emptytoks=\toks22
\ex@=\dimen140
))
(/usr/share/texmf-texlive/tex/latex/amsmath/amsbsy.sty
Package: amsbsy 1999/11/29 v1.2d
\pmbraise@=\dimen141
)
(/usr/share/texmf-texlive/tex/latex/amsmath/amsopn.sty
Package: amsopn 1999/12/14 v2.01 operator names
)
\inf@bad=\count113
LaTeX Info: Redefining \frac on input line 211.
\uproot@=\count114
\leftroot@=\count115
LaTeX Info: Redefining \overline on input line 307.
\classnum@=\count116
\DOTSCASE@=\count117
LaTeX Info: Redefining \ldots on input line 379.
LaTeX Info: Redefining \dots on input line 382.
LaTeX Info: Redefining \cdots on input line 467.
\Mathstrutbox@=\box56
\strutbox@=\box57
\big@size=\dimen142
LaTeX Font Info:    Redeclaring font encoding OML on input line 567.
LaTeX Font Info:    Redeclaring font encoding OMS on input line 568.
\macc@depth=\count118
\c@MaxMatrixCols=\count119
\dotsspace@=\muskip10
\c@parentequation=\count120
\dspbrk@lvl=\count121
\tag@help=\toks23
\row@=\count122
\column@=\count123
\maxfields@=\count124
\andhelp@=\toks24
\eqnshift@=\dimen143
\alignsep@=\dimen144
\tagshift@=\dimen145
\tagwidth@=\dimen146
\totwidth@=\dimen147
\lineht@=\dimen148
\@envbody=\toks25
\multlinegap=\skip56
\multlinetaggap=\skip57
\mathdisplay@stack=\toks26
LaTeX Info: Redefining \[ on input line 2666.
LaTeX Info: Redefining \] on input line 2667.
)
(/usr/share/texmf-texlive/tex/latex/amsfonts/euscript.sty
Package: euscript 2009/06/22 v3.00 Euler Script fonts
LaTeX Font Info:    Overwriting math alphabet `\EuScript' in version `bold'
(Font)                  U/eus/m/n --> U/eus/b/n on input line 33.
)
(/usr/share/texmf-texlive/tex/latex/pstricks/pst-all.sty
Package: pst-all 2008/01/01 the main pstricks tools

(/usr/share/texmf-texlive/tex/latex/pstricks/pstricks.sty
Package: pstricks 2008/11/26 v0.40 LaTeX wrapper for `PSTricks' (RN,HV)

(/usr/share/texmf-texlive/tex/generic/pstricks/pstricks.tex
`PSTricks' v1.29  <2009/05/19> (tvz)
\pst@dima=\dimen149
\pst@dimb=\dimen150
\pst@dimc=\dimen151
\pst@dimd=\dimen152
\pst@dimg=\dimen153
\pst@dimh=\dimen154
\pst@hbox=\box58
\pst@boxg=\box59
\pst@cnta=\count125
\pst@cntb=\count126
\pst@cntc=\count127
\pst@cntd=\count128
\pst@cntg=\count129
\pst@cnth=\count130
\pst@toks=\toks27
(/usr/share/texmf-texlive/tex/generic/pstricks/pstricks.con)
\psunit=\dimen155
\psxunit=\dimen156
\psyunit=\dimen157
\pslinewidth=\dimen158
\pst@customdefs=\toks28
\pslinearc=\dimen159
\everypsbox=\toks29
\psframesep=\dimen160
\pslabelsep=\dimen161
\pst@shift=\dimen162
\theoverlaybox=\box60
)
File: pstricks.tex 2009/05/19 v1.29 `PSTricks' (tvz,hv)

(/usr/share/texmf/tex/latex/xcolor/xcolor.sty
Package: xcolor 2007/01/21 v2.11 LaTeX color extensions (UK)

(/etc/texmf/tex/latex/config/color.cfg
File: color.cfg 2007/01/18 v1.5 color configuration of teTeX/TeXLive
)
Package xcolor Info: Driver file: pdftex.def on input line 225.
LaTeX Info: Redefining \color on input line 702.
Package xcolor Info: Model `cmy' substituted by `cmy0' on input line 1337.
Package xcolor Info: Model `hsb' substituted by `rgb' on input line 1341.
Package xcolor Info: Model `RGB' extended on input line 1353.
Package xcolor Info: Model `HTML' substituted by `rgb' on input line 1355.
Package xcolor Info: Model `Hsb' substituted by `hsb' on input line 1356.
Package xcolor Info: Model `tHsb' substituted by `hsb' on input line 1357.
Package xcolor Info: Model `HSB' substituted by `hsb' on input line 1358.
Package xcolor Info: Model `Gray' substituted by `gray' on input line 1359.
Package xcolor Info: Model `wave' substituted by `hsb' on input line 1360.
))
(/usr/share/texmf-texlive/tex/latex/pstricks/pst-node.sty
Package: pst-node 2006/01/01 package wrapper for pst-node.tex

(/usr/share/texmf-texlive/tex/generic/pstricks/pst-node.tex  v1.01, 2008/11/26
\psrow=\count131
\pscol=\count132
\psmatrixcnt=\count133
\psrowsep=\skip58
\pscolsep=\skip59
)
File: pst-node.tex 2008/11/26 1.01 `pst-node' (tvz)
) (/usr/share/texmf-texlive/tex/latex/pst-tree/pst-tree.sty
Package: pst-tree 2009/01/25 package wrapper for pst-tree.tex

(/usr/share/texmf-texlive/tex/generic/pst-tree/pst-tree.tex
(/usr/share/texmf-texlive/tex/generic/xkeyval/pst-xkey.tex
File: pst-xkey.tex 2005/11/25 v1.6 PSTricks specialization of xkeyval (HA)

(/usr/share/texmf-texlive/tex/latex/xkeyval/xkeyval.sty
Package: xkeyval 2008/08/13 v2.6a package option processing (HA)

(/usr/share/texmf-texlive/tex/generic/xkeyval/xkeyval.tex
\XKV@toks=\toks30
\XKV@tempa@toks=\toks31
\XKV@depth=\count134
File: xkeyval.tex 2008/08/13 v2.6a key=value parser (HA)
)))
 v1.11, 2009/09/17(tvz,dg,hv)
\pstree@rootbox=\box61
\pstree@box=\box62
\psnodecnt=\count135
\pstreelevel=\count136
\pstreecnt=\count137
\pstree@cnt=\count138
\pstree@stop=\count139
)
File: pst-tree.tex 2009/09/17 1.11 `pst-tree' (tvz,hv)
)
(/usr/share/texmf-texlive/tex/latex/pstricks/pst-plot.sty
Package: pst-plot 2004/07/15 package wrapper for pst-plot.tex

(/usr/share/texmf-texlive/tex/generic/pstricks/pst-plot.tex
(/usr/share/texmf-texlive/tex/generic/multido/multido.tex
 v1.41, 2004/05/18 <tvz>
\multido@count=\count140
\multidocount=\count141
\multido@stuff=\toks32
)  v1.04, 2009/06/08)
File: pst-plot.tex 2009/06/08 1.04 `pst-plot' (tvz)
)
(/usr/share/texmf-texlive/tex/latex/pst-grad/pst-grad.sty
Package: pst-grad 2004/07/15 package wrapper for pst-grad.tex (hv)

(/usr/share/texmf-texlive/tex/generic/pst-grad/pst-grad.tex
`pst-grad' v1.06, 2006/11/27 (tvz,dg,hv))
File: pst-grad.tex 2006/11/27 1.06 `pst-grad' (tvz)
)
(/usr/share/texmf-texlive/tex/latex/pst-coil/pst-coil.sty
Package: pst-coil 2006/08/11 package wrapper for pst-coil.tex (hv)

(/usr/share/texmf-texlive/tex/generic/pst-coil/pst-coil.tex  v1.06, 2006/11/27)
File: pst-coil.tex 2006/11/05 v1.00 `pst-coil' (tvz)
) (/usr/share/texmf-texlive/tex/latex/pst-text/pst-text.sty
Package: pst-text 2006/01/01 package wrapper for pst-text.tex (hv)

(/usr/share/texmf-texlive/tex/generic/pst-text/pst-text.tex
 v1.00, 2006/11/05(tvz,hv))
File: pst-text.tex 2006/11/05 1.00 `pst-text' (tvz)
)
(/usr/share/texmf-texlive/tex/latex/pst-3d/pst-3d.sty
Package: pst-3d 2005/09/02 package wrapper for pst-3d.tex (hv)

(/usr/share/texmf-texlive/tex/generic/pst-3d/pst-3d.tex
`PST-3d' v1.00, 2005/09/03 (tvz))
File: pst-3d.tex 2005/09/03 v1.00 `PST-3d' (tvz)
)
(/usr/share/texmf-texlive/tex/latex/pst-eps/pst-eps.sty
Package: pst-eps 2005/05/20 package wrapper for pst-eps.tex (hv)

(/usr/share/texmf-texlive/tex/generic/pst-eps/pst-eps.tex  v1.00, 2006/11/04
\pst@epsout=\write4
\pst@tempout=\write5
)
File: pst-eps.tex 2006/11/04 1.00 `pst-eps' (tvz)
)
(/usr/share/texmf-texlive/tex/latex/pst-fill/pst-fill.sty
Package: pst-fill 2005/09/13 package wrapper for pst-fill.tex (hv)

(/usr/share/texmf-texlive/tex/generic/pst-fill/pst-fill.tex
`PST-Fill' v1.01, 2007/03/10 (tvz,dg,hv)
\pst@fillbox=\box63
)
File: pst-fill.tex 2007/03/10 v1.01 `PST-fill' (tvz,dg)
)
(/usr/share/texmf-texlive/tex/latex/pstricks-add/pstricks-add.sty
Package: pstricks-add 2009/03/17 v. 0.13 package wrapper for pstricks-add.tex (
hv)

(/usr/share/texmf-texlive/tex/generic/pstricks-add/pstricks-add.tex
(/usr/share/texmf-texlive/tex/generic/pstricks-add/pst-fp.tex
`pst-fp' v0.02, 2009/04/02 (hv)
\pstFP@xs=\count142
\pstFP@xia=\count143
\pstFP@xib=\count144
\pstFP@xfa=\count145
\pstFP@xfb=\count146
\pstFP@rega=\count147
\pstFP@regb=\count148
\pstFP@regs=\count149
\pstFP@times=\count150
)
(/usr/share/texmf-texlive/tex/generic/pst-math/pst-math.tex
`pst-math' v0.23 , (CJ,hv)) `pstricks-add' v3.35, 2009/10/12 (dr,hv)
\pst@dimm=\dimen163
\pst@dimn=\dimen164
\pst@dimo=\dimen165
\pst@dimp=\dimen166
\pst@cntm=\count151
\pst@cntn=\count152
\pst@cnto=\count153
\pst@cntp=\count154
\@zero=\count155
\pstRadUnit=\dimen167
\pstRadUnitInv=\dimen168
\pshooklength=\dimen169
\pshookwidth=\dimen170
\@digitcounter=\count156
\psk@subticksize=\dimen171
\pst@xticksizeA=\dimen172
\pst@xticksizeB=\dimen173
\pst@xticksizeC=\dimen174
\pst@yticksizeA=\dimen175
\pst@yticksizeB=\dimen176
\pst@yticksizeC=\dimen177
\psk@llx=\dimen178
\psk@lly=\dimen179
\psk@urx=\dimen180
\psk@ury=\dimen181
\pst@xunit=\dimen182
\pst@yunit=\dimen183
\linecnt=\count157
\chart@ColorIndex=\dimen184
\chart@ColorStep=\dimen185
\pst@chartHeight=\dimen186
\pst@chartStackDepth=\dimen187
\pst@chartStackWidth=\dimen188
\chart@Toggle=\count158
)
File: pstricks-add.tex 2009/10/12 v3.35 `PSTricks-add' (hv)
)
(/usr/share/texmf-texlive/tex/latex/multido/multido.sty
Package: multido 2004/05/17 package wrapper for PSTricks `multido.tex', (HV/RN)

))
(/usr/share/texmf-texlive/tex/latex/pstricks/pstcol.sty
Package: pstcol 2007/04/11 v1.3 LaTeX wrapper for `PSTricks' (RN,HV)


Package pstcol Warning: ************************************ 
(pstcol)                The package `pstcol' is obsolet! 
(pstcol)                You should use `pstricks' directly: 
(pstcol)                    \usepackage{pstricks}
(pstcol)                ************************************.

) (/usr/share/texmf-texlive/tex/latex/base/graphpap.sty
Package: graphpap 1994/08/09 v1.0c Standard LaTeX graphpap package (LL)
)
(/usr/share/texmf-texlive/tex/latex/amsfonts/amssymb.sty
Package: amssymb 2009/06/22 v3.00

(/usr/share/texmf-texlive/tex/latex/amsfonts/amsfonts.sty
Package: amsfonts 2009/06/22 v3.00 Basic AMSFonts support
\symAMSa=\mathgroup4
\symAMSb=\mathgroup5
LaTeX Font Info:    Overwriting math alphabet `\mathfrak' in version `bold'
(Font)                  U/euf/m/n --> U/euf/b/n on input line 96.
))
(/usr/share/texmf-texlive/tex/latex/base/latexsym.sty
Package: latexsym 1998/08/17 v2.2e Standard LaTeX package (lasy symbols)
\symlasy=\mathgroup6
LaTeX Font Info:    Overwriting symbol font `lasy' in version `bold'
(Font)                  U/lasy/m/n --> U/lasy/b/n on input line 47.
)
(/usr/share/texmf-texlive/tex/latex/listings/listings.sty
\lst@mode=\count159
\lst@gtempboxa=\box64
\lst@token=\toks33
\lst@length=\count160
\lst@currlwidth=\dimen189
\lst@column=\count161
\lst@pos=\count162
\lst@lostspace=\dimen190
\lst@width=\dimen191
\lst@newlines=\count163
\lst@lineno=\count164
\lst@maxwidth=\dimen192

(/usr/share/texmf-texlive/tex/latex/listings/lstmisc.sty
File: lstmisc.sty 2007/02/22 1.4 (Carsten Heinz)
\c@lstnumber=\count165
\lst@skipnumbers=\count166
\lst@framebox=\box65
)
(/usr/share/texmf-texlive/tex/latex/listings/listings.cfg
File: listings.cfg 2007/02/22 1.4 listings configuration
))
Package: listings 2007/02/22 1.4 (Carsten Heinz)

(/usr/share/texmf-texlive/tex/latex/listings/lstlang1.sty
File: lstlang1.sty 2004/09/05 1.3 listings language file
)
(/usr/share/texmf-texlive/tex/latex/listings/lstmisc.sty
File: lstmisc.sty 2007/02/22 1.4 (Carsten Heinz)
) (./ehw.aux)
\openout1 = `ehw.aux'.

LaTeX Font Info:    Checking defaults for OML/cmm/m/it on input line 31.
LaTeX Font Info:    ... okay on input line 31.
LaTeX Font Info:    Checking defaults for T1/cmr/m/n on input line 31.
LaTeX Font Info:    ... okay on input line 31.
LaTeX Font Info:    Checking defaults for OT1/cmr/m/n on input line 31.
LaTeX Font Info:    ... okay on input line 31.
LaTeX Font Info:    Checking defaults for OMS/cmsy/m/n on input line 31.
LaTeX Font Info:    ... okay on input line 31.
LaTeX Font Info:    Checking defaults for OMX/cmex/m/n on input line 31.
LaTeX Font Info:    ... okay on input line 31.
LaTeX Font Info:    Checking defaults for U/cmr/m/n on input line 31.
LaTeX Font Info:    ... okay on input line 31.

(/usr/share/texmf/tex/context/base/supp-pdf.mkii
[Loading MPS to PDF converter (version 2006.09.02).]
\scratchcounter=\count167
\scratchdimen=\dimen193
\scratchbox=\box66
\nofMPsegments=\count168
\nofMParguments=\count169
\everyMPshowfont=\toks34
\MPscratchCnt=\count170
\MPscratchDim=\dimen194
\MPnumerator=\count171
\everyMPtoPDFconversion=\toks35
)
\c@lstlisting=\count172

** ATTENTION: \keywords is deprecated (line 54). Use \IEEEkeywords instead.
LaTeX Font Info:    Try loading font information for U+msa on input line 75.
(/usr/share/texmf-texlive/tex/latex/amsfonts/umsa.fd
File: umsa.fd 2009/06/22 v3.00 AMS symbols A
)
LaTeX Font Info:    Try loading font information for U+msb on input line 75.

(/usr/share/texmf-texlive/tex/latex/amsfonts/umsb.fd
File: umsb.fd 2009/06/22 v3.00 AMS symbols B
)
LaTeX Font Info:    Try loading font information for U+lasy on input line 75.

(/usr/share/texmf-texlive/tex/latex/base/ulasy.fd
File: ulasy.fd 1998/08/17 v2.2e LaTeX symbol font definitions
)
<./images/fitness.pdf, id=1, 215.18492pt x 178.35533pt>
File: ./images/fitness.pdf Graphic file (type pdf)

<use ./images/fitness.pdf> [1
Non-PDF special ignored!
Non-PDF special ignored!
Non-PDF special ignored!
Non-PDF special ignored!
Non-PDF special ignored!
Non-PDF special ignored!
Non-PDF special ignored!
Non-PDF special ignored!
Non-PDF special ignored!
Non-PDF special ignored!{/var/lib/texmf/fonts/map/pdftex/updmap/pdftex.map}


]
Underfull \hbox (badness 10000) in paragraph at lines 110--110
[][][]\OT1/ptm/m/n/8 Todo esto se en-cuen-tra disponible en: http://projects.qi
-
 []

<./images/SIE_block_diagram.png, id=16, 501.37312pt x 274.02374pt>
File: ./images/SIE_block_diagram.png Graphic file (type png)

<use ./images/SIE_block_diagram.png> [2 <./images/fitness.pdf>]
<./images/hw_block_diagram.pdf, id=55, 571.31123pt x 172.04677pt>
File: ./images/hw_block_diagram.pdf Graphic file (type pdf)

<use ./images/hw_block_diagram.pdf>
Overfull \hbox (4.0748pt too wide) in paragraph at lines 138--138
 [] 
 []

<./images/response_time_1024indiv.pdf, id=56, 361.35pt x 252.945pt>
File: ./images/response_time_1024indiv.pdf Graphic file (type pdf)

<use ./images/response_time_1024indiv.pdf>
Overfull \hbox (4.0748pt too wide) in paragraph at lines 155--156
 [] 
 []


LaTeX Warning: `!h' float specifier changed to `!ht'.

<./images/response_time_12var.pdf, id=57, 361.35pt x 252.945pt>
File: ./images/response_time_12var.pdf Graphic file (type pdf)

<use ./images/response_time_12var.pdf>
Overfull \hbox (4.0748pt too wide) in paragraph at lines 163--164
 [] 
 []


LaTeX Warning: `!h' float specifier changed to `!ht'.

<./images/speedup_sie_vs_altamira.pdf, id=58, 361.35pt x 252.945pt>
File: ./images/speedup_sie_vs_altamira.pdf Graphic file (type pdf)

<use ./images/speedup_sie_vs_altamira.pdf>

LaTeX Warning: `!h' float specifier changed to `!ht'.

[3 <./images/SIE_block_diagram.png> <./images/hw_block_diagram.pdf>]

LaTeX Warning: Text page 4 contains only floats.

<./images/result-circuit.pdf, id=75, 681.54625pt x 182.6825pt>
File: ./images/result-circuit.pdf Graphic file (type pdf)

<use ./images/result-circuit.pdf> (./ehw.bbl
Underfull \hbox (badness 6284) in paragraph at lines 47--50
[]\OT1/ptm/m/n/8 C. Ca-margo, W. Spraul, and A. Wang.  Proyecto SAKC.
 []


Underfull \hbox (badness 6625) in paragraph at lines 52--55
[]\OT1/ptm/m/n/8 Creative Com-mons.  Li-cen-cias Cre-ative Com-mons.  URL:
 []


Underfull \hbox (badness 10000) in paragraph at lines 57--60
[]\OT1/ptm/m/n/8 R. Stall-man.  Phi-los-o-phy of the GNU project.  URL:
 []

)

** Conference Paper **
Before submitting the final camera ready copy, remember to:

 1. Manually equalize the lengths of two columns on the last page
 of your paper;

 2. Ensure that any PostScript and/or PDF output post-processing
 uses only Type 1 fonts and that every step in the generation
 process uses the appropriate paper size.

[4 <./images/response_time_1024indiv.pdf> <./images/response_time_12var.pdf> <.
/images/speedup_sie_vs_altamira.pdf> <./images/result-circuit.pdf>] (./ehw.aux)
 ) 
Here is how much of TeX's memory you used:
 8201 strings out of 495061
 116846 string characters out of 1182620
 278521 words of memory out of 3000000
 11173 multiletter control sequences out of 15000+50000
 42135 words of font info for 91 fonts, out of 3000000 for 9000
 29 hyphenation exceptions out of 8191
 38i,9n,72p,1430b,310s stack positions out of 5000i,500n,10000p,200000b,50000s
{/usr/share/texmf-texlive/fonts/enc/dvips/base/8r.enc}</usr/share/texmf-texli
ve/fonts/type1/public/amsfonts/cm/cmex10.pfb></usr/share/texmf-texlive/fonts/ty
pe1/public/amsfonts/cm/cmmi10.pfb></usr/share/texmf-texlive/fonts/type1/public/
amsfonts/cm/cmmi5.pfb></usr/share/texmf-texlive/fonts/type1/public/amsfonts/cm/
cmmi7.pfb></usr/share/texmf-texlive/fonts/type1/public/amsfonts/cm/cmmi8.pfb></
usr/share/texmf-texlive/fonts/type1/public/amsfonts/cm/cmr10.pfb></usr/share/te
xmf-texlive/fonts/type1/public/amsfonts/cm/cmr12.pfb></usr/share/texmf-texlive/
fonts/type1/public/amsfonts/cm/cmr5.pfb></usr/share/texmf-texlive/fonts/type1/p
ublic/amsfonts/cm/cmr7.pfb></usr/share/texmf-texlive/fonts/type1/public/amsfont
s/cm/cmr8.pfb></usr/share/texmf-texlive/fonts/type1/public/amsfonts/cm/cmr9.pfb
></usr/share/texmf-texlive/fonts/type1/public/amsfonts/cm/cmsy10.pfb></usr/shar
e/texmf-texlive/fonts/type1/urw/times/utmb8a.pfb></usr/share/texmf-texlive/font
s/type1/urw/times/utmbi8a.pfb></usr/share/texmf-texlive/fonts/type1/urw/times/u
tmr8a.pfb></usr/share/texmf-texlive/fonts/type1/urw/times/utmri8a.pfb>
Output written on ehw.pdf (4 pages, 272176 bytes).
PDF statistics:
 139 PDF objects out of 1000 (max. 8388607)
 0 named destinations out of 1000 (max. 500000)
 36 words of extra memory for PDF output out of 10000 (max. 10000000)

