This is pdfTeX, Version 3.1415926-2.4-1.40.13 (TeX Live 2012/Debian) (format=pdflatex 2012.7.16)  28 AUG 2012 11:58
entering extended mode
 restricted \write18 enabled.
 %&-line parsing enabled.
**tesis.tex
(./tesis.tex
LaTeX2e <2011/06/27>
Babel <v3.8m> and hyphenation patterns for english, dumylang, nohyphenation, lo
aded.
(/usr/share/texlive/texmf-dist/tex/latex/koma-script/scrbook.cls
Document Class: scrbook 2012/05/15 v3.11 KOMA-Script document class (book)
(/usr/share/texlive/texmf-dist/tex/latex/koma-script/scrkbase.sty
Package: scrkbase 2012/05/15 v3.11 KOMA-Script package (KOMA-Script-dependent b
asics and keyval usage)

(/usr/share/texlive/texmf-dist/tex/latex/koma-script/scrbase.sty
Package: scrbase 2012/05/15 v3.11 KOMA-Script package (KOMA-Script-independent 
basics and keyval usage)

(/usr/share/texlive/texmf-dist/tex/latex/graphics/keyval.sty
Package: keyval 1999/03/16 v1.13 key=value parser (DPC)
\KV@toks@=\toks14
)
(/usr/share/texlive/texmf-dist/tex/latex/koma-script/scrlfile.sty
Package: scrlfile 2011/03/09 v3.09 KOMA-Script package (loading files)

Package scrlfile, 2011/03/09 v3.09 KOMA-Script package (loading files)
                  Copyright (C) Markus Kohm

))) (/usr/share/texlive/texmf-dist/tex/latex/koma-script/tocbasic.sty
Package: tocbasic 2012/04/04 v3.10b KOMA-Script package (handling toc-files)
)
Package tocbasic Info: omitting babel extension for `toc'
(tocbasic)             because of feature `nobabel' available
(tocbasic)             for `toc' on input line 117.
Package tocbasic Info: omitting babel extension for `lof'
(tocbasic)             because of feature `nobabel' available
(tocbasic)             for `lof' on input line 118.
Package tocbasic Info: omitting babel extension for `lot'
(tocbasic)             because of feature `nobabel' available
(tocbasic)             for `lot' on input line 119.

(/usr/share/texlive/texmf-dist/tex/latex/base/fleqn.clo
File: fleqn.clo 1998/08/17 v1.1c Standard LaTeX option (flush left equations)
\mathindent=\dimen102
)
Class scrbook Info: You've used standard option `openany'.
(scrbook)           This is correct!
(scrbook)           Internally I'm using `open=any'.
(scrbook)           If you'd like to set the option with \KOMAoptions,
(scrbook)           you'd have to use `open=any' there
(scrbook)           instead of `openany', too.
Class scrbook Info: File `scrsize11pt.clo' used instead of
(scrbook)           file `scrsize11.clo' to setup font sizes on input line 1366
.

(/usr/share/texlive/texmf-dist/tex/latex/koma-script/scrsize11pt.clo
File: scrsize11pt.clo 2012/05/15 v3.11 KOMA-Script font size class option (11pt
)
)
(/usr/share/texlive/texmf-dist/tex/latex/koma-script/typearea.sty
Package: typearea 2012/05/15 v3.11 KOMA-Script package (type area)

Package typearea, 2012/05/15 v3.11 KOMA-Script package (type area)
                  Copyright (C) Frank Neukam, 1992-1994
                  Copyright (C) Markus Kohm, 1994-

\ta@bcor=\skip41
\ta@div=\count79
Package typearea Info: You've used standard option `letterpaper'.
(typearea)             This is correct!
(typearea)             Internally I'm using `paper=letter'.
(typearea)             If you'd like to set the option with \KOMAoptions,
(typearea)             you'd have to use `paper=letter' there
(typearea)             instead of `letterpaper', too.
\ta@hblk=\skip42
\ta@vblk=\skip43
\ta@temp=\skip44
Package typearea Info: These are the values describing the layout:
(typearea)             DIV  = 10
(typearea)             BCOR = 0.0pt
(typearea)             \paperwidth      = 614.295pt
(typearea)              \textwidth      = 430.00653pt
(typearea)              DIV departure   = -9%
(typearea)              \evensidemargin = 50.58899pt
(typearea)              \oddsidemargin  = -10.8405pt
(typearea)             \paperheight     = 794.96999pt
(typearea)              \textheight     = 568.60025pt
(typearea)              \topmargin      = -30.173pt
(typearea)              \headheight     = 17.0pt
(typearea)              \headsep        = 20.40001pt
(typearea)              \topskip        = 11.0pt
(typearea)              \footskip       = 47.60002pt
(typearea)              \baselineskip   = 13.6pt
(typearea)              on input line 1211.
)
\c@part=\count80
\c@chapter=\count81
\c@section=\count82
\c@subsection=\count83
\c@subsubsection=\count84
\c@paragraph=\count85
\c@subparagraph=\count86
\abovecaptionskip=\skip45
\belowcaptionskip=\skip46
\c@pti@nb@sid@b@x=\box26
\c@figure=\count87
\c@table=\count88
\bibindent=\dimen103
) (/usr/share/texlive/texmf-dist/tex/latex/base/fontenc.sty
Package: fontenc 2005/09/27 v1.99g Standard LaTeX package
)
(/usr/share/texlive/texmf-dist/tex/latex/base/inputenc.sty
Package: inputenc 2008/03/30 v1.1d Input encoding file
\inpenc@prehook=\toks15
\inpenc@posthook=\toks16

(/usr/share/texlive/texmf-dist/tex/latex/base/latin1.def
File: latin1.def 2008/03/30 v1.1d Input encoding file
))
(/usr/share/texlive/texmf-dist/tex/generic/babel/babel.sty
Package: babel 2008/07/08 v3.8m The Babel package

(/usr/share/texlive/texmf-dist/tex/generic/babel/spanish.ldf
Language: spanish.ldf 2011/10/06 v5.0k Spanish support from the babel system

(/usr/share/texlive/texmf-dist/tex/generic/babel/babel.def
File: babel.def 2008/07/08 v3.8m Babel common definitions
\babel@savecnt=\count89
\U@D=\dimen104
)

Package babel Warning: No hyphenation patterns were loaded for
(babel)                the language `Spanish'
(babel)                I will use the patterns loaded for \language=0 instead.

\l@spanish = a dialect from \language0
\es@datefmt=\count90
\es@quottoks=\toks17
\es@quotdepth=\count91
)) (/usr/share/texlive/texmf-dist/tex/latex/appendix/appendix.sty
Package: appendix 2009/09/02 v1.2b extra appendix facilities
\c@@pps=\count92
\c@@ppsavesec=\count93
\c@@ppsaveapp=\count94
)
(/usr/share/texlive/texmf-dist/tex/latex/graphics/color.sty
Package: color 2005/11/14 v1.0j Standard LaTeX Color (DPC)

(/usr/share/texlive/texmf-dist/tex/latex/latexconfig/color.cfg
File: color.cfg 2007/01/18 v1.5 color configuration of teTeX/TeXLive
)
Package color Info: Driver file: pdftex.def on input line 130.

(/usr/share/texlive/texmf-dist/tex/latex/pdftex-def/pdftex.def
File: pdftex.def 2011/05/27 v0.06d Graphics/color for pdfTeX

(/usr/share/texlive/texmf-dist/tex/generic/oberdiek/infwarerr.sty
Package: infwarerr 2010/04/08 v1.3 Providing info/warning/error messages (HO)
)
(/usr/share/texlive/texmf-dist/tex/generic/oberdiek/ltxcmds.sty
Package: ltxcmds 2011/11/09 v1.22 LaTeX kernel commands for general use (HO)
)
\Gread@gobject=\count95
)
(/usr/share/texlive/texmf-dist/tex/latex/graphics/dvipsnam.def
File: dvipsnam.def 1999/02/16 v3.0i Driver-dependant file (DPC,SPQR)
))
(/usr/share/texmf/tex/latex/pgf/frontendlayer/tikz.sty
(/usr/share/texmf/tex/latex/pgf/basiclayer/pgf.sty
(/usr/share/texmf/tex/latex/pgf/utilities/pgfrcs.sty
(/usr/share/texmf/tex/generic/pgf/utilities/pgfutil-common.tex
\pgfutil@everybye=\toks18
)
(/usr/share/texmf/tex/generic/pgf/utilities/pgfutil-latex.def
\pgfutil@abb=\box27

(/usr/share/texlive/texmf-dist/tex/latex/ms/everyshi.sty
Package: everyshi 2001/05/15 v3.00 EveryShipout Package (MS)
))
(/usr/share/texmf/tex/generic/pgf/utilities/pgfrcs.code.tex
Package: pgfrcs 2010/10/25 v2.10 (rcs-revision 1.24)
))
Package: pgf 2008/01/15 v2.10 (rcs-revision 1.12)

(/usr/share/texmf/tex/latex/pgf/basiclayer/pgfcore.sty
(/usr/share/texlive/texmf-dist/tex/latex/graphics/graphicx.sty
Package: graphicx 1999/02/16 v1.0f Enhanced LaTeX Graphics (DPC,SPQR)

(/usr/share/texlive/texmf-dist/tex/latex/graphics/graphics.sty
Package: graphics 2009/02/05 v1.0o Standard LaTeX Graphics (DPC,SPQR)

(/usr/share/texlive/texmf-dist/tex/latex/graphics/trig.sty
Package: trig 1999/03/16 v1.09 sin cos tan (DPC)
)
(/usr/share/texlive/texmf-dist/tex/latex/latexconfig/graphics.cfg
File: graphics.cfg 2010/04/23 v1.9 graphics configuration of TeX Live
)
Package graphics Info: Driver file: pdftex.def on input line 91.
)
\Gin@req@height=\dimen105
\Gin@req@width=\dimen106
)
(/usr/share/texmf/tex/latex/pgf/systemlayer/pgfsys.sty
(/usr/share/texmf/tex/generic/pgf/systemlayer/pgfsys.code.tex
Package: pgfsys 2010/06/30 v2.10 (rcs-revision 1.37)

(/usr/share/texmf/tex/generic/pgf/utilities/pgfkeys.code.tex
\pgfkeys@pathtoks=\toks19
\pgfkeys@temptoks=\toks20

(/usr/share/texmf/tex/generic/pgf/utilities/pgfkeysfiltered.code.tex
\pgfkeys@tmptoks=\toks21
))
\pgf@x=\dimen107
\pgf@y=\dimen108
\pgf@xa=\dimen109
\pgf@ya=\dimen110
\pgf@xb=\dimen111
\pgf@yb=\dimen112
\pgf@xc=\dimen113
\pgf@yc=\dimen114
\w@pgf@writea=\write3
\r@pgf@reada=\read1
\c@pgf@counta=\count96
\c@pgf@countb=\count97
\c@pgf@countc=\count98
\c@pgf@countd=\count99

(/usr/share/texmf/tex/generic/pgf/systemlayer/pgf.cfg
File: pgf.cfg 2008/05/14  (rcs-revision 1.7)
)
Package pgfsys Info: Driver file for pgf: pgfsys-pdftex.def on input line 900.

(/usr/share/texmf/tex/generic/pgf/systemlayer/pgfsys-pdftex.def
File: pgfsys-pdftex.def 2009/05/22  (rcs-revision 1.26)

(/usr/share/texmf/tex/generic/pgf/systemlayer/pgfsys-common-pdf.def
File: pgfsys-common-pdf.def 2008/05/19  (rcs-revision 1.10)
)))
(/usr/share/texmf/tex/generic/pgf/systemlayer/pgfsyssoftpath.code.tex
File: pgfsyssoftpath.code.tex 2008/07/18  (rcs-revision 1.7)
\pgfsyssoftpath@smallbuffer@items=\count100
\pgfsyssoftpath@bigbuffer@items=\count101
)
(/usr/share/texmf/tex/generic/pgf/systemlayer/pgfsysprotocol.code.tex
File: pgfsysprotocol.code.tex 2006/10/16  (rcs-revision 1.4)
))
(/usr/share/texmf/tex/latex/xcolor/xcolor.sty
Package: xcolor 2007/01/21 v2.11 LaTeX color extensions (UK)

(/usr/share/texlive/texmf-dist/tex/latex/latexconfig/color.cfg
File: color.cfg 2007/01/18 v1.5 color configuration of teTeX/TeXLive
)
Package xcolor Info: Driver file: pdftex.def on input line 225.
LaTeX Info: Redefining \color on input line 702.
Package xcolor Info: Model `cmy' substituted by `cmy0' on input line 1337.
Package xcolor Info: Model `hsb' substituted by `rgb' on input line 1341.
Package xcolor Info: Model `RGB' extended on input line 1353.
Package xcolor Info: Model `HTML' substituted by `rgb' on input line 1355.
Package xcolor Info: Model `Hsb' substituted by `hsb' on input line 1356.
Package xcolor Info: Model `tHsb' substituted by `hsb' on input line 1357.
Package xcolor Info: Model `HSB' substituted by `hsb' on input line 1358.
Package xcolor Info: Model `Gray' substituted by `gray' on input line 1359.
Package xcolor Info: Model `wave' substituted by `hsb' on input line 1360.
)
(/usr/share/texmf/tex/generic/pgf/basiclayer/pgfcore.code.tex
Package: pgfcore 2010/04/11 v2.10 (rcs-revision 1.7)

(/usr/share/texmf/tex/generic/pgf/math/pgfmath.code.tex
(/usr/share/texmf/tex/generic/pgf/math/pgfmathcalc.code.tex
(/usr/share/texmf/tex/generic/pgf/math/pgfmathutil.code.tex)
(/usr/share/texmf/tex/generic/pgf/math/pgfmathparser.code.tex
\pgfmath@dimen=\dimen115
\pgfmath@count=\count102
\pgfmath@box=\box28
\pgfmath@toks=\toks22
\pgfmath@stack@operand=\toks23
\pgfmath@stack@operation=\toks24
)
(/usr/share/texmf/tex/generic/pgf/math/pgfmathfunctions.code.tex
(/usr/share/texmf/tex/generic/pgf/math/pgfmathfunctions.basic.code.tex)
(/usr/share/texmf/tex/generic/pgf/math/pgfmathfunctions.trigonometric.code.tex)
(/usr/share/texmf/tex/generic/pgf/math/pgfmathfunctions.random.code.tex)
(/usr/share/texmf/tex/generic/pgf/math/pgfmathfunctions.comparison.code.tex)
(/usr/share/texmf/tex/generic/pgf/math/pgfmathfunctions.base.code.tex)
(/usr/share/texmf/tex/generic/pgf/math/pgfmathfunctions.round.code.tex)
(/usr/share/texmf/tex/generic/pgf/math/pgfmathfunctions.misc.code.tex)))
(/usr/share/texmf/tex/generic/pgf/math/pgfmathfloat.code.tex
\c@pgfmathroundto@lastzeros=\count103
))
(/usr/share/texmf/tex/generic/pgf/basiclayer/pgfcorepoints.code.tex
File: pgfcorepoints.code.tex 2010/04/09  (rcs-revision 1.20)
\pgf@picminx=\dimen116
\pgf@picmaxx=\dimen117
\pgf@picminy=\dimen118
\pgf@picmaxy=\dimen119
\pgf@pathminx=\dimen120
\pgf@pathmaxx=\dimen121
\pgf@pathminy=\dimen122
\pgf@pathmaxy=\dimen123
\pgf@xx=\dimen124
\pgf@xy=\dimen125
\pgf@yx=\dimen126
\pgf@yy=\dimen127
\pgf@zx=\dimen128
\pgf@zy=\dimen129
)
(/usr/share/texmf/tex/generic/pgf/basiclayer/pgfcorepathconstruct.code.tex
File: pgfcorepathconstruct.code.tex 2010/08/03  (rcs-revision 1.24)
\pgf@path@lastx=\dimen130
\pgf@path@lasty=\dimen131
)
(/usr/share/texmf/tex/generic/pgf/basiclayer/pgfcorepathusage.code.tex
File: pgfcorepathusage.code.tex 2008/04/22  (rcs-revision 1.12)
\pgf@shorten@end@additional=\dimen132
\pgf@shorten@start@additional=\dimen133
)
(/usr/share/texmf/tex/generic/pgf/basiclayer/pgfcorescopes.code.tex
File: pgfcorescopes.code.tex 2010/09/08  (rcs-revision 1.34)
\pgfpic=\box29
\pgf@hbox=\box30
\pgf@layerbox@main=\box31
\pgf@picture@serial@count=\count104
)
(/usr/share/texmf/tex/generic/pgf/basiclayer/pgfcoregraphicstate.code.tex
File: pgfcoregraphicstate.code.tex 2008/04/22  (rcs-revision 1.9)
\pgflinewidth=\dimen134
)
(/usr/share/texmf/tex/generic/pgf/basiclayer/pgfcoretransformations.code.tex
File: pgfcoretransformations.code.tex 2009/06/10  (rcs-revision 1.11)
\pgf@pt@x=\dimen135
\pgf@pt@y=\dimen136
\pgf@pt@temp=\dimen137
)
(/usr/share/texmf/tex/generic/pgf/basiclayer/pgfcorequick.code.tex
File: pgfcorequick.code.tex 2008/10/09  (rcs-revision 1.3)
)
(/usr/share/texmf/tex/generic/pgf/basiclayer/pgfcoreobjects.code.tex
File: pgfcoreobjects.code.tex 2006/10/11  (rcs-revision 1.2)
)
(/usr/share/texmf/tex/generic/pgf/basiclayer/pgfcorepathprocessing.code.tex
File: pgfcorepathprocessing.code.tex 2008/10/09  (rcs-revision 1.8)
)
(/usr/share/texmf/tex/generic/pgf/basiclayer/pgfcorearrows.code.tex
File: pgfcorearrows.code.tex 2008/04/23  (rcs-revision 1.11)
)
(/usr/share/texmf/tex/generic/pgf/basiclayer/pgfcoreshade.code.tex
File: pgfcoreshade.code.tex 2008/11/23  (rcs-revision 1.13)
\pgf@max=\dimen138
\pgf@sys@shading@range@num=\count105
)
(/usr/share/texmf/tex/generic/pgf/basiclayer/pgfcoreimage.code.tex
File: pgfcoreimage.code.tex 2010/03/25  (rcs-revision 1.16)

(/usr/share/texmf/tex/generic/pgf/basiclayer/pgfcoreexternal.code.tex
File: pgfcoreexternal.code.tex 2010/09/01  (rcs-revision 1.17)
\pgfexternal@startupbox=\box32
))
(/usr/share/texmf/tex/generic/pgf/basiclayer/pgfcorelayers.code.tex
File: pgfcorelayers.code.tex 2010/08/27  (rcs-revision 1.2)
)
(/usr/share/texmf/tex/generic/pgf/basiclayer/pgfcoretransparency.code.tex
File: pgfcoretransparency.code.tex 2008/01/17  (rcs-revision 1.2)
)
(/usr/share/texmf/tex/generic/pgf/basiclayer/pgfcorepatterns.code.tex
File: pgfcorepatterns.code.tex 2009/07/02  (rcs-revision 1.3)
)))
(/usr/share/texmf/tex/generic/pgf/modules/pgfmoduleshapes.code.tex
File: pgfmoduleshapes.code.tex 2010/09/09  (rcs-revision 1.13)
\pgfnodeparttextbox=\box33
)
(/usr/share/texmf/tex/generic/pgf/modules/pgfmoduleplot.code.tex
File: pgfmoduleplot.code.tex 2010/10/22  (rcs-revision 1.8)
)
(/usr/share/texmf/tex/latex/pgf/compatibility/pgfcomp-version-0-65.sty
Package: pgfcomp-version-0-65 2007/07/03 v2.10 (rcs-revision 1.7)
\pgf@nodesepstart=\dimen139
\pgf@nodesepend=\dimen140
)
(/usr/share/texmf/tex/latex/pgf/compatibility/pgfcomp-version-1-18.sty
Package: pgfcomp-version-1-18 2007/07/23 v2.10 (rcs-revision 1.1)
))
(/usr/share/texmf/tex/latex/pgf/utilities/pgffor.sty
(/usr/share/texmf/tex/latex/pgf/utilities/pgfkeys.sty
(/usr/share/texmf/tex/generic/pgf/utilities/pgfkeys.code.tex))
(/usr/share/texmf/tex/generic/pgf/utilities/pgffor.code.tex
Package: pgffor 2010/03/23 v2.10 (rcs-revision 1.18)
\pgffor@iter=\dimen141
\pgffor@skip=\dimen142
\pgffor@stack=\toks25
\pgffor@toks=\toks26
))
(/usr/share/texmf/tex/generic/pgf/frontendlayer/tikz/tikz.code.tex
Package: tikz 2010/10/13 v2.10 (rcs-revision 1.76)

(/usr/share/texmf/tex/generic/pgf/libraries/pgflibraryplothandlers.code.tex
File: pgflibraryplothandlers.code.tex 2010/05/31 v2.10 (rcs-revision 1.15)
\pgf@plot@mark@count=\count106
\pgfplotmarksize=\dimen143
)
\tikz@lastx=\dimen144
\tikz@lasty=\dimen145
\tikz@lastxsaved=\dimen146
\tikz@lastysaved=\dimen147
\tikzleveldistance=\dimen148
\tikzsiblingdistance=\dimen149
\tikz@figbox=\box34
\tikz@tempbox=\box35
\tikztreelevel=\count107
\tikznumberofchildren=\count108
\tikznumberofcurrentchild=\count109
\tikz@fig@count=\count110

(/usr/share/texmf/tex/generic/pgf/modules/pgfmodulematrix.code.tex
File: pgfmodulematrix.code.tex 2010/08/24  (rcs-revision 1.4)
\pgfmatrixcurrentrow=\count111
\pgfmatrixcurrentcolumn=\count112
\pgf@matrix@numberofcolumns=\count113
)
\tikz@expandcount=\count114

(/usr/share/texmf/tex/generic/pgf/frontendlayer/tikz/libraries/tikzlibrarytopat
hs.code.tex
File: tikzlibrarytopaths.code.tex 2008/06/17 v2.10 (rcs-revision 1.2)
)))
(/usr/share/texmf/tex/generic/pgf/frontendlayer/tikz/libraries/tikzlibraryarrow
s.code.tex
File: tikzlibraryarrows.code.tex 2008/01/09 v2.10 (rcs-revision 1.1)

(/usr/share/texmf/tex/generic/pgf/libraries/pgflibraryarrows.code.tex
File: pgflibraryarrows.code.tex 2008/10/27 v2.10 (rcs-revision 1.9)
\arrowsize=\dimen150
))
(/usr/share/texmf/tex/generic/pgf/frontendlayer/tikz/libraries/tikzlibraryshape
s.code.tex
File: tikzlibraryshapes.code.tex 2008/01/09 v2.10 (rcs-revision 1.1)

(/usr/share/texmf/tex/generic/pgf/frontendlayer/tikz/libraries/tikzlibraryshape
s.geometric.code.tex
File: tikzlibraryshapes.geometric.code.tex 2008/01/09 v2.10 (rcs-revision 1.1)

(/usr/share/texmf/tex/generic/pgf/libraries/shapes/pgflibraryshapes.geometric.c
ode.tex
File: pgflibraryshapes.geometric.code.tex 2008/06/26 v2.10 (rcs-revision 1.1)
))
(/usr/share/texmf/tex/generic/pgf/frontendlayer/tikz/libraries/tikzlibraryshape
s.misc.code.tex
File: tikzlibraryshapes.misc.code.tex 2008/01/09 v2.10 (rcs-revision 1.1)

(/usr/share/texmf/tex/generic/pgf/libraries/shapes/pgflibraryshapes.misc.code.t
ex
File: pgflibraryshapes.misc.code.tex 2008/10/07 v2.10 (rcs-revision 1.3)
))
(/usr/share/texmf/tex/generic/pgf/frontendlayer/tikz/libraries/tikzlibraryshape
s.symbols.code.tex
File: tikzlibraryshapes.symbols.code.tex 2008/01/09 v2.10 (rcs-revision 1.1)

(/usr/share/texmf/tex/generic/pgf/libraries/shapes/pgflibraryshapes.symbols.cod
e.tex
File: pgflibraryshapes.symbols.code.tex 2009/10/27 v2.10 (rcs-revision 1.3)
))
(/usr/share/texmf/tex/generic/pgf/frontendlayer/tikz/libraries/tikzlibraryshape
s.arrows.code.tex
File: tikzlibraryshapes.arrows.code.tex 2008/01/09 v2.10 (rcs-revision 1.1)

(/usr/share/texmf/tex/generic/pgf/libraries/shapes/pgflibraryshapes.arrows.code
.tex
File: pgflibraryshapes.arrows.code.tex 2008/06/26 v2.10 (rcs-revision 1.1)
))
(/usr/share/texmf/tex/generic/pgf/frontendlayer/tikz/libraries/tikzlibraryshape
s.callouts.code.tex
(/usr/share/texmf/tex/generic/pgf/libraries/shapes/pgflibraryshapes.callouts.co
de.tex))
(/usr/share/texmf/tex/generic/pgf/frontendlayer/tikz/libraries/tikzlibraryshape
s.multipart.code.tex
File: tikzlibraryshapes.multipart.code.tex 2008/01/09 v2.10 (rcs-revision 1.1)

(/usr/share/texmf/tex/generic/pgf/libraries/shapes/pgflibraryshapes.multipart.c
ode.tex
File: pgflibraryshapes.multipart.code.tex 2010/01/07 v2.10 (rcs-revision 1.2)
\pgfnodepartlowerbox=\box36
\pgfnodeparttwobox=\box37
\pgfnodepartthreebox=\box38
\pgfnodepartfourbox=\box39
\pgfnodeparttwentybox=\box40
\pgfnodepartnineteenbox=\box41
\pgfnodeparteighteenbox=\box42
\pgfnodepartseventeenbox=\box43
\pgfnodepartsixteenbox=\box44
\pgfnodepartfifteenbox=\box45
\pgfnodepartfourteenbox=\box46
\pgfnodepartthirteenbox=\box47
\pgfnodeparttwelvebox=\box48
\pgfnodepartelevenbox=\box49
\pgfnodeparttenbox=\box50
\pgfnodepartninebox=\box51
\pgfnodeparteightbox=\box52
\pgfnodepartsevenbox=\box53
\pgfnodepartsixbox=\box54
\pgfnodepartfivebox=\box55
)))
(/usr/share/texmf/tex/generic/pgf/frontendlayer/tikz/libraries/tikzlibraryposit
ioning.code.tex
File: tikzlibrarypositioning.code.tex 2008/10/06 v2.10 (rcs-revision 1.7)
)
(/usr/share/texmf/tex/generic/pgf/frontendlayer/tikz/libraries/tikzlibrarypatte
rns.code.tex
File: tikzlibrarypatterns.code.tex 2008/01/15 v2.10 (rcs-revision 1.2)

(/usr/share/texmf/tex/generic/pgf/libraries/pgflibrarypatterns.code.tex
File: pgflibrarypatterns.code.tex 2008/03/03 v2.10 (rcs-revision 1.13)
))
(/usr/share/texlive/texmf-dist/tex/latex/colortbl/colortbl.sty
Package: colortbl 2012/02/13 v1.0a Color table columns (DPC)

(/usr/share/texlive/texmf-dist/tex/latex/tools/array.sty
Package: array 2008/09/09 v2.4c Tabular extension package (FMi)
\col@sep=\dimen151
\extrarowheight=\dimen152
\NC@list=\toks27
\extratabsurround=\skip47
\backup@length=\skip48
)
\everycr=\toks28
\minrowclearance=\skip49
)
(/usr/share/texmf/tex/generic/pgf/frontendlayer/tikz/libraries/tikzlibrarysnake
s.code.tex
File: tikzlibrarysnakes.code.tex 2008/02/05 v2.10 (rcs-revision 1.6)


Package tikz Warning: Snakes have been superseded by decorations. Please use th
e decoration libraries instead of the snakes library on input line 14.


(/usr/share/texmf/tex/generic/pgf/frontendlayer/tikz/libraries/tikzlibrarydecor
ations.pathmorphing.code.tex
(/usr/share/texmf/tex/generic/pgf/frontendlayer/tikz/libraries/tikzlibrarydecor
ations.code.tex
(/usr/share/texmf/tex/generic/pgf/modules/pgfmoduledecorations.code.tex
\pgfdecoratedcompleteddistance=\dimen153
\pgfdecoratedremainingdistance=\dimen154
\pgfdecoratedinputsegmentcompleteddistance=\dimen155
\pgfdecoratedinputsegmentremainingdistance=\dimen156
\pgf@decorate@distancetomove=\dimen157
\pgf@decorate@repeatstate=\count115
\pgfdecorationsegmentamplitude=\dimen158
\pgfdecorationsegmentlength=\dimen159
)
\tikz@lib@dec@box=\box56
)
(/usr/share/texmf/tex/generic/pgf/libraries/decorations/pgflibrarydecorations.p
athmorphing.code.tex))
(/usr/share/texmf/tex/generic/pgf/frontendlayer/tikz/libraries/tikzlibrarydecor
ations.pathreplacing.code.tex
(/usr/share/texmf/tex/generic/pgf/libraries/decorations/pgflibrarydecorations.p
athreplacing.code.tex))
(/usr/share/texmf/tex/generic/pgf/frontendlayer/tikz/libraries/tikzlibrarydecor
ations.shapes.code.tex
(/usr/share/texmf/tex/generic/pgf/libraries/decorations/pgflibrarydecorations.s
hapes.code.tex)))
(/usr/share/texmf/tex/generic/pgf/frontendlayer/tikz/libraries/tikzlibraryautom
ata.code.tex
File: tikzlibraryautomata.code.tex 2008/07/14 v2.10 (rcs-revision 1.3)
)
(/usr/share/texmf/tex/generic/pgf/frontendlayer/tikz/libraries/tikzlibrarybackg
rounds.code.tex
File: tikzlibrarybackgrounds.code.tex 2010/02/08 v2.10 (rcs-revision 1.2)
\pgf@layerbox@background=\box57
\pgf@layerboxsaved@background=\box58
)
(/usr/share/texmf/tex/generic/pgf/frontendlayer/tikz/libraries/tikzlibrarypetri
.code.tex
File: tikzlibrarypetri.code.tex 2008/06/18 v2.10 (rcs-revision 1.2)
) (/usr/share/texlive/texmf-dist/tex/latex/psnfss/times.sty
Package: times 2005/04/12 PSNFSS-v9.2a (SPQR) 
)
(/usr/share/texlive/texmf-dist/tex/latex/tools/multicol.sty
Package: multicol 2011/06/27 v1.7a multicolumn formatting (FMi)
\c@tracingmulticols=\count116
\mult@box=\box59
\multicol@leftmargin=\dimen160
\c@unbalance=\count117
\c@collectmore=\count118
\doublecol@number=\count119
\multicoltolerance=\count120
\multicolpretolerance=\count121
\full@width=\dimen161
\page@free=\dimen162
\premulticols=\dimen163
\postmulticols=\dimen164
\multicolsep=\skip50
\multicolbaselineskip=\skip51
\partial@page=\box60
\last@line=\box61
\mult@rightbox=\box62
\mult@grightbox=\box63
\mult@gfirstbox=\box64
\mult@firstbox=\box65
\@tempa=\box66
\@tempa=\box67
\@tempa=\box68
\@tempa=\box69
\@tempa=\box70
\@tempa=\box71
\@tempa=\box72
\@tempa=\box73
\@tempa=\box74
\@tempa=\box75
\@tempa=\box76
\@tempa=\box77
\@tempa=\box78
\@tempa=\box79
\@tempa=\box80
\@tempa=\box81
\@tempa=\box82
\c@columnbadness=\count122
\c@finalcolumnbadness=\count123
\last@try=\dimen165
\multicolovershoot=\dimen166
\multicolundershoot=\dimen167
\mult@nat@firstbox=\box83
\colbreak@box=\box84
\multicol@sort@counter=\count124
)
(/usr/share/texlive/texmf-dist/tex/latex/multirow/multirow.sty
\bigstrutjot=\dimen168
)
(/usr/share/texlive/texmf-dist/tex/latex/pdfpages/pdfpages.sty
Package: pdfpages 2012/04/03 v0.4s Insert pages of external PDF documents (AM)

(/usr/share/texlive/texmf-dist/tex/latex/base/ifthen.sty
Package: ifthen 2001/05/26 v1.1c Standard LaTeX ifthen package (DPC)
)
(/usr/share/texlive/texmf-dist/tex/latex/tools/calc.sty
Package: calc 2007/08/22 v4.3 Infix arithmetic (KKT,FJ)
\calc@Acount=\count125
\calc@Bcount=\count126
\calc@Adimen=\dimen169
\calc@Bdimen=\dimen170
\calc@Askip=\skip52
\calc@Bskip=\skip53
LaTeX Info: Redefining \setlength on input line 76.
LaTeX Info: Redefining \addtolength on input line 77.
\calc@Ccount=\count127
\calc@Cskip=\skip54
)
(/usr/share/texlive/texmf-dist/tex/latex/eso-pic/eso-pic.sty
Package: eso-pic 2010/10/06 v2.0c eso-pic (RN)

(/usr/share/texlive/texmf-dist/tex/generic/oberdiek/atbegshi.sty
Package: atbegshi 2011/10/05 v1.16 At begin shipout hook (HO)

(/usr/share/texlive/texmf-dist/tex/generic/oberdiek/ifpdf.sty
Package: ifpdf 2011/01/30 v2.3 Provides the ifpdf switch (HO)
Package ifpdf Info: pdfTeX in PDF mode is detected.
)))
(/usr/share/texlive/texmf-dist/tex/latex/pdfpages/pppdftex.def
File: pppdftex.def 2012/04/03 v0.4s Pdfpages driver for pdfTeX (AM)
)
\AM@pagebox=\box85
\AM@toc@title=\toks29
\c@AM@survey=\count128
\AM@templatesizebox=\box86
)
(/usr/share/texlive/texmf-dist/tex/latex/listings/listings.sty
\lst@mode=\count129
\lst@gtempboxa=\box87
\lst@token=\toks30
\lst@length=\count130
\lst@currlwidth=\dimen171
\lst@column=\count131
\lst@pos=\count132
\lst@lostspace=\dimen172
\lst@width=\dimen173
\lst@newlines=\count133
\lst@lineno=\count134
\lst@maxwidth=\dimen174

(/usr/share/texlive/texmf-dist/tex/latex/listings/lstmisc.sty
File: lstmisc.sty 2007/02/22 1.4 (Carsten Heinz)
\c@lstnumber=\count135
\lst@skipnumbers=\count136
\lst@framebox=\box88
)
(/usr/share/texlive/texmf-dist/tex/latex/listings/listings.cfg
File: listings.cfg 2007/02/22 1.4 listings configuration
))
Package: listings 2007/02/22 1.4 (Carsten Heinz)

(/usr/share/texlive/texmf-dist/tex/latex/listings/lstlang1.sty
File: lstlang1.sty 2004/09/05 1.3 listings language file
)
(/usr/share/texlive/texmf-dist/tex/latex/listings/lstmisc.sty
File: lstmisc.sty 2007/02/22 1.4 (Carsten Heinz)
)
(/usr/share/texlive/texmf-dist/tex/latex/fancyhdr/fancyhdr.sty
\fancy@headwidth=\skip55
\f@ncyO@elh=\skip56
\f@ncyO@erh=\skip57
\f@ncyO@olh=\skip58
\f@ncyO@orh=\skip59
\f@ncyO@elf=\skip60
\f@ncyO@erf=\skip61
\f@ncyO@olf=\skip62
\f@ncyO@orf=\skip63
)
(/usr/share/texlive/texmf-dist/tex/latex/glossaries/base/glossaries.sty
Package: glossaries 2012/05/21 v3.02 (NLCT)

(/usr/share/texlive/texmf-dist/tex/latex/xkeyval/xkeyval.sty
Package: xkeyval 2008/08/13 v2.6a package option processing (HA)

(/usr/share/texlive/texmf-dist/tex/generic/xkeyval/xkeyval.tex
\XKV@toks=\toks31
\XKV@tempa@toks=\toks32
\XKV@depth=\count137
File: xkeyval.tex 2008/08/13 v2.6a key=value parser (HA)
))
(/usr/share/texlive/texmf-dist/tex/latex/glossaries/base/mfirstuc.sty
Package: mfirstuc 2012/05/21 v1.06 (NLCT)

(/usr/share/texlive/texmf-dist/tex/latex/etoolbox/etoolbox.sty
Package: etoolbox 2011/01/03 v2.1 e-TeX tools for LaTeX

(/usr/share/texlive/texmf-dist/tex/latex/etex-pkg/etex.sty
Package: etex 1998/03/26 v2.0 eTeX basic definition package (PEB)
\et@xins=\count138
)
\etb@tempcnta=\count139
)
\@glsmfirst=\toks33
\@glsmrest=\toks34
)
(/usr/share/texlive/texmf-dist/tex/latex/xfor/xfor.sty
Package: xfor 2009/02/05 v1.05 (NLCT)
)
(/usr/share/texlive/texmf-dist/tex/latex/amsmath/amsgen.sty
File: amsgen.sty 1999/11/30 v2.0
\@emptytoks=\toks35
\ex@=\dimen175
)
(/usr/share/texmf/tex/latex/beamer/base/translator/translator.sty
Package: translator 2010/06/12 ver 1.10

(/usr/share/texmf/tex/latex/beamer/base/translator/translator-language-mappings
.tex))
\gls@level=\count140
\@gls@tmpb=\toks36
\gls@tmplen=\skip64
\glswrite=\write4
\glskeylisttok=\toks37
\glslabeltok=\toks38
\glsshorttok=\toks39
\glslongtok=\toks40

(/usr/share/texlive/texmf-dist/tex/latex/glossaries/styles/glossary-hypernav.st
y
Package: glossary-hypernav 2007/07/04 v1.01 (NLCT)
) (/usr/share/texlive/texmf-dist/tex/latex/glossaries/styles/glossary-list.sty
Package: glossary-list 2011/03/28 v3.0 (NLCT)
\glslistdottedwidth=\skip65
) (/usr/share/texlive/texmf-dist/tex/latex/glossaries/styles/glossary-long.sty
Package: glossary-long 2011/03/28 v3.0 (NLCT)

(/usr/share/texlive/texmf-dist/tex/latex/tools/longtable.sty
Package: longtable 2004/02/01 v4.11 Multi-page Table package (DPC)
\LTleft=\skip66
\LTright=\skip67
\LTpre=\skip68
\LTpost=\skip69
\LTchunksize=\count141
\LTcapwidth=\dimen176
\LT@head=\box89
\LT@firsthead=\box90
\LT@foot=\box91
\LT@lastfoot=\box92
\LT@cols=\count142
\LT@rows=\count143
\c@LT@tables=\count144
\c@LT@chunks=\count145
\LT@p@ftn=\toks41
)
Class scrbook Info: longtable captions redefined on input line 43.
\glsdescwidth=\skip70
\glspagelistwidth=\skip71
)
(/usr/share/texlive/texmf-dist/tex/latex/glossaries/styles/glossary-super.sty
Package: glossary-super 2011/03/28 v3.0 (NLCT)

(/usr/share/texlive/texmf-dist/tex/latex/supertabular/supertabular.sty
Package: supertabular 2004/02/20 v4.1e the supertabular environment
\c@tracingst=\count146
\ST@wd=\dimen177
\ST@rightskip=\skip72
\ST@leftskip=\skip73
\ST@parfillskip=\skip74
\ST@pageleft=\dimen178
\ST@headht=\dimen179
\ST@tailht=\dimen180
\ST@pagesofar=\dimen181
\ST@pboxht=\dimen182
\ST@lineht=\dimen183
\ST@stretchht=\dimen184
\ST@prevht=\dimen185
\ST@toadd=\dimen186
\ST@dimen=\dimen187
\ST@pbox=\box93
))
(/usr/share/texlive/texmf-dist/tex/latex/glossaries/styles/glossary-tree.sty
Package: glossary-tree 2011/03/28 v3.0 (NLCT)
\glstreeindent=\skip75
))
(/usr/share/texlive/texmf-dist/tex/latex/float/float.sty
Package: float 2001/11/08 v1.3d Float enhancements (AL)
\c@float@type=\count147
\float@exts=\toks42
\float@box=\box94
\@float@everytoks=\toks43
\@floatcapt=\box95
)
(/usr/share/texlive/texmf-dist/tex/latex/rotating/rotating.sty
Package: rotating 2009/03/28 v2.16a rotated objects in LaTeX
\c@r@tfl@t=\count148
\rotFPtop=\skip76
\rotFPbot=\skip77
\rot@float@box=\box96
\rot@mess@toks=\toks44
)
(/usr/share/texlive/texmf-dist/tex/latex/subfigure/subfigure.sty
Package: subfigure 2002/03/15 v2.1.5 subfigure package
\subfigtopskip=\skip78
\subfigcapskip=\skip79
\subfigcaptopadj=\dimen188
\subfigbottomskip=\skip80
\subfigcapmargin=\dimen189
\subfiglabelskip=\skip81
\c@subfigure=\count149
\c@lofdepth=\count150
\c@subtable=\count151
\c@lotdepth=\count152

****************************************
* Local config file subfigure.cfg used *
****************************************
(/usr/share/texlive/texmf-dist/tex/latex/subfigure/subfigure.cfg)
\subfig@top=\skip82
\subfig@bottom=\skip83
)
(/usr/share/texlive/texmf-dist/tex/latex/oberdiek/pdflscape.sty
Package: pdflscape 2008/08/11 v0.10 Display of landscape pages in PDF (HO)

(/usr/share/texlive/texmf-dist/tex/latex/graphics/lscape.sty
Package: lscape 2000/10/22 v3.01 Landscape Pages (DPC)
)
Package pdflscape Info: Auto-detected driver: pdftex on input line 80.

(/usr/share/texlive/texmf-dist/tex/generic/ifxetex/ifxetex.sty
Package: ifxetex 2010/09/12 v0.6 Provides ifxetex conditional
))
(/usr/share/texlive/texmf-dist/tex/latex/pstricks/pstricks.sty
Package: pstricks 2011/10/31 v0.52 LaTeX wrapper for `PSTricks' (RN,HV)

(/usr/share/texlive/texmf-dist/tex/generic/pstricks/pstricks.tex
(/usr/share/texlive/texmf-dist/tex/generic/xkeyval/pst-xkey.tex
File: pst-xkey.tex 2005/11/25 v1.6 PSTricks specialization of xkeyval (HA)
)
(/usr/share/texlive/texmf-dist/tex/generic/pstricks/pst-fp.tex
`pst-fp' v0.05, 2010/01/17 (hv)
\pstFP@xs=\count153
\pstFP@xia=\count154
\pstFP@xib=\count155
\pstFP@xfa=\count156
\pstFP@xfb=\count157
\pstFP@rega=\count158
\pstFP@regb=\count159
\pstFP@regs=\count160
\pstFP@times=\count161
)
\psLoopIndex=\count162

`PSTricks' v2.29  <2012/06/04> (tvz)
\pst@dima=\dimen190
\pst@dimb=\dimen191
\pst@dimc=\dimen192
\pst@dimd=\dimen193
\pst@dimg=\dimen194
\pst@dimh=\dimen195
\pst@dimm=\dimen196
\pst@dimn=\dimen197
\pst@dimo=\dimen198
\pst@dimp=\dimen199
\pst@hbox=\box97
\pst@ibox=\box98
\pst@boxg=\box99
\pst@cnta=\count163
\pst@cntb=\count164
\pst@cntc=\count165
\pst@cntd=\count166
\pst@cntg=\count167
\pst@cnth=\count168
\pst@cntm=\count169
\pst@cntn=\count170
\pst@cnto=\count171
\pst@cntp=\count172
\@zero=\count173
\pst@toks=\toks45
(/usr/share/texlive/texmf-dist/tex/generic/pstricks/pstricks.con)
\psunit=\dimen200
\psxunit=\dimen201
\psyunit=\dimen202
\pst@C@@rType=\count174
\pslinewidth=\dimen203
\psk@startLW=\dimen204
\psk@endLW=\dimen205
\pst@customdefs=\toks46
\pslinearc=\dimen206
\pst@symbolStep=\dimen207
\pst@symbolWidth=\dimen208
\pst@symbolLinewidth=\dimen209
\everypsbox=\toks47
\psframesep=\dimen210
\pslabelsep=\dimen211
\pst@shift=\dimen212
\theoverlaybox=\box100
)
File: pstricks.tex 2012/06/04 v2.29 `PSTricks' (tvz,hv)

(/usr/share/texlive/texmf-dist/tex/generic/pstricks/pst-fp.tex)
File: pst-fp.tex 2012/06/04 v2.29 `PST-fp' (hv)
)
(/usr/share/texlive/texmf-dist/tex/latex/amsmath/amsmath.sty
Package: amsmath 2000/07/18 v2.13 AMS math features
\@mathmargin=\skip84

For additional information on amsmath, use the `?' option.
(/usr/share/texlive/texmf-dist/tex/latex/amsmath/amstext.sty
Package: amstext 2000/06/29 v2.01
)
(/usr/share/texlive/texmf-dist/tex/latex/amsmath/amsbsy.sty
Package: amsbsy 1999/11/29 v1.2d
\pmbraise@=\dimen213
)
(/usr/share/texlive/texmf-dist/tex/latex/amsmath/amsopn.sty
Package: amsopn 1999/12/14 v2.01 operator names
)
\inf@bad=\count175
LaTeX Info: Redefining \frac on input line 211.
\uproot@=\count176
\leftroot@=\count177
LaTeX Info: Redefining \overline on input line 307.
\classnum@=\count178
\DOTSCASE@=\count179
LaTeX Info: Redefining \ldots on input line 379.
LaTeX Info: Redefining \dots on input line 382.
LaTeX Info: Redefining \cdots on input line 467.
\Mathstrutbox@=\box101
\strutbox@=\box102
\big@size=\dimen214
LaTeX Font Info:    Redeclaring font encoding OML on input line 567.
LaTeX Font Info:    Redeclaring font encoding OMS on input line 568.
\macc@depth=\count180
\c@MaxMatrixCols=\count181
\dotsspace@=\muskip10
\c@parentequation=\count182
\dspbrk@lvl=\count183
\tag@help=\toks48
\row@=\count184
\column@=\count185
\maxfields@=\count186
\andhelp@=\toks49
\eqnshift@=\dimen215
\alignsep@=\dimen216
\tagshift@=\dimen217
\tagwidth@=\dimen218
\totwidth@=\dimen219
\lineht@=\dimen220
\@envbody=\toks50
\multlinegap=\skip85
\multlinetaggap=\skip86
\mathdisplay@stack=\toks51
LaTeX Info: Redefining \[ on input line 2666.
LaTeX Info: Redefining \] on input line 2667.
)
(/usr/share/texlive/texmf-dist/tex/latex/amsfonts/amssymb.sty
Package: amssymb 2009/06/22 v3.00

(/usr/share/texlive/texmf-dist/tex/latex/amsfonts/amsfonts.sty
Package: amsfonts 2009/06/22 v3.00 Basic AMSFonts support
\symAMSa=\mathgroup4
\symAMSb=\mathgroup5
LaTeX Font Info:    Overwriting math alphabet `\mathfrak' in version `bold'
(Font)                  U/euf/m/n --> U/euf/b/n on input line 96.
))
(/usr/share/texlive/texmf-dist/tex/latex/base/latexsym.sty
Package: latexsym 1998/08/17 v2.2e Standard LaTeX package (lasy symbols)
\symlasy=\mathgroup6
LaTeX Font Info:    Overwriting symbol font `lasy' in version `bold'
(Font)                  U/lasy/m/n --> U/lasy/b/n on input line 47.
)
(/usr/share/texlive/texmf-dist/tex/latex/tools/bm.sty
Package: bm 2004/02/26 v1.1c Bold Symbol Support (DPC/FMi)
\symboldoperators=\mathgroup7
\symboldletters=\mathgroup8
\symboldsymbols=\mathgroup9
\symboldlasy=\mathgroup10
LaTeX Font Info:    Redeclaring math alphabet \mathbf on input line 138.
LaTeX Info: Redefining \bm on input line 204.
) (./acronym.tex
\glo@main@file=\write5
\openout5 = `tesis.glo'.

Package glossaries Info: Writing glossary file tesis.glo on input line 1.
\glo@acronym@file=\write6
\openout6 = `tesis.acn'.

Package glossaries Info: Writing glossary file tesis.acn on input line 1.
)
(./tesis.aux
LaTeX Info: Redefining \. on input line 7.
LaTeX Info: Redefining \% on input line 7.
)
\openout1 = `tesis.aux'.

LaTeX Font Info:    Checking defaults for OML/cmm/m/it on input line 107.
LaTeX Font Info:    ... okay on input line 107.
LaTeX Font Info:    Checking defaults for T1/cmr/m/n on input line 107.
LaTeX Font Info:    ... okay on input line 107.
LaTeX Font Info:    Checking defaults for OT1/cmr/m/n on input line 107.
LaTeX Font Info:    ... okay on input line 107.
LaTeX Font Info:    Checking defaults for OMS/cmsy/m/n on input line 107.
LaTeX Font Info:    ... okay on input line 107.
LaTeX Font Info:    Checking defaults for OMX/cmex/m/n on input line 107.
LaTeX Font Info:    ... okay on input line 107.
LaTeX Font Info:    Checking defaults for U/cmr/m/n on input line 107.
LaTeX Font Info:    ... okay on input line 107.
LaTeX Font Info:    Try loading font information for OT1+ptm on input line 107.

 (/usr/share/texlive/texmf-dist/tex/latex/psnfss/ot1ptm.fd
File: ot1ptm.fd 2001/06/04 font definitions for OT1/ptm.
)
LaTeX Info: Redefining \. on input line 107.
LaTeX Info: Redefining \% on input line 107.

(/usr/share/texlive/texmf-dist/tex/context/base/supp-pdf.mkii
[Loading MPS to PDF converter (version 2006.09.02).]
\scratchcounter=\count187
\scratchdimen=\dimen221
\scratchbox=\box103
\nofMPsegments=\count188
\nofMParguments=\count189
\everyMPshowfont=\toks52
\MPscratchCnt=\count190
\MPscratchDim=\dimen222
\MPnumerator=\count191
\makeMPintoPDFobject=\count192
\everyMPtoPDFconversion=\toks53
) ABD: EveryShipout initializing macros
(/usr/share/texlive/texmf-dist/tex/generic/oberdiek/pdftexcmds.sty
Package: pdftexcmds 2011/11/29 v0.20 Utility functions of pdfTeX for LuaTeX (HO
)

(/usr/share/texlive/texmf-dist/tex/generic/oberdiek/ifluatex.sty
Package: ifluatex 2010/03/01 v1.3 Provides the ifluatex switch (HO)
Package ifluatex Info: LuaTeX not detected.
)
Package pdftexcmds Info: LuaTeX not detected.
Package pdftexcmds Info: \pdf@primitive is available.
Package pdftexcmds Info: \pdf@ifprimitive is available.
Package pdftexcmds Info: \pdfdraftmode found.
)
(/usr/share/texlive/texmf-dist/tex/latex/oberdiek/epstopdf-base.sty
Package: epstopdf-base 2010/02/09 v2.5 Base part for package epstopdf

(/usr/share/texlive/texmf-dist/tex/latex/oberdiek/grfext.sty
Package: grfext 2010/08/19 v1.1 Manage graphics extensions (HO)

(/usr/share/texlive/texmf-dist/tex/generic/oberdiek/kvdefinekeys.sty
Package: kvdefinekeys 2011/04/07 v1.3 Define keys (HO)
))
(/usr/share/texlive/texmf-dist/tex/latex/oberdiek/kvoptions.sty
Package: kvoptions 2011/06/30 v3.11 Key value format for package options (HO)

(/usr/share/texlive/texmf-dist/tex/generic/oberdiek/kvsetkeys.sty
Package: kvsetkeys 2012/04/25 v1.16 Key value parser (HO)

(/usr/share/texlive/texmf-dist/tex/generic/oberdiek/etexcmds.sty
Package: etexcmds 2011/02/16 v1.5 Avoid name clashes with e-TeX commands (HO)
Package etexcmds Info: Could not find \expanded.
(etexcmds)             That can mean that you are not using pdfTeX 1.50 or
(etexcmds)             that some package has redefined \expanded.
(etexcmds)             In the latter case, load this package earlier.
)))
Package grfext Info: Graphics extension search list:
(grfext)             [.png,.pdf,.jpg,.mps,.jpeg,.jbig2,.jb2,.PNG,.PDF,.JPG,.JPE
G,.JBIG2,.JB2,.eps]
(grfext)             \AppendGraphicsExtensions on input line 452.

(/usr/share/texlive/texmf-dist/tex/latex/latexconfig/epstopdf-sys.cfg
File: epstopdf-sys.cfg 2010/07/13 v1.3 Configuration of (r)epstopdf for TeX Liv
e
))
\AtBeginShipoutBox=\box104
\c@lstlisting=\count193

(/usr/share/texlive/texmf-dist/tex/latex/glossaries/dict/glossaries-dictionary-
English.dict
Dictionary: glossaries-dictionary, Language: English 
)
(/usr/share/texlive/texmf-dist/tex/latex/glossaries/dict/glossaries-dictionary-
Spanish.dict
Dictionary: glossaries-dictionary, Language: Spanish 
) (./platform_full.tex
Anexo A.

Class scrbook Warning: \float@addtolists detected!
(scrbook)              You should use the features of package `tocbasic'
(scrbook)              instead of \float@addtolists.
(scrbook)              Support for \float@addtolists may be removed from
(scrbook)              `scrbook' soon .

LaTeX Font Info:    Try loading font information for OT1+phv on input line 8.
(/usr/share/texlive/texmf-dist/tex/latex/psnfss/ot1phv.fd
File: ot1phv.fd 2001/06/04 scalable font definitions for OT1/phv.
)
LaTeX Font Info:    Font shape `OT1/phv/bx/n' in size <10.95> not available
(Font)              Font shape `OT1/phv/b/n' tried instead on input line 8.
LaTeX Font Info:    Font shape `OT1/phv/bx/n' in size <20.74> not available
(Font)              Font shape `OT1/phv/b/n' tried instead on input line 8.
LaTeX Font Info:    Font shape `OT1/phv/bx/n' in size <14.4> not available
(Font)              Font shape `OT1/phv/b/n' tried instead on input line 12.
LaTeX Font Info:    Try loading font information for U+msa on input line 13.

(/usr/share/texlive/texmf-dist/tex/latex/amsfonts/umsa.fd
File: umsa.fd 2009/06/22 v3.00 AMS symbols A
)
LaTeX Font Info:    Try loading font information for U+msb on input line 13.

(/usr/share/texlive/texmf-dist/tex/latex/amsfonts/umsb.fd
File: umsb.fd 2009/06/22 v3.00 AMS symbols B
)
LaTeX Font Info:    Try loading font information for U+lasy on input line 13.

(/usr/share/texlive/texmf-dist/tex/latex/base/ulasy.fd
File: ulasy.fd 1998/08/17 v2.2e LaTeX symbol font definitions
)
LaTeX Font Info:    Font shape `U/lasy/b/n' in size <8> not available
(Font)              Font shape `U/lasy/m/n' tried instead on input line 13.
LaTeX Font Info:    Font shape `U/lasy/b/n' in size <6> not available
(Font)              Font shape `U/lasy/m/n' tried instead on input line 13.
LaTeX Font Info:    Font shape `U/lasy/b/n' in size <9> not available
(Font)              Font shape `U/lasy/m/n' tried instead on input line 13.
LaTeX Font Info:    Font shape `U/lasy/b/n' in size <5> not available
(Font)              Font shape `U/lasy/m/n' tried instead on input line 13.
LaTeX Font Info:    Font shape `OT1/phv/bx/n' in size <12> not available
(Font)              Font shape `OT1/phv/b/n' tried instead on input line 17.

Underfull \hbox (badness 1019) in paragraph at lines 18--19
[]\OT1/ptm/m/n/10.95 En este apartado se describir[]an las herramientas abierta
s necesarias para el desarrollo
 []

LaTeX Font Info:    Font shape `OT1/ptm/bx/n' in size <10.95> not available
(Font)              Font shape `OT1/ptm/b/n' tried instead on input line 24.
[1
Non-PDF special ignored!
Non-PDF special ignored!
Non-PDF special ignored!
Non-PDF special ignored!


Non-PDF special ignored!
Non-PDF special ignored!
\openout4 = `tesis.ist'.


{/var/lib/texmf/fonts/map/pdftex/updmap/pdftex.map}]
LaTeX Info: Redefining \. on input line 51.
LaTeX Info: Redefining \% on input line 51.

[2]

LaTeX Warning: Reference `ch:education' on page 3 undefined on input line 63.

LaTeX Info: Redefining \. on input line 67.
LaTeX Info: Redefining \% on input line 67.
[3] <./images/qucs.png, id=19, 992.70876pt x 688.5725pt>
File: ./images/qucs.png Graphic file (type png)

<use ./images/qucs.png>
Package pdftex.def Info: ./images/qucs.png used on input line 72.
(pdftex.def)             Requested size: 347.45328pt x 241.00398pt.
LaTeX Info: Redefining \. on input line 81.
LaTeX Info: Redefining \% on input line 81.
 [4 <./images/qucs.png (PNG copy)>]
<./images/gtkwave.png, id=23, 539.76656pt x 316.18124pt>
File: ./images/gtkwave.png Graphic file (type png)

<use ./images/gtkwave.png>
Package pdftex.def Info: ./images/gtkwave.png used on input line 87.
(pdftex.def)             Requested size: 377.83401pt x 221.32535pt.
LaTeX Info: Redefining \. on input line 96.
LaTeX Info: Redefining \% on input line 96.
 [5 <./images/gtkwave.png (PNG copy)>]
<./images/kicad.pdf, id=27, 549.05125pt x 144.54pt>
File: ./images/kicad.pdf Graphic file (type pdf)
 <use ./images/kicad.pdf>
Package pdftex.def Info: ./images/kicad.pdf used on input line 101.
(pdftex.def)             Requested size: 439.2416pt x 115.63214pt.
LaTeX Info: Redefining \. on input line 109.
LaTeX Info: Redefining \% on input line 109.

[6 <./images/kicad.pdf>]
<./images/soc_boot_remap.png, id=38, 354.57469pt x 134.75343pt>
File: ./images/soc_boot_remap.png Graphic file (type png)

<use ./images/soc_boot_remap.png>
Package pdftex.def Info: ./images/soc_boot_remap.png used on input line 119.
(pdftex.def)             Requested size: 212.74644pt x 80.85268pt.

<./images/soc_boot_proc.png, id=39, 389.20406pt x 357.58594pt>
File: ./images/soc_boot_proc.png Graphic file (type png)

<use ./images/soc_boot_proc.png>
Package pdftex.def Info: ./images/soc_boot_proc.png used on input line 126.
(pdftex.def)             Requested size: 233.52423pt x 214.5532pt.


LaTeX Warning: `h' float specifier changed to `ht'.

LaTeX Info: Redefining \. on input line 131.
LaTeX Info: Redefining \% on input line 131.
[7 <./images/soc_boot_remap.png (PNG copy)>]
Underfull \vbox (badness 2359) has occurred while \output is active []

LaTeX Info: Redefining \. on input line 139.
LaTeX Info: Redefining \% on input line 139.
 [8 <./images/soc_boot_proc.png (PNG copy)>]
<./images/jtag_basics.png, id=47, 286.06876pt x 325.215pt>
File: ./images/jtag_basics.png Graphic file (type png)

<use ./images/jtag_basics.png>
Package pdftex.def Info: ./images/jtag_basics.png used on input line 141.
(pdftex.def)             Requested size: 171.64258pt x 195.1305pt.


LaTeX Warning: Citation `TI96' on page 9 undefined on input line 150.

LaTeX Info: Redefining \. on input line 156.
LaTeX Info: Redefining \% on input line 156.
[9 <./images/jtag_basics.png (PNG copy)>]
<./images/jtag_sm.png, id=51, 226.59656pt x 277.78781pt>
File: ./images/jtag_sm.png Graphic file (type png)

<use ./images/jtag_sm.png>
Package pdftex.def Info: ./images/jtag_sm.png used on input line 163.
(pdftex.def)             Requested size: 181.27748pt x 222.23053pt.

<./images/SW_design_flow.png, id=52, 366.61969pt x 298.86656pt>
File: ./images/SW_design_flow.png Graphic file (type png)

<use ./images/SW_design_flow.png>
Package pdftex.def Info: ./images/SW_design_flow.png used on input line 173.
(pdftex.def)             Requested size: 219.97351pt x 179.3213pt.


LaTeX Warning: `h' float specifier changed to `ht'.

LaTeX Info: Redefining \. on input line 179.
LaTeX Info: Redefining \% on input line 179.
[10 <./images/jtag_sm.png (PNG copy)>]
Underfull \hbox (badness 1715) in paragraph at lines 191--192
[]\OT1/ptm/m/n/10.95 Utilizando un \OT1/ptm/m/it/10.95 loader\OT1/ptm/m/n/10.95
 : El \OT1/ptm/m/it/10.95 loader \OT1/ptm/m/n/10.95 es una aplicaci[]on que res
ide en un medio de
 []

LaTeX Info: Redefining \. on input line 192.
LaTeX Info: Redefining \% on input line 192.
[11 <./images/SW_design_flow.png (PNG copy)>]
LaTeX Font Info:    Try loading font information for OMS+ptm on input line 207.


(/usr/share/texlive/texmf-dist/tex/latex/psnfss/omsptm.fd
File: omsptm.fd 
)
LaTeX Font Info:    Font shape `OMS/ptm/m/n' in size <9> not available
(Font)              Font shape `OMS/cmsy/m/n' tried instead on input line 207.
LaTeX Info: Redefining \. on input line 237.
LaTeX Info: Redefining \% on input line 237.
 [12]
LaTeX Font Info:    Try loading font information for OML+ptm on input line 238.


(/usr/share/texlive/texmf-dist/tex/latex/psnfss/omlptm.fd
File: omlptm.fd 
)
LaTeX Font Info:    Font shape `OML/ptm/m/n' in size <9> not available
(Font)              Font shape `OML/cmm/m/it' tried instead on input line 238.

Underfull \hbox (badness 10000) in paragraph at lines 269--270

 []

LaTeX Info: Redefining \. on input line 274.
LaTeX Info: Redefining \% on input line 274.
[13]

LaTeX Warning: Citation `MLH98' on page 14 undefined on input line 287.

<./images/ELF_Link_exec1.png, id=70, 509.905pt x 312.16624pt>
File: ./images/ELF_Link_exec1.png Graphic file (type png)

<use ./images/ELF_Link_exec1.png>
Package pdftex.def Info: ./images/ELF_Link_exec1.png used on input line 290.
(pdftex.def)             Requested size: 203.95837pt x 124.86427pt.
LaTeX Info: Redefining \. on input line 303.
LaTeX Info: Redefining \% on input line 303.
 [14 <./images/ELF_Link_exec1.png (PNG copy)>]
LaTeX Font Info:    Try loading font information for OT1+pcr on input line 326.

(/usr/share/texlive/texmf-dist/tex/latex/psnfss/ot1pcr.fd
File: ot1pcr.fd 2001/06/04 font definitions for OT1/pcr.
)
LaTeX Info: Redefining \. on input line 357.
LaTeX Info: Redefining \% on input line 357.
 [15]
LaTeX Info: Redefining \. on input line 415.
LaTeX Info: Redefining \% on input line 415.
 [16]
Overfull \hbox (18.27133pt too wide) in paragraph at lines 465--466
[][][][][][][][][][][][][][][][][][][][][][][][][][][][][][][][][][][][][][][][
][][][][][][][][][][][][][][][][][][][][][][][][][][][][][][][][][][][][][]
 []

LaTeX Info: Redefining \. on input line 466.
LaTeX Info: Redefining \% on input line 466.
[17]
Overfull \hbox (18.27133pt too wide) in paragraph at lines 472--473
[][][][][][][][][][][][][][][][][][][][][][][][][][][][][][][][][][][][][][][][
][][][][][][][][][][][][][][][][][][][][][][][][][][][][][][][][][][][][][][][]
[][][][][][][] 
 []


Overfull \hbox (2.07117pt too wide) in paragraph at lines 475--476
[][][][][][][][][][][][][][][][][][][][][][][][][][][][][][][][][][][][][][][][
][][][][][][][][][][][][][][][][][][][][][][][][][][][][][][][][][][][][][][] 
 []


Overfull \hbox (23.67139pt too wide) in paragraph at lines 477--478
[][][][][][][][][][][][][][][][][][][][][][][][][][][][][][][][][][][][][][][][
][][][][][][][][][][][][][][][][][][][][][][][][][][][][][][][][][][][][][][][]
[][][][][][][][]
 []


Overfull \hbox (12.87128pt too wide) in paragraph at lines 479--480
[][][][][][][][][][][][][][][][][][][][][][][][][][][][][][][][][][][][][][][][
][][][][][][][][][][][][][][][][][][][][][][][][][][][][][][][][][][][][][][][]
[][][][][][][][]
 []


Overfull \hbox (12.87128pt too wide) in paragraph at lines 480--481
[][][][][][][][][][][][][][][][][][][][][][][][][][][][][][][][][][][][][][][][
][][][][][][][][][][][][][][][][][][][][][][][][][][][][][][][][][][][][][][][]
[][][][][][][][][][][][][][][][][][] 
 []


Overfull \hbox (7.47122pt too wide) in paragraph at lines 483--484
[][][][][][][][][][][][][][][][][][][][][][][][][][][][][][][][][][][][][][][][
][][][][][][][][][][][][][][][][][][][][][][][][][][][][][][][][][][][][][][] 
 []


Overfull \hbox (23.67139pt too wide) in paragraph at lines 485--486
[][][][][][][][][][][][][][][][][][][][][][][][][][][][][][][][][][][][][][][][
][][][][][][][][][][][][][][][][][][][][][][][][][][][][][][][][][][][][][][][]
[][][][][][][][] 
 []


Overfull \hbox (39.87155pt too wide) in paragraph at lines 487--488
[][][][][][][][][][][][][][][][][][][][][][][][][][][][][][][][][][][][][][][][
][][][][][][][][][][][][][][][][][][][][][][][][][][][][][][][][][][][][][][][]
[][][][][][][][][][][][][][][][][][][][][][][][][][] 
 []


Overfull \hbox (12.87128pt too wide) in paragraph at lines 489--490
[][][][][][][][][][][][][][][][][][][][][][][][][][][][][][][][][][][][][][][][
][][][][][][][][][][][][][][][][][][][][][][][][][][][][][][][][][][][][][][][]
[][][][][][][][][][][][] 
 []


Overfull \hbox (7.47122pt too wide) in paragraph at lines 491--492
[][][][][][][][][][][][][][][][][][][][][][][][][][][][][][][][][][][][][][][][
][][][][][][][][][][][][][][][][][][][][][][][][][][][][][][][][][][][][][][][]
 
 []

LaTeX Info: Redefining \. on input line 503.
LaTeX Info: Redefining \% on input line 503.
[18]

! LaTeX Error: File `./images/at91rm9200' not found.

See the LaTeX manual or LaTeX Companion for explanation.
Type  H <return>  for immediate help.
 ...                                              
                                                  
l.516 ...degraphics[scale=.7]{./images/at91rm9200}
                                                   \end{center}
? 
<./images/sdram_basics.png, id=87, 629.35126pt x 328.22626pt>
File: ./images/sdram_basics.png Graphic file (type png)

<use ./images/sdram_basics.png>
Package pdftex.def Info: ./images/sdram_basics.png used on input line 529.
(pdftex.def)             Requested size: 377.61366pt x 196.93727pt.


LaTeX Warning: `h' float specifier changed to `ht'.


LaTeX Warning: Citation `CH06' on page 19 undefined on input line 533.

LaTeX Info: Redefining \. on input line 534.
LaTeX Info: Redefining \% on input line 534.
[19]
LaTeX Info: Redefining \. on input line 539.
LaTeX Info: Redefining \% on input line 539.
 [20 <./images/sdram_basics.png>]

! LaTeX Error: File `./images/nor_prog' not found.

See the LaTeX manual or LaTeX Companion for explanation.
Type  H <return>  for immediate help.
 ...                                              
                                                  
l.541 ...ludegraphics[scale=.6]{./images/nor_prog}
                                                   \end{center}
? 
LaTeX Font Info:    Font shape `OT1/ptm/bx/n' in size <14.4> not available
(Font)              Font shape `OT1/ptm/b/n' tried instead on input line 570.

LaTeX Warning: Citation `DR05' on page 21 undefined on input line 570.

LaTeX Info: Redefining \. on input line 573.
LaTeX Info: Redefining \% on input line 573.
[21] <./images/arm_scan1.png, id=100, 692.5875pt x 272.51813pt>
File: ./images/arm_scan1.png Graphic file (type png)

<use ./images/arm_scan1.png>
Package pdftex.def Info: ./images/arm_scan1.png used on input line 575.
(pdftex.def)             Requested size: 415.5557pt x 163.51213pt.

<./images/arm_scan2.png, id=101, 692.5875pt x 56.46094pt>
File: ./images/arm_scan2.png Graphic file (type png)

<use ./images/arm_scan2.png>
Package pdftex.def Info: ./images/arm_scan2.png used on input line 584.
(pdftex.def)             Requested size: 415.5557pt x 33.8768pt.
LaTeX Info: Redefining \. on input line 589.
LaTeX Info: Redefining \% on input line 589.
 [22 <./images/arm_scan1.png (PNG copy)> <./images/arm_scan2.png (PNG copy)>]

LaTeX Warning: Citation `DR05' on page 23 undefined on input line 591.

<images/OpenOCD_design_flow.pdf, id=105, 419.5675pt x 235.88126pt>
File: images/OpenOCD_design_flow.pdf Graphic file (type pdf)

<use images/OpenOCD_design_flow.pdf>
Package pdftex.def Info: images/OpenOCD_design_flow.pdf used on input line 594.

(pdftex.def)             Requested size: 293.69524pt x 165.11575pt.
LaTeX Font Info:    Font shape `OT1/ptm/bx/it' in size <10.95> not available
(Font)              Font shape `OT1/ptm/b/it' tried instead on input line 598.
LaTeX Info: Redefining \. on input line 611.
LaTeX Info: Redefining \% on input line 611.


LaTeX Warning: Citation `DR05' on page 23 undefined on input line 611.

[23 <./images/OpenOCD_design_flow.pdf>]
LaTeX Info: Redefining \. on input line 633.
LaTeX Info: Redefining \% on input line 633.
 [24]
<./images/linuxhistory.jpg, id=128, 471.7625pt x 417.56pt>
File: ./images/linuxhistory.jpg Graphic file (type jpg)

<use ./images/linuxhistory.jpg>
Package pdftex.def Info: ./images/linuxhistory.jpg used on input line 637.
(pdftex.def)             Requested size: 235.88066pt x 208.77948pt.


LaTeX Warning: Citation `KYJM+08' on page 25 undefined on input line 642.

LaTeX Info: Redefining \. on input line 649.
LaTeX Info: Redefining \% on input line 649.
[25 <./images/linuxhistory.jpg>]
LaTeX Font Info:    Font shape `OT1/ptm/bx/n' in size <12> not available
(Font)              Font shape `OT1/ptm/b/n' tried instead on input line 657.


LaTeX Warning: Citation `IBSS98' on page 26 undefined on input line 657.


LaTeX Warning: Citation `IB98' on page 26 undefined on input line 657.


LaTeX Warning: Citation `IB98' on page 26 undefined on input line 661.

<./images/kernel.jpg, id=133, 437.635pt x 271.0125pt>
File: ./images/kernel.jpg Graphic file (type jpg)

<use ./images/kernel.jpg>
Package pdftex.def Info: ./images/kernel.jpg used on input line 664.
(pdftex.def)             Requested size: 240.69998pt x 149.05733pt.


LaTeX Warning: `h' float specifier changed to `ht'.


LaTeX Warning: Citation `IBSS98' on page 26 undefined on input line 668.

LaTeX Info: Redefining \. on input line 676.
LaTeX Info: Redefining \% on input line 676.
[26]
LaTeX Info: Redefining \. on input line 690.
LaTeX Info: Redefining \% on input line 690.
 [27 <./images/kernel.jpg>]
LaTeX Font Info:    Font shape `OMS/ptm/m/n' in size <10.95> not available
(Font)              Font shape `OMS/cmsy/m/n' tried instead on input line 699.

<./images/kernel_memory_mapping.jpg, id=140, 566.115pt x 321.2pt>
File: ./images/kernel_memory_mapping.jpg Graphic file (type jpg)

<use ./images/kernel_memory_mapping.jpg>
Package pdftex.def Info: ./images/kernel_memory_mapping.jpg used on input line 
715.
(pdftex.def)             Requested size: 254.74939pt x 144.53867pt.


! LaTeX Error: File `./images/application_memory_mapping1' not found.

See the LaTeX manual or LaTeX Companion for explanation.
Type  H <return>  for immediate help.
 ...                                              
                                                  
l.720 ...45]{./images/application_memory_mapping1}
                                                   \end{center}
? 

LaTeX Warning: `h' float specifier changed to `ht'.

LaTeX Info: Redefining \. on input line 728.
LaTeX Info: Redefining \% on input line 728.
[28 <./images/kernel_memory_mapping.jpg>]
LaTeX Info: Redefining \. on input line 756.
LaTeX Info: Redefining \% on input line 756.
 [29]
LaTeX Info: Redefining \. on input line 778.
LaTeX Info: Redefining \% on input line 778.
 [30]
Underfull \hbox (badness 1975) in paragraph at lines 799--800
\OT1/ptm/m/n/10.95 y la otra es registrar la nueva plataforma. Cada plataforma 
ARM es identificada por un
 []

LaTeX Info: Redefining \. on input line 808.
LaTeX Info: Redefining \% on input line 808.
[31] <./images/ecb_at91_linux_config.png, id=155, 478.78876pt x 299.61937pt>
File: ./images/ecb_at91_linux_config.png Graphic file (type png)

<use ./images/ecb_at91_linux_config.png>
Package pdftex.def Info: ./images/ecb_at91_linux_config.png used on input line 
819.
(pdftex.def)             Requested size: 215.45294pt x 134.82747pt.

Underfull \hbox (badness 1264) in paragraph at lines 823--824
[]\OT1/ptm/m/n/10.95 Al seleccionar nuestra plataforma el programa de configura
ci[]on crear[]a un archivo de
 []


Overfull \hbox (3.09256pt too wide) in paragraph at lines 839--840
[]\OT1/ptm/m/n/10.95 El archi-vo \OT1/ptm/m/it/10.95 /arch/arm/mach-at91/Makefi
le b/arch/arm/mach-at91/Makefile \OT1/ptm/m/n/10.95 con-tiene una relaci[]on
 []


Overfull \hbox (16.50642pt too wide) in paragraph at lines 845--846
[]\OT1/ptm/m/n/10.95 Con es-to asig-namos el archi-vo de con-fig-u-raci[]on \OT
1/ptm/m/it/10.95 board-ecbat91.c \OT1/ptm/m/n/10.95 a la platafor-ma \OT1/ptm/m
/it/10.95 MACH[]ECBAT91\OT1/ptm/m/n/10.95 . 
 []

LaTeX Info: Redefining \. on input line 849.
LaTeX Info: Redefining \% on input line 849.
[32 <./images/ecb_at91_linux_config.png (PNG copy)>]
LaTeX Info: Redefining \. on input line 897.
LaTeX Info: Redefining \% on input line 897.
 [33]
Overfull \hbox (18.82707pt too wide) in paragraph at lines 925--926
[]\OT1/ptm/m/n/10.95 La fun-ci[]on \OT1/ptm/m/it/10.95 at91rm9200[]init[]interr
upts \OT1/ptm/m/n/10.95 ini-cial-iza el con-tro-lador de in-ter-rup-ciones del 
AT91RM9200
 []

LaTeX Info: Redefining \. on input line 943.
LaTeX Info: Redefining \% on input line 943.
[34]
Underfull \hbox (badness 1509) in paragraph at lines 978--979
\OT1/ptm/m/n/10.95 de configuraci[]on del kernel (CONFIG[]MTD[]DATAFLASH = y). 
La familia de plataformas
 []

LaTeX Info: Redefining \. on input line 991.
LaTeX Info: Redefining \% on input line 991.
[35]
Overfull \hbox (2.07117pt too wide) in paragraph at lines 1026--1028
[][][][][][][][][][][][] 
 []

LaTeX Info: Redefining \. on input line 1045.
LaTeX Info: Redefining \% on input line 1045.
[36]
LaTeX Info: Redefining \. on input line 1085.
LaTeX Info: Redefining \% on input line 1085.
 [37]
Overfull \hbox (23.67139pt too wide) in paragraph at lines 1141--1142
[][][][][][][][][][][][][][][][][][][][][][][][][][][][][][][][][][][][][][][][
][][][][][] 
 []

LaTeX Info: Redefining \. on input line 1146.
LaTeX Info: Redefining \% on input line 1146.
[38] <./images/vmlinux_contents.png, id=178, 185.19188pt x 442.65375pt>
File: ./images/vmlinux_contents.png Graphic file (type png)

<use ./images/vmlinux_contents.png>
Package pdftex.def Info: ./images/vmlinux_contents.png used on input line 1164.

(pdftex.def)             Requested size: 129.6334pt x 309.8555pt.


LaTeX Warning: `h' float specifier changed to `ht'.


LaTeX Warning: Citation `CH06' on page 39 undefined on input line 1168.

LaTeX Info: Redefining \. on input line 1185.
LaTeX Info: Redefining \% on input line 1185.
[39]
Underfull \hbox (badness 1946) in paragraph at lines 1194--1195
[]\OT1/ptm/m/n/10.95 La imagen \OT1/ptm/m/it/10.95 vmlinux \OT1/ptm/m/n/10.95 g
enerada tiene un tama[]no relativamente grande, lo que la hace
 []


Overfull \hbox (34.4715pt too wide) in paragraph at lines 1198--1199
[][][][][][][][][][][][][][][][][][][][][][][][][][][][][][][][][][][][][][][][
][] 
 []

LaTeX Info: Redefining \. on input line 1199.
LaTeX Info: Redefining \% on input line 1199.
[40 <./images/vmlinux_contents.png>]
<./images/boot_process.png, id=186, 402.75468pt x 240.9pt>
File: ./images/boot_process.png Graphic file (type png)

<use ./images/boot_process.png>
Package pdftex.def Info: ./images/boot_process.png used on input line 1208.
(pdftex.def)             Requested size: 281.92635pt x 168.62883pt.
LaTeX Info: Redefining \. on input line 1216.
LaTeX Info: Redefining \% on input line 1216.
 [41 <./images/boot_process.png>]
Underfull \hbox (badness 1895) in paragraph at lines 1256--1257
\OT1/ptm/m/it/10.95 src/start.S \OT1/ptm/m/n/10.95 y el c[]odigo en C \OT1/ptm/
m/it/10.95 src/board.c src/serial.c src/xmodem.c src/dataflash.c src/div0.c
 []


Overfull \hbox (34.4715pt too wide) in paragraph at lines 1263--1264
[][][][][][][][][][][][][][][][][][][][][][][][][][][][][][][][][][][][][][] 
 []

LaTeX Info: Redefining \. on input line 1272.
LaTeX Info: Redefining \% on input line 1272.
[42]
LaTeX Info: Redefining \. on input line 1318.
LaTeX Info: Redefining \% on input line 1318.
 [43]
LaTeX Info: Redefining \. on input line 1356.
LaTeX Info: Redefining \% on input line 1356.
 [44]
LaTeX Info: Redefining \. on input line 1412.
LaTeX Info: Redefining \% on input line 1412.
 [45]
LaTeX Info: Redefining \. on input line 1458.
LaTeX Info: Redefining \% on input line 1458.
 [46]
LaTeX Info: Redefining \. on input line 1509.
LaTeX Info: Redefining \% on input line 1509.
 [47]
Underfull \hbox (badness 1383) in paragraph at lines 1522--1523
\OT1/ptm/m/n/10.95 (PHYS[]SDRAM = 0x20000000 est[]a definido en \OT1/ptm/m/it/1
0.95 include/configs/ecb[]at91.h\OT1/ptm/m/n/10.95 ). Adicionalmente,
 []

LaTeX Info: Redefining \. on input line 1555.
LaTeX Info: Redefining \% on input line 1555.
[48]
Overfull \hbox (18.27133pt too wide) in paragraph at lines 1607--1608
[][][][][][][][][][][][][][][][][][][][][][][][] 
 []


Underfull \vbox (badness 10000) has occurred while \output is active []

LaTeX Info: Redefining \. on input line 1610.
LaTeX Info: Redefining \% on input line 1610.
 [49]
Overfull \hbox (18.27133pt too wide) in paragraph at lines 1645--1646
[][][][][][][][][][][][][][][][][][][][][][][][][][][][][][][][][][][][][][][][
][][][][][][][][][][][][][][][][][][][][][][][][][][][][][][] 
 []

LaTeX Info: Redefining \. on input line 1661.
LaTeX Info: Redefining \% on input line 1661.
[50]
Overfull \hbox (7.47122pt too wide) in paragraph at lines 1668--1669
[][][][][][][][][][][][][][][][][][][][][][][][][][][][][][][][][][][][][][][][
][][][][][][][][][][][][][][][][][][][][][][][][][][][][][][][] 
 []


Overfull \hbox (69.32787pt too wide) in paragraph at lines 1681--1682
[]\OT1/ptm/m/n/10.95 El primer pa-so es ob-vi-a-mente descar-gar el c[]odi-go f
uente de la ver-si[]on 1.1.6 de \OT1/ptm/m/it/10.95 http://sourceforge.net/proj
ects/u-
 []


Overfull \hbox (45.2716pt too wide) in paragraph at lines 1684--1685
[][][][][][][][][][][][][][][][][][][][][][][][][][][][][][][][][][][][][][][][
][][][][][][][][][][][][][][][][][][][][][][][][][][][][][][][][][][][][][][][]
[][][][][][][] 
 []

LaTeX Info: Redefining \. on input line 1717.
LaTeX Info: Redefining \% on input line 1717.
[51]
Overfull \hbox (29.07144pt too wide) in paragraph at lines 1756--1757
[][][][][][][][][][][][][][][][][][][][][][][][][][] 
 []

LaTeX Info: Redefining \. on input line 1772.
LaTeX Info: Redefining \% on input line 1772.
[52]
Underfull \hbox (badness 1107) in paragraph at lines 1792--1793
[]\OT1/ptm/m/n/10.95 Seleccionando la opci[]on del men[]u: \OT1/ptm/m/it/10.95 
3: Upload linux to Dataflash\OT1/ptm/m/n/10.95 , podemos iniciar la
 []

LaTeX Info: Redefining \. on input line 1809.
LaTeX Info: Redefining \% on input line 1809.
[53]
LaTeX Info: Redefining \. on input line 1869.
LaTeX Info: Redefining \% on input line 1869.
 [54]
LaTeX Info: Redefining \. on input line 1899.
LaTeX Info: Redefining \% on input line 1899.
 [55]
LaTeX Info: Redefining \. on input line 1937.
LaTeX Info: Redefining \% on input line 1937.
 [56]
LaTeX Font Info:    Font shape `OT1/phv/bx/it' in size <10.95> not available
(Font)              Font shape `OT1/phv/b/it' tried instead on input line 1938.

LaTeX Font Info:    Font shape `OT1/phv/b/it' in size <10.95> not available
(Font)              Font shape `OT1/phv/b/sl' tried instead on input line 1938.

LaTeX Info: Redefining \. on input line 1977.
LaTeX Info: Redefining \% on input line 1977.
 [57]
Overfull \hbox (18.27133pt too wide) in paragraph at lines 1998--2000
[][][][][][][][][][][][][][][][][][][][][][][][][][][][][][][][][][][][][][][][
][][][][][][][][][][][][][][][][][][][][][][] 
 []

LaTeX Info: Redefining \. on input line 2030.
LaTeX Info: Redefining \% on input line 2030.
[58]
LaTeX Info: Redefining \. on input line 2049.
LaTeX Info: Redefining \% on input line 2049.
 [59]
LaTeX Font Info:    Font shape `OT1/phv/bx/it' in size <12> not available
(Font)              Font shape `OT1/phv/b/it' tried instead on input line 2073.

LaTeX Font Info:    Font shape `OT1/phv/b/it' in size <12> not available
(Font)              Font shape `OT1/phv/b/sl' tried instead on input line 2073.



LaTeX Warning: Citation `JF' on page 60 undefined on input line 2078.

LaTeX Info: Redefining \. on input line 2079.
LaTeX Info: Redefining \% on input line 2079.
[60]

LaTeX Warning: Citation `JF' on page 61 undefined on input line 2095.

LaTeX Info: Redefining \. on input line 2115.
LaTeX Info: Redefining \% on input line 2115.
[61]
Underfull \hbox (badness 1325) in paragraph at lines 2123--2124
[]\OT1/ptm/m/it/10.95 initdefault \OT1/ptm/m/n/10.95 Especifica el nivel de eje
cuci[]on al que se ingresa despu[]es de la
 []

LaTeX Info: Redefining \. on input line 2160.
LaTeX Info: Redefining \% on input line 2160.
[62]
LaTeX Info: Redefining \. on input line 2205.
LaTeX Info: Redefining \% on input line 2205.
 [63]
LaTeX Info: Redefining \. on input line 2232.
LaTeX Info: Redefining \% on input line 2232.
 [64]
Overfull \hbox (46.77686pt too wide) in paragraph at lines 2233--2234
\OT1/ptm/m/it/10.95 bed-ded \OT1/ptm/m/n/10.95 se en-cuen-tra en http://linuxen
caja.com/wiki/ECBOT#Generaci[]on[]de[]la[]imagen[]para[]la[]memoria[]Flash. 
 []


LaTeX Warning: Citation `JCAR05' on page 65 undefined on input line 2238.


! LaTeX Error: File `./images/major' not found.

See the LaTeX manual or LaTeX Companion for explanation.
Type  H <return>  for immediate help.
 ...                                              
                                                  
l.2264 ...ncludegraphics[scale=.7]{./images/major}
                                                   \end{center}
? 

LaTeX Warning: `h' float specifier changed to `ht'.

LaTeX Info: Redefining \. on input line 2275.
LaTeX Info: Redefining \% on input line 2275.
[65]
LaTeX Info: Redefining \. on input line 2319.
LaTeX Info: Redefining \% on input line 2319.
 [66]
LaTeX Info: Redefining \. on input line 2361.
LaTeX Info: Redefining \% on input line 2361.
 [67]
Underfull \vbox (badness 2409) has occurred while \output is active []

LaTeX Info: Redefining \. on input line 2416.
LaTeX Info: Redefining \% on input line 2416.
 [68]

! LaTeX Error: File `./images/computer-simple' not found.

See the LaTeX manual or LaTeX Companion for explanation.
Type  H <return>  for immediate help.
 ...                                              
                                                  
l.2426 ...hics[scale=.6]{./images/computer-simple}
                                                   \end{center}
? 
<./images/rd_wr_waveform.png, id=279, 450.9347pt x 234.1247pt>
File: ./images/rd_wr_waveform.png Graphic file (type png)

<use ./images/rd_wr_waveform.png>
Package pdftex.def Info: ./images/rd_wr_waveform.png used on input line 2437.
(pdftex.def)             Requested size: 315.65213pt x 163.88615pt.
LaTeX Info: Redefining \. on input line 2439.
LaTeX Info: Redefining \% on input line 2439.
 [69]
<./images/sw_hw_fpga_arch.pdf, id=283, 552.0625pt x 386.44376pt>
File: ./images/sw_hw_fpga_arch.pdf Graphic file (type pdf)

<use ./images/sw_hw_fpga_arch.pdf>
Package pdftex.def Info: ./images/sw_hw_fpga_arch.pdf used on input line 2455.
(pdftex.def)             Requested size: 358.83636pt x 251.18546pt.
LaTeX Info: Redefining \. on input line 2457.
LaTeX Info: Redefining \% on input line 2457.
 [70 <./images/rd_wr_waveform.png>]
<./images/sw_hw_fpga_arch_sram.pdf, id=288, 425.59pt x 577.15625pt>
File: ./images/sw_hw_fpga_arch_sram.pdf Graphic file (type pdf)

<use ./images/sw_hw_fpga_arch_sram.pdf>
Package pdftex.def Info: ./images/sw_hw_fpga_arch_sram.pdf used on input line 2
465.
(pdftex.def)             Requested size: 276.6302pt x 375.14711pt.


LaTeX Warning: `h' float specifier changed to `ht'.


LaTeX Warning: Citation `RL07' on page 71 undefined on input line 2470.


Underfull \vbox (badness 1917) has occurred while \output is active []

LaTeX Info: Redefining \. on input line 2471.
LaTeX Info: Redefining \% on input line 2471.
 [71 <./images/sw_hw_fpga_arch.pdf>]
LaTeX Info: Redefining \. on input line 2485.
LaTeX Info: Redefining \% on input line 2485.
 [72 <./images/sw_hw_fpga_arch_sram.pdf>]

! LaTeX Error: File `./images/memory_mapping' not found.

See the LaTeX manual or LaTeX Companion for explanation.
Type  H <return>  for immediate help.
 ...                                              
                                                  
l.2496 ...phics[scale=.6]{./images/memory_mapping}
                                                   \end{center}
? 

Overfull \hbox (34.4715pt too wide) in paragraph at lines 2511--2512
[][][][][][][][][][][][][][][][][][][][][][][][][][][][][][][][][][][][][][][][
][][][][][][][][][][][][][][][][][][][][][][][][][][][][][][][][][] 
 []

LaTeX Info: Redefining \. on input line 2532.
LaTeX Info: Redefining \% on input line 2532.
[73]
LaTeX Info: Redefining \. on input line 2569.
LaTeX Info: Redefining \% on input line 2569.
 [74]
Overfull \hbox (2.07117pt too wide) in paragraph at lines 2576--2578
[][][][][][][][][][][][][][][][][][][][][][][][][][][][][][][][][][][][][][][][
][][][] 
 []

LaTeX Info: Redefining \. on input line 2622.
LaTeX Info: Redefining \% on input line 2622.
[75] <./images/copy_to_from_user.png, id=337, 397.485pt x 228.855pt>
File: ./images/copy_to_from_user.png Graphic file (type png)

<use ./images/copy_to_from_user.png>
Package pdftex.def Info: ./images/copy_to_from_user.png used on input line 2659
.
(pdftex.def)             Requested size: 278.2376pt x 160.1974pt.
LaTeX Info: Redefining \. on input line 2665.
LaTeX Info: Redefining \% on input line 2665.
 [76 <./images/copy_to_from_user.png (PNG copy)>]
LaTeX Info: Redefining \. on input line 2718.
LaTeX Info: Redefining \% on input line 2718.
 [77]) (./tesis.bbl
LaTeX Info: Redefining \. on input line 1.
LaTeX Info: Redefining \% on input line 1.
 [78] [79

]
LaTeX Info: Redefining \. on input line 199.
LaTeX Info: Redefining \% on input line 199.
 [80]
Overfull \hbox (110.80203pt too wide) in paragraph at lines 200--205
[]\OT1/ptm/m/n/10.95 A. Grove.  How Amer-i-ca Can Cre-ate Jobs.  http://www.bus
inessweek.com/magazine/content/10[]28/b4186048358596.htm,
 []


Underfull \hbox (badness 10000) in paragraph at lines 233--238
[]\OT1/ptm/m/n/10.95 C. Ca-mar-go.  First Colom-bian Lin-ux SBC runs De-bian.  
URL:
 []


Underfull \hbox (badness 1715) in paragraph at lines 240--244
[]\OT1/ptm/m/n/10.95 C. Camargo.  ECBOT: Arquitectura Abierta para Robots M[]ob
iles.  \OT1/ptm/m/it/10.95 VII conferencia
 []

LaTeX Info: Redefining \. on input line 310.
LaTeX Info: Redefining \% on input line 310.
[81])

Package glossaries Warning: No \printglossary or \printglossaries found.
This document will not have a glossary.

LaTeX Info: Redefining \. on input line 163.
LaTeX Info: Redefining \% on input line 163.
[82] (./tesis.aux
LaTeX Info: Redefining \. on input line 7.
LaTeX Info: Redefining \% on input line 7.
)

LaTeX Warning: There were undefined references.

 ) 
Here is how much of TeX's memory you used:
 28569 strings out of 495059
 495849 string characters out of 3182030
 669045 words of memory out of 3000000
 31094 multiletter control sequences out of 15000+200000
 47995 words of font info for 104 fonts, out of 3000000 for 9000
 14 hyphenation exceptions out of 8191
 65i,13n,71p,1519b,1985s stack positions out of 5000i,500n,10000p,200000b,50000s
{/usr/share/texlive/texmf-dist/fonts/enc/dvips/base/8r.enc}</usr/share/texliv
e/texmf-dist/fonts/type1/public/amsfonts/cm/cmmi10.pfb></usr/share/texlive/texm
f-dist/fonts/type1/public/amsfonts/cm/cmmi9.pfb></usr/share/texlive/texmf-dist/
fonts/type1/public/amsfonts/cm/cmsy10.pfb></usr/share/texlive/texmf-dist/fonts/
type1/public/amsfonts/cm/cmsy9.pfb></usr/share/texlive/texmf-dist/fonts/type1/u
rw/courier/ucrr8a.pfb></usr/share/texlive/texmf-dist/fonts/type1/urw/helvetic/u
hvb8a.pfb></usr/share/texlive/texmf-dist/fonts/type1/urw/helvetic/uhvbo8a.pfb><
/usr/share/texlive/texmf-dist/fonts/type1/urw/times/utmb8a.pfb></usr/share/texl
ive/texmf-dist/fonts/type1/urw/times/utmbi8a.pfb></usr/share/texlive/texmf-dist
/fonts/type1/urw/times/utmr8a.pfb></usr/share/texlive/texmf-dist/fonts/type1/ur
w/times/utmr8a.pfb></usr/share/texlive/texmf-dist/fonts/type1/urw/times/utmri8a
.pfb>
Output written on tesis.pdf (82 pages, 1532581 bytes).
PDF statistics:
 404 PDF objects out of 1000 (max. 8388607)
 259 compressed objects within 3 object streams
 0 named destinations out of 1000 (max. 500000)
 128 words of extra memory for PDF output out of 10000 (max. 10000000)

