Post Processor Report
OrCAD FILE: C:\CAINPCB\TELEM_SARURO\TELEM_SARURO.MAX
Sat Sep 15 07:24:36 2012

*********************************************************

Output file: C:\CAINPCB\TELEM_SARURO\TELEM_SARURO.TOP

Aperture totals for C:\CAINPCB\TELEM_SARURO\TELEM_SARURO.TOP:
---------------------------------------------------------
D10:  0.0669 ROUND  --       0 Draws,       4 Flashes
D11:  0.0500 x 0.0400 RECTANGLE -----      46 Flashes
D12:  0.0400 x 0.0500 RECTANGLE -----      58 Flashes
D13:  0.0350 x 0.0300 RECTANGLE -----      66 Flashes
D14:  0.0400 x 0.0650 RECTANGLE -----       4 Flashes
D15:  0.0600 SQUARE --       0 Draws,       8 Flashes
D16:  0.1000 x 0.0600 RECTANGLE -----       4 Flashes
D17:  0.0320 x 0.0380 RECTANGLE -----      12 Flashes
D18:  0.0300 x 0.0350 RECTANGLE -----      16 Flashes
D19:  0.0600 ROUND  --       0 Draws,      52 Flashes
D20:  0.0870 ROUND  --       0 Draws,       2 Flashes
D21:  0.1250 ROUND  --       0 Draws,       2 Flashes
D22:  0.0550 ROUND  --       0 Draws,      11 Flashes
D23:  0.0550 SQUARE --       0 Draws,       4 Flashes
D24:  0.0620 ROUND  --       0 Draws,      14 Flashes
D25:  0.0620 SQUARE --       0 Draws,       2 Flashes
D26:  0.0580 ROUND  --       0 Draws,      72 Flashes
D27:  0.0580 SQUARE --       0 Draws,      12 Flashes
D28:  0.0551 ROUND  --       0 Draws,       8 Flashes
D29:  0.1340 ROUND  --       0 Draws,       7 Flashes
D30:  0.0775 ROUND  --       0 Draws,       2 Flashes
D31:  0.0492 ROUND  --       0 Draws,       4 Flashes
D32:  0.0500 SQUARE --       0 Draws,       2 Flashes
D33:  0.0700 x 0.0110 OBLONG    -----     158 Flashes
D34:  0.0700 x 0.0110 RECTANGLE -----      18 Flashes
D35:  0.0110 x 0.0700 OBLONG    -----     158 Flashes
D36:  0.0110 x 0.0700 RECTANGLE -----      18 Flashes
D37:  0.0700 x 0.0180 OBLONG    -----      14 Flashes
D38:  0.0700 x 0.0180 RECTANGLE -----       2 Flashes
D39:  0.0180 x 0.0700 OBLONG    -----      14 Flashes
D40:  0.0180 x 0.0700 RECTANGLE -----       2 Flashes
D41:  0.0250 x 0.0800 RECTANGLE -----       8 Flashes
D42:  0.0550 x 0.0150 RECTANGLE -----      16 Flashes
D43:  0.0700 x 0.0160 RECTANGLE -----      20 Flashes
D44:  0.0100 x 0.0700 RECTANGLE -----      24 Flashes
D45:  0.0700 x 0.0100 RECTANGLE -----      24 Flashes
D46:  0.0250 x 0.0750 RECTANGLE -----       8 Flashes
D47:  0.0550 x 0.0350 RECTANGLE -----       1 Flashes
D48:  0.0450 x 0.0350 RECTANGLE -----       2 Flashes
D49:  0.0880 x 0.1420 RECTANGLE -----       1 Flashes
D50:  0.0880 x 0.0480 RECTANGLE -----       3 Flashes
D51:  0.0866 x 0.0512 RECTANGLE -----       4 Flashes
D52:  0.2165 x 0.0787 RECTANGLE -----       4 Flashes
D53:  0.0551 x 0.0472 RECTANGLE -----       4 Flashes
D54:  0.0787 x 0.2165 RECTANGLE -----       2 Flashes
D55:  0.0276 ROUND  --       0 Draws,     305 Flashes
D56:  0.0039 ROUND  --    4386 Draws,       0 Flashes
D57:  0.0118 ROUND  --     934 Draws,       0 Flashes
D58:  0.0079 ROUND  --   20659 Draws,       2 Flashes
D59:  0.0010 ROUND  --    8004 Draws,       0 Flashes
D60:  0.0100 ROUND  --     378 Draws,       0 Flashes
D61:  0.0080 ROUND  --    1604 Draws,       0 Flashes
D62:  0.0276 ROUND  --       0 Draws,     178 Flashes
D63:  0.0098 ROUND  --     126 Draws,       0 Flashes
D64:  0.0197 ROUND  --      48 Draws,       0 Flashes
D65:  0.0472 ROUND  --       6 Draws,       0 Flashes
D66:  0.0394 ROUND  --      34 Draws,       0 Flashes
D67:  0.0138 ROUND  --      15 Draws,       0 Flashes
D68:  0.0276 ROUND  --      24 Draws,       0 Flashes
D69:  0.0236 ROUND  --      21 Draws,       0 Flashes
D70:  0.0157 ROUND  --      32 Draws,       0 Flashes
D71:  0.0276 ROUND  --       0 Draws,       1 Flashes
---------------------------------------------------------
 62 D-Codes      -----   36271 Draws,    1403 Flashes

*********************************************************

Output file: C:\CAINPCB\TELEM_SARURO\TELEM_SARURO.BOT

Aperture totals for C:\CAINPCB\TELEM_SARURO\TELEM_SARURO.BOT:
---------------------------------------------------------
D56:  0.0039 ROUND  --     658 Draws,       0 Flashes
D57:  0.0118 ROUND  --    1188 Draws,       0 Flashes
D58:  0.0079 ROUND  --   22675 Draws,       3 Flashes
D60:  0.0100 ROUND  --     692 Draws,       0 Flashes
D61:  0.0080 ROUND  --     969 Draws,       0 Flashes
D62:  0.0276 ROUND  --       0 Draws,     175 Flashes
D64:  0.0197 ROUND  --     114 Draws,       0 Flashes
D65:  0.0472 ROUND  --       2 Draws,       0 Flashes
D66:  0.0394 ROUND  --      31 Draws,       0 Flashes
D67:  0.0138 ROUND  --       8 Draws,       0 Flashes
D68:  0.0276 ROUND  --       3 Draws,       0 Flashes
D69:  0.0236 ROUND  --     150 Draws,       1 Flashes
D70:  0.0157 ROUND  --      95 Draws,       0 Flashes
D71:  0.0276 ROUND  --       0 Draws,       2 Flashes
D72:  0.0669 ROUND  --       0 Draws,       4 Flashes
D73:  0.0500 x 0.0400 RECTANGLE -----      78 Flashes
D74:  0.0400 x 0.0500 RECTANGLE -----      74 Flashes
D75:  0.0600 SQUARE --       0 Draws,       6 Flashes
D76:  0.0320 x 0.0380 RECTANGLE -----      16 Flashes
D77:  0.0600 ROUND  --       0 Draws,      52 Flashes
D78:  0.0870 ROUND  --       0 Draws,       2 Flashes
D79:  0.1250 ROUND  --       0 Draws,       2 Flashes
D80:  0.0550 ROUND  --       0 Draws,      11 Flashes
D81:  0.0550 SQUARE --       0 Draws,       4 Flashes
D82:  0.0620 ROUND  --       0 Draws,      14 Flashes
D83:  0.0620 SQUARE --       0 Draws,       2 Flashes
D84:  0.0580 ROUND  --       0 Draws,      72 Flashes
D85:  0.0580 SQUARE --       0 Draws,      12 Flashes
D86:  0.0551 ROUND  --       0 Draws,       8 Flashes
D87:  0.1340 ROUND  --       0 Draws,       7 Flashes
D88:  0.0775 ROUND  --       0 Draws,       2 Flashes
D89:  0.0394 x 0.0709 RECTANGLE -----       1 Flashes
D90:  0.0709 x 0.0669 RECTANGLE -----       3 Flashes
D91:  0.0165 x 0.0630 RECTANGLE -----      10 Flashes
D92:  0.0709 x 0.0748 RECTANGLE -----       1 Flashes
D93:  0.0492 ROUND  --       0 Draws,       4 Flashes
D94:  0.0500 SQUARE --       0 Draws,       6 Flashes
D95:  0.0197 x 0.0551 RECTANGLE -----      54 Flashes
D96:  0.0700 x 0.0150 RECTANGLE -----       8 Flashes
D97:  0.0150 x 0.0700 RECTANGLE -----       8 Flashes
D98:  0.0350 x 0.0550 RECTANGLE -----       1 Flashes
D99:  0.0350 x 0.0450 RECTANGLE -----       2 Flashes
D100: 0.0880 x 0.1420 RECTANGLE -----       1 Flashes
D101: 0.0880 x 0.0480 RECTANGLE -----       3 Flashes
D102: 0.1500 x 0.0450 RECTANGLE -----       3 Flashes
D103: 0.0276 ROUND  --       0 Draws,     305 Flashes
D104: 0.0276 ROUND  --       0 Draws,       2 Flashes
D105: 0.0315 ROUND  --       7 Draws,       0 Flashes
D106: 0.0354 ROUND  --       3 Draws,       0 Flashes
D107: 0.0200 ROUND  --       4 Draws,       0 Flashes
---------------------------------------------------------
 50 D-Codes      -----   26599 Draws,     959 Flashes

*********************************************************

Output file: C:\CAINPCB\TELEM_SARURO\TELEM_SARURO.SMT

Aperture totals for C:\CAINPCB\TELEM_SARURO\TELEM_SARURO.SMT:
---------------------------------------------------------
D73:  0.0500 x 0.0400 RECTANGLE -----      48 Flashes
D74:  0.0400 x 0.0500 RECTANGLE -----      58 Flashes
D75:  0.0600 SQUARE --       0 Draws,       8 Flashes
D76:  0.0320 x 0.0380 RECTANGLE -----      12 Flashes
D80:  0.0550 ROUND  --       0 Draws,      11 Flashes
D81:  0.0550 SQUARE --       0 Draws,       4 Flashes
D82:  0.0620 ROUND  --       0 Draws,      14 Flashes
D83:  0.0620 SQUARE --       0 Draws,       2 Flashes
D84:  0.0580 ROUND  --       0 Draws,      72 Flashes
D85:  0.0580 SQUARE --       0 Draws,      12 Flashes
D86:  0.0551 ROUND  --       0 Draws,       8 Flashes
D94:  0.0500 SQUARE --       0 Draws,       2 Flashes
D108: 0.0787 ROUND  --       0 Draws,       2 Flashes
D109: 0.0400 x 0.0350 RECTANGLE -----      66 Flashes
D110: 0.0450 x 0.0700 RECTANGLE -----       4 Flashes
D111: 0.1050 x 0.0650 RECTANGLE -----       4 Flashes
D112: 0.0350 x 0.0400 RECTANGLE -----      16 Flashes
D113: 0.0650 ROUND  --       0 Draws,      52 Flashes
D114: 0.0920 ROUND  --       0 Draws,       2 Flashes
D115: 0.1350 ROUND  --       0 Draws,       2 Flashes
D116: 0.1390 ROUND  --       0 Draws,       7 Flashes
D117: 0.0827 ROUND  --       0 Draws,       2 Flashes
D118: 0.0768 ROUND  --       0 Draws,       2 Flashes
D119: 0.0984 ROUND  --       0 Draws,       4 Flashes
D120: 0.0700 x 0.0110 OBLONG    -----     158 Flashes
D121: 0.0700 x 0.0110 RECTANGLE -----      18 Flashes
D122: 0.0110 x 0.0700 OBLONG    -----     158 Flashes
D123: 0.0110 x 0.0700 RECTANGLE -----      18 Flashes
D124: 0.0700 x 0.0180 OBLONG    -----      14 Flashes
D125: 0.0700 x 0.0180 RECTANGLE -----       2 Flashes
D126: 0.0180 x 0.0700 OBLONG    -----      14 Flashes
D127: 0.0180 x 0.0700 RECTANGLE -----       2 Flashes
D128: 0.0300 x 0.0850 RECTANGLE -----       8 Flashes
D129: 0.0600 x 0.0200 RECTANGLE -----      16 Flashes
D130: 0.0750 x 0.0210 RECTANGLE -----      20 Flashes
D131: 0.0130 x 0.0730 RECTANGLE -----      24 Flashes
D132: 0.0730 x 0.0130 RECTANGLE -----      24 Flashes
D133: 0.0300 x 0.0800 RECTANGLE -----       8 Flashes
D134: 0.0600 x 0.0400 RECTANGLE -----       1 Flashes
D135: 0.0930 x 0.1470 RECTANGLE -----       1 Flashes
D136: 0.0930 x 0.0530 RECTANGLE -----       3 Flashes
D137: 0.0905 x 0.0551 RECTANGLE -----       4 Flashes
D138: 0.2165 x 0.0787 RECTANGLE -----       4 Flashes
D139: 0.0590 x 0.0512 RECTANGLE -----       4 Flashes
D140: 0.0787 x 0.2165 RECTANGLE -----       2 Flashes
---------------------------------------------------------
 45 D-Codes      -----       0 Draws,     917 Flashes

*********************************************************

Output file: C:\CAINPCB\TELEM_SARURO\TELEM_SARURO.SMB

Aperture totals for C:\CAINPCB\TELEM_SARURO\TELEM_SARURO.SMB:
---------------------------------------------------------
D61:  0.0080 ROUND  --     154 Draws,       0 Flashes
D73:  0.0500 x 0.0400 RECTANGLE -----      78 Flashes
D74:  0.0400 x 0.0500 RECTANGLE -----      70 Flashes
D75:  0.0600 SQUARE --       0 Draws,       6 Flashes
D76:  0.0320 x 0.0380 RECTANGLE -----      16 Flashes
D80:  0.0550 ROUND  --       0 Draws,      11 Flashes
D81:  0.0550 SQUARE --       0 Draws,       4 Flashes
D82:  0.0620 ROUND  --       0 Draws,      14 Flashes
D83:  0.0620 SQUARE --       0 Draws,       2 Flashes
D84:  0.0580 ROUND  --       0 Draws,      72 Flashes
D85:  0.0580 SQUARE --       0 Draws,      12 Flashes
D89:  0.0394 x 0.0709 RECTANGLE -----       1 Flashes
D90:  0.0709 x 0.0669 RECTANGLE -----       3 Flashes
D92:  0.0709 x 0.0748 RECTANGLE -----       1 Flashes
D94:  0.0500 SQUARE --       0 Draws,       6 Flashes
D108: 0.0787 ROUND  --       0 Draws,       2 Flashes
D113: 0.0650 ROUND  --       0 Draws,      52 Flashes
D114: 0.0920 ROUND  --       0 Draws,       2 Flashes
D115: 0.1350 ROUND  --       0 Draws,       2 Flashes
D116: 0.1390 ROUND  --       0 Draws,       7 Flashes
D117: 0.0827 ROUND  --       0 Draws,       2 Flashes
D118: 0.0768 ROUND  --       0 Draws,       2 Flashes
D119: 0.0984 ROUND  --       0 Draws,       4 Flashes
D135: 0.0930 x 0.1470 RECTANGLE -----       1 Flashes
D136: 0.0930 x 0.0530 RECTANGLE -----       3 Flashes
D141: 0.0236 x 0.0669 RECTANGLE -----      10 Flashes
D142: 0.0450 x 0.0550 RECTANGLE -----       6 Flashes
D143: 0.0236 x 0.0590 RECTANGLE -----      54 Flashes
D144: 0.0750 x 0.0200 RECTANGLE -----       8 Flashes
D145: 0.0200 x 0.0750 RECTANGLE -----       8 Flashes
D146: 0.0400 x 0.0600 RECTANGLE -----       1 Flashes
D147: 0.1550 x 0.0500 RECTANGLE -----       3 Flashes
---------------------------------------------------------
 32 D-Codes      -----     154 Draws,     463 Flashes

*********************************************************

Output file: C:\CAINPCB\TELEM_SARURO\TELEM_SARURO.SST

Aperture totals for C:\CAINPCB\TELEM_SARURO\TELEM_SARURO.SST:
---------------------------------------------------------
D56:  0.0039 ROUND  --       4 Draws,       0 Flashes
D58:  0.0079 ROUND  --      12 Draws,       0 Flashes
D59:  0.0010 ROUND  --      12 Draws,       0 Flashes
D60:  0.0100 ROUND  --      49 Draws,       0 Flashes
D61:  0.0080 ROUND  --     162 Draws,       0 Flashes
D148: 0.0060 ROUND  --     557 Draws,       0 Flashes
D149: 0.0030 ROUND  --     108 Draws,       0 Flashes
D150: 0.0050 ROUND  --      10 Draws,       0 Flashes
D151: 0.0047 ROUND  --    3776 Draws,       4 Flashes
---------------------------------------------------------
  9 D-Codes      -----    4690 Draws,       4 Flashes

*********************************************************

Output file: C:\CAINPCB\TELEM_SARURO\TELEM_SARURO.SSB

Aperture totals for C:\CAINPCB\TELEM_SARURO\TELEM_SARURO.SSB:
---------------------------------------------------------
D56:  0.0039 ROUND  --      24 Draws,       0 Flashes
D58:  0.0079 ROUND  --     498 Draws,       0 Flashes
D59:  0.0010 ROUND  --      73 Draws,       0 Flashes
D60:  0.0100 ROUND  --       4 Draws,       0 Flashes
D61:  0.0080 ROUND  --      11 Draws,       0 Flashes
D148: 0.0060 ROUND  --     489 Draws,       0 Flashes
D149: 0.0030 ROUND  --       3 Draws,       0 Flashes
D151: 0.0047 ROUND  --     183 Draws,       0 Flashes
D152: 0.0063 ROUND  --     949 Draws,       0 Flashes
D153: 0.0059 ROUND  --     222 Draws,       0 Flashes
---------------------------------------------------------
 10 D-Codes      -----    2456 Draws,       0 Flashes

*********************************************************

Output file: C:\CAINPCB\TELEM_SARURO\TELEM_SARURO.DRD

Aperture totals for C:\CAINPCB\TELEM_SARURO\TELEM_SARURO.DRD:
---------------------------------------------------------
D56:  0.0039 ROUND  --       4 Draws,       0 Flashes
D60:  0.0100 ROUND  --    3588 Draws,       0 Flashes
---------------------------------------------------------
  2 D-Codes      -----    3592 Draws,       0 Flashes

*********************************************************

Output file: C:\CAINPCB\TELEM_SARURO\TELEM_SARURO.FAB

Aperture totals for C:\CAINPCB\TELEM_SARURO\TELEM_SARURO.FAB:
---------------------------------------------------------
D56:  0.0039 ROUND  --       4 Draws,       0 Flashes
D154: 0.0157 ROUND  --       0 Draws,     305 Flashes
D155: 0.0157 ROUND  --       0 Draws,      73 Flashes
D156: 0.0157 ROUND  --       0 Draws,     106 Flashes
---------------------------------------------------------
  4 D-Codes      -----       4 Draws,     484 Flashes


*********************************************************

Aperture totals for entire project:
---------------------------------------------------------
D10:  0.0669 ROUND  --       0 Draws,       4 Flashes
D11:  0.0500 x 0.0400 RECTANGLE -----      46 Flashes
D12:  0.0400 x 0.0500 RECTANGLE -----      58 Flashes
D13:  0.0350 x 0.0300 RECTANGLE -----      66 Flashes
D14:  0.0400 x 0.0650 RECTANGLE -----       4 Flashes
D15:  0.0600 SQUARE --       0 Draws,       8 Flashes
D16:  0.1000 x 0.0600 RECTANGLE -----       4 Flashes
D17:  0.0320 x 0.0380 RECTANGLE -----      12 Flashes
D18:  0.0300 x 0.0350 RECTANGLE -----      16 Flashes
D19:  0.0600 ROUND  --       0 Draws,      52 Flashes
D20:  0.0870 ROUND  --       0 Draws,       2 Flashes
D21:  0.1250 ROUND  --       0 Draws,       2 Flashes
D22:  0.0550 ROUND  --       0 Draws,      11 Flashes
D23:  0.0550 SQUARE --       0 Draws,       4 Flashes
D24:  0.0620 ROUND  --       0 Draws,      14 Flashes
D25:  0.0620 SQUARE --       0 Draws,       2 Flashes
D26:  0.0580 ROUND  --       0 Draws,      72 Flashes
D27:  0.0580 SQUARE --       0 Draws,      12 Flashes
D28:  0.0551 ROUND  --       0 Draws,       8 Flashes
D29:  0.1340 ROUND  --       0 Draws,       7 Flashes
D30:  0.0775 ROUND  --       0 Draws,       2 Flashes
D31:  0.0492 ROUND  --       0 Draws,       4 Flashes
D32:  0.0500 SQUARE --       0 Draws,       2 Flashes
D33:  0.0700 x 0.0110 OBLONG    -----     158 Flashes
D34:  0.0700 x 0.0110 RECTANGLE -----      18 Flashes
D35:  0.0110 x 0.0700 OBLONG    -----     158 Flashes
D36:  0.0110 x 0.0700 RECTANGLE -----      18 Flashes
D37:  0.0700 x 0.0180 OBLONG    -----      14 Flashes
D38:  0.0700 x 0.0180 RECTANGLE -----       2 Flashes
D39:  0.0180 x 0.0700 OBLONG    -----      14 Flashes
D40:  0.0180 x 0.0700 RECTANGLE -----       2 Flashes
D41:  0.0250 x 0.0800 RECTANGLE -----       8 Flashes
D42:  0.0550 x 0.0150 RECTANGLE -----      16 Flashes
D43:  0.0700 x 0.0160 RECTANGLE -----      20 Flashes
D44:  0.0100 x 0.0700 RECTANGLE -----      24 Flashes
D45:  0.0700 x 0.0100 RECTANGLE -----      24 Flashes
D46:  0.0250 x 0.0750 RECTANGLE -----       8 Flashes
D47:  0.0550 x 0.0350 RECTANGLE -----       1 Flashes
D48:  0.0450 x 0.0350 RECTANGLE -----       2 Flashes
D49:  0.0880 x 0.1420 RECTANGLE -----       1 Flashes
D50:  0.0880 x 0.0480 RECTANGLE -----       3 Flashes
D51:  0.0866 x 0.0512 RECTANGLE -----       4 Flashes
D52:  0.2165 x 0.0787 RECTANGLE -----       4 Flashes
D53:  0.0551 x 0.0472 RECTANGLE -----       4 Flashes
D54:  0.0787 x 0.2165 RECTANGLE -----       2 Flashes
D55:  0.0276 ROUND  --       0 Draws,     305 Flashes
D56:  0.0039 ROUND  --    5080 Draws,       0 Flashes
D57:  0.0118 ROUND  --    2122 Draws,       0 Flashes
D58:  0.0079 ROUND  --   43844 Draws,       5 Flashes
D59:  0.0010 ROUND  --    8089 Draws,       0 Flashes
D60:  0.0100 ROUND  --    4711 Draws,       0 Flashes
D61:  0.0080 ROUND  --    2900 Draws,       0 Flashes
D62:  0.0276 ROUND  --       0 Draws,     353 Flashes
D63:  0.0098 ROUND  --     126 Draws,       0 Flashes
D64:  0.0197 ROUND  --     162 Draws,       0 Flashes
D65:  0.0472 ROUND  --       8 Draws,       0 Flashes
D66:  0.0394 ROUND  --      65 Draws,       0 Flashes
D67:  0.0138 ROUND  --      23 Draws,       0 Flashes
D68:  0.0276 ROUND  --      27 Draws,       0 Flashes
D69:  0.0236 ROUND  --     171 Draws,       1 Flashes
D70:  0.0157 ROUND  --     127 Draws,       0 Flashes
D71:  0.0276 ROUND  --       0 Draws,       3 Flashes
D72:  0.0669 ROUND  --       0 Draws,       4 Flashes
D73:  0.0500 x 0.0400 RECTANGLE -----     204 Flashes
D74:  0.0400 x 0.0500 RECTANGLE -----     202 Flashes
D75:  0.0600 SQUARE --       0 Draws,      20 Flashes
D76:  0.0320 x 0.0380 RECTANGLE -----      44 Flashes
D77:  0.0600 ROUND  --       0 Draws,      52 Flashes
D78:  0.0870 ROUND  --       0 Draws,       2 Flashes
D79:  0.1250 ROUND  --       0 Draws,       2 Flashes
D80:  0.0550 ROUND  --       0 Draws,      33 Flashes
D81:  0.0550 SQUARE --       0 Draws,      12 Flashes
D82:  0.0620 ROUND  --       0 Draws,      42 Flashes
D83:  0.0620 SQUARE --       0 Draws,       6 Flashes
D84:  0.0580 ROUND  --       0 Draws,     216 Flashes
D85:  0.0580 SQUARE --       0 Draws,      36 Flashes
D86:  0.0551 ROUND  --       0 Draws,      16 Flashes
D87:  0.1340 ROUND  --       0 Draws,       7 Flashes
D88:  0.0775 ROUND  --       0 Draws,       2 Flashes
D89:  0.0394 x 0.0709 RECTANGLE -----       2 Flashes
D90:  0.0709 x 0.0669 RECTANGLE -----       6 Flashes
D91:  0.0165 x 0.0630 RECTANGLE -----      10 Flashes
D92:  0.0709 x 0.0748 RECTANGLE -----       2 Flashes
D93:  0.0492 ROUND  --       0 Draws,       4 Flashes
D94:  0.0500 SQUARE --       0 Draws,      14 Flashes
D95:  0.0197 x 0.0551 RECTANGLE -----      54 Flashes
D96:  0.0700 x 0.0150 RECTANGLE -----       8 Flashes
D97:  0.0150 x 0.0700 RECTANGLE -----       8 Flashes
D98:  0.0350 x 0.0550 RECTANGLE -----       1 Flashes
D99:  0.0350 x 0.0450 RECTANGLE -----       2 Flashes
D100: 0.0880 x 0.1420 RECTANGLE -----       1 Flashes
D101: 0.0880 x 0.0480 RECTANGLE -----       3 Flashes
D102: 0.1500 x 0.0450 RECTANGLE -----       3 Flashes
D103: 0.0276 ROUND  --       0 Draws,     305 Flashes
D104: 0.0276 ROUND  --       0 Draws,       2 Flashes
D105: 0.0315 ROUND  --       7 Draws,       0 Flashes
D106: 0.0354 ROUND  --       3 Draws,       0 Flashes
D107: 0.0200 ROUND  --       4 Draws,       0 Flashes
D108: 0.0787 ROUND  --       0 Draws,       4 Flashes
D109: 0.0400 x 0.0350 RECTANGLE -----      66 Flashes
D110: 0.0450 x 0.0700 RECTANGLE -----       4 Flashes
D111: 0.1050 x 0.0650 RECTANGLE -----       4 Flashes
D112: 0.0350 x 0.0400 RECTANGLE -----      16 Flashes
D113: 0.0650 ROUND  --       0 Draws,     104 Flashes
D114: 0.0920 ROUND  --       0 Draws,       4 Flashes
D115: 0.1350 ROUND  --       0 Draws,       4 Flashes
D116: 0.1390 ROUND  --       0 Draws,      14 Flashes
D117: 0.0827 ROUND  --       0 Draws,       4 Flashes
D118: 0.0768 ROUND  --       0 Draws,       4 Flashes
D119: 0.0984 ROUND  --       0 Draws,       8 Flashes
D120: 0.0700 x 0.0110 OBLONG    -----     158 Flashes
D121: 0.0700 x 0.0110 RECTANGLE -----      18 Flashes
D122: 0.0110 x 0.0700 OBLONG    -----     158 Flashes
D123: 0.0110 x 0.0700 RECTANGLE -----      18 Flashes
D124: 0.0700 x 0.0180 OBLONG    -----      14 Flashes
D125: 0.0700 x 0.0180 RECTANGLE -----       2 Flashes
D126: 0.0180 x 0.0700 OBLONG    -----      14 Flashes
D127: 0.0180 x 0.0700 RECTANGLE -----       2 Flashes
D128: 0.0300 x 0.0850 RECTANGLE -----       8 Flashes
D129: 0.0600 x 0.0200 RECTANGLE -----      16 Flashes
D130: 0.0750 x 0.0210 RECTANGLE -----      20 Flashes
D131: 0.0130 x 0.0730 RECTANGLE -----      24 Flashes
D132: 0.0730 x 0.0130 RECTANGLE -----      24 Flashes
D133: 0.0300 x 0.0800 RECTANGLE -----       8 Flashes
D134: 0.0600 x 0.0400 RECTANGLE -----       1 Flashes
D135: 0.0930 x 0.1470 RECTANGLE -----       2 Flashes
D136: 0.0930 x 0.0530 RECTANGLE -----       6 Flashes
D137: 0.0905 x 0.0551 RECTANGLE -----       4 Flashes
D138: 0.2165 x 0.0787 RECTANGLE -----       4 Flashes
D139: 0.0590 x 0.0512 RECTANGLE -----       4 Flashes
D140: 0.0787 x 0.2165 RECTANGLE -----       2 Flashes
D141: 0.0236 x 0.0669 RECTANGLE -----      10 Flashes
D142: 0.0450 x 0.0550 RECTANGLE -----       6 Flashes
D143: 0.0236 x 0.0590 RECTANGLE -----      54 Flashes
D144: 0.0750 x 0.0200 RECTANGLE -----       8 Flashes
D145: 0.0200 x 0.0750 RECTANGLE -----       8 Flashes
D146: 0.0400 x 0.0600 RECTANGLE -----       1 Flashes
D147: 0.1550 x 0.0500 RECTANGLE -----       3 Flashes
D148: 0.0060 ROUND  --    1046 Draws,       0 Flashes
D149: 0.0030 ROUND  --     111 Draws,       0 Flashes
D150: 0.0050 ROUND  --      10 Draws,       0 Flashes
D151: 0.0047 ROUND  --    3959 Draws,       4 Flashes
D152: 0.0063 ROUND  --     949 Draws,       0 Flashes
D153: 0.0059 ROUND  --     222 Draws,       0 Flashes
D154: 0.0157 ROUND  --       0 Draws,     305 Flashes
D155: 0.0157 ROUND  --       0 Draws,      73 Flashes
D156: 0.0157 ROUND  --       0 Draws,     106 Flashes
---------------------------------------------------------
147 D-Codes      -----   73766 Draws,    4230 Flashes


No warnings or errors.
