This is pdfTeX, Version 3.1415926-1.40.10 (TeX Live 2009/Debian) (format=pdflatex 2010.11.20)  5 MAY 2011 13:39
entering extended mode
 restricted \write18 enabled.
 %&-line parsing enabled.
**propuesta_tesis.tex
(./propuesta_tesis.tex
LaTeX2e <2009/09/24>
Babel <v3.8l> and hyphenation patterns for english, usenglishmax, dumylang, noh
yphenation, loaded.
(/usr/share/texmf-texlive/tex/latex/base/book.cls
Document Class: book 2007/10/19 v1.4h Standard LaTeX document class
(/usr/share/texmf-texlive/tex/latex/base/bk10.clo
File: bk10.clo 2007/10/19 v1.4h Standard LaTeX file (size option)
)
\c@part=\count79
\c@chapter=\count80
\c@section=\count81
\c@subsection=\count82
\c@subsubsection=\count83
\c@paragraph=\count84
\c@subparagraph=\count85
\c@figure=\count86
\c@table=\count87
\abovecaptionskip=\skip41
\belowcaptionskip=\skip42
\bibindent=\dimen102
)
(/usr/share/texmf-texlive/tex/latex/base/fontenc.sty
Package: fontenc 2005/09/27 v1.99g Standard LaTeX package
)
(/usr/share/texmf-texlive/tex/latex/base/inputenc.sty
Package: inputenc 2008/03/30 v1.1d Input encoding file
\inpenc@prehook=\toks14
\inpenc@posthook=\toks15

(/usr/share/texmf-texlive/tex/latex/base/latin1.def
File: latin1.def 2008/03/30 v1.1d Input encoding file
))
(/usr/share/texmf-texlive/tex/generic/babel/babel.sty
Package: babel 2008/07/06 v3.8l The Babel package

(/usr/share/texmf-texlive/tex/generic/babel/spanish.ldf
Language: spanish.ldf 2009/01/02 v5.0h Spanish support from the babel system

(/usr/share/texmf-texlive/tex/generic/babel/babel.def
File: babel.def 2008/07/06 v3.8l Babel common definitions
\babel@savecnt=\count88
\U@D=\dimen103
)

Package babel Warning: No hyphenation patterns were loaded for
(babel)                the language `Spanish'
(babel)                I will use the patterns loaded for \language=0 instead.

\l@spanish = a dialect from \language0
\es@datefmt=\count89
\es@quottoks=\toks16
\es@quotdepth=\count90
Package babel Info: Making " an active character on input line 492.
Package babel Info: Making . an active character on input line 585.
Package babel Info: Making < an active character on input line 630.
Package babel Info: Making > an active character on input line 630.
)) (/usr/share/texmf-texlive/tex/latex/graphics/color.sty
Package: color 2005/11/14 v1.0j Standard LaTeX Color (DPC)

(/etc/texmf/tex/latex/config/color.cfg
File: color.cfg 2007/01/18 v1.5 color configuration of teTeX/TeXLive
)
Package color Info: Driver file: pdftex.def on input line 130.

(/usr/share/texmf-texlive/tex/latex/pdftex-def/pdftex.def
File: pdftex.def 2009/08/25 v0.04m Graphics/color for pdfTeX
\Gread@gobject=\count91
)
(/usr/share/texmf-texlive/tex/latex/graphics/dvipsnam.def
File: dvipsnam.def 1999/02/16 v3.0i Driver-dependant file (DPC,SPQR)
))
(/usr/share/texmf/tex/latex/pgf/frontendlayer/tikz.sty
(/usr/share/texmf/tex/latex/pgf/basiclayer/pgf.sty
(/usr/share/texmf/tex/latex/pgf/utilities/pgfrcs.sty
(/usr/share/texmf/tex/generic/pgf/utilities/pgfutil-common.tex
\pgfutil@everybye=\toks17
)
(/usr/share/texmf/tex/generic/pgf/utilities/pgfutil-latex.def)
(/usr/share/texmf/tex/generic/pgf/utilities/pgfrcs.code.tex
Package: pgfrcs 2008/02/20 v2.00 (rcs-revision 1.21)
))
Package: pgf 2008/01/15 v2.00 (rcs-revision 1.12)

(/usr/share/texmf/tex/latex/pgf/basiclayer/pgfcore.sty
(/usr/share/texmf-texlive/tex/latex/graphics/graphicx.sty
Package: graphicx 1999/02/16 v1.0f Enhanced LaTeX Graphics (DPC,SPQR)

(/usr/share/texmf-texlive/tex/latex/graphics/keyval.sty
Package: keyval 1999/03/16 v1.13 key=value parser (DPC)
\KV@toks@=\toks18
)
(/usr/share/texmf-texlive/tex/latex/graphics/graphics.sty
Package: graphics 2009/02/05 v1.0o Standard LaTeX Graphics (DPC,SPQR)

(/usr/share/texmf-texlive/tex/latex/graphics/trig.sty
Package: trig 1999/03/16 v1.09 sin cos tan (DPC)
)
(/etc/texmf/tex/latex/config/graphics.cfg
File: graphics.cfg 2009/08/28 v1.8 graphics configuration of TeX Live
)
Package graphics Info: Driver file: pdftex.def on input line 91.
)
\Gin@req@height=\dimen104
\Gin@req@width=\dimen105
)
(/usr/share/texmf/tex/latex/pgf/systemlayer/pgfsys.sty
(/usr/share/texmf/tex/generic/pgf/systemlayer/pgfsys.code.tex
Package: pgfsys 2008/02/07 v2.00 (rcs-revision 1.31)

(/usr/share/texmf/tex/generic/pgf/utilities/pgfkeys.code.tex
\pgfkeys@pathtoks=\toks19
\pgfkeys@temptoks=\toks20
)
\pgf@x=\dimen106
\pgf@y=\dimen107
\pgf@xa=\dimen108
\pgf@ya=\dimen109
\pgf@xb=\dimen110
\pgf@yb=\dimen111
\pgf@xc=\dimen112
\pgf@yc=\dimen113
\c@pgf@counta=\count92
\c@pgf@countb=\count93
\c@pgf@countc=\count94
\c@pgf@countd=\count95

(/usr/share/texmf/tex/generic/pgf/systemlayer/pgf.cfg
File: pgf.cfg 2008/01/13  (rcs-revision 1.6)
)
Package pgfsys Info: Driver file for pgf: pgfsys-pdftex.def on input line 885.

(/usr/share/texmf/tex/generic/pgf/systemlayer/pgfsys-pdftex.def
File: pgfsys-pdftex.def 2007/12/20  (rcs-revision 1.20)

(/usr/share/texmf/tex/generic/pgf/systemlayer/pgfsys-common-pdf.def
File: pgfsys-common-pdf.def 2007/12/17  (rcs-revision 1.8)
)))
(/usr/share/texmf/tex/generic/pgf/systemlayer/pgfsyssoftpath.code.tex
File: pgfsyssoftpath.code.tex 2008/01/23  (rcs-revision 1.6)
\pgfsyssoftpath@smallbuffer@items=\count96
\pgfsyssoftpath@bigbuffer@items=\count97
)
(/usr/share/texmf/tex/generic/pgf/systemlayer/pgfsysprotocol.code.tex
File: pgfsysprotocol.code.tex 2006/10/16  (rcs-revision 1.4)
))
(/usr/share/texmf/tex/latex/xcolor/xcolor.sty
Package: xcolor 2007/01/21 v2.11 LaTeX color extensions (UK)

(/etc/texmf/tex/latex/config/color.cfg
File: color.cfg 2007/01/18 v1.5 color configuration of teTeX/TeXLive
)
Package xcolor Info: Driver file: pdftex.def on input line 225.
LaTeX Info: Redefining \color on input line 702.
Package xcolor Info: Model `cmy' substituted by `cmy0' on input line 1337.
Package xcolor Info: Model `hsb' substituted by `rgb' on input line 1341.
Package xcolor Info: Model `RGB' extended on input line 1353.
Package xcolor Info: Model `HTML' substituted by `rgb' on input line 1355.
Package xcolor Info: Model `Hsb' substituted by `hsb' on input line 1356.
Package xcolor Info: Model `tHsb' substituted by `hsb' on input line 1357.
Package xcolor Info: Model `HSB' substituted by `hsb' on input line 1358.
Package xcolor Info: Model `Gray' substituted by `gray' on input line 1359.
Package xcolor Info: Model `wave' substituted by `hsb' on input line 1360.
)
(/usr/share/texmf/tex/generic/pgf/basiclayer/pgfcore.code.tex
Package: pgfcore 2008/01/15 v2.00 (rcs-revision 1.6)

(/usr/share/texmf/tex/generic/pgf/math/pgfmath.code.tex
(/usr/share/texmf/tex/generic/pgf/math/pgfmathcalc.code.tex
(/usr/share/texmf/tex/generic/pgf/math/pgfmathutil.code.tex
\pgfmath@box=\box26
)
(/usr/share/texmf/tex/generic/pgf/math/pgfmathparser.code.tex
\pgfmath@stack=\toks21
\c@pgfmath@parsecounta=\count98
\c@pgfmath@parsecountb=\count99
\c@pgfmath@parsecountc=\count100
\pgfmath@parsex=\dimen114
)
(/usr/share/texmf/tex/generic/pgf/math/pgfmathoperations.code.tex
(/usr/share/texmf/tex/generic/pgf/math/pgfmathtrig.code.tex)
(/usr/share/texmf/tex/generic/pgf/math/pgfmathrnd.code.tex))
(/usr/share/texmf/tex/generic/pgf/math/pgfmathbase.code.tex)))
(/usr/share/texmf/tex/generic/pgf/basiclayer/pgfcorepoints.code.tex
File: pgfcorepoints.code.tex 2008/02/03  (rcs-revision 1.13)
\pgf@picminx=\dimen115
\pgf@picmaxx=\dimen116
\pgf@picminy=\dimen117
\pgf@picmaxy=\dimen118
\pgf@pathminx=\dimen119
\pgf@pathmaxx=\dimen120
\pgf@pathminy=\dimen121
\pgf@pathmaxy=\dimen122
\pgf@xx=\dimen123
\pgf@xy=\dimen124
\pgf@yx=\dimen125
\pgf@yy=\dimen126
\pgf@zx=\dimen127
\pgf@zy=\dimen128
)
(/usr/share/texmf/tex/generic/pgf/basiclayer/pgfcorepathconstruct.code.tex
File: pgfcorepathconstruct.code.tex 2008/02/13  (rcs-revision 1.14)
\pgf@path@lastx=\dimen129
\pgf@path@lasty=\dimen130
)
(/usr/share/texmf/tex/generic/pgf/basiclayer/pgfcorepathusage.code.tex
File: pgfcorepathusage.code.tex 2008/01/23  (rcs-revision 1.11)
\pgf@shorten@end@additional=\dimen131
\pgf@shorten@start@additional=\dimen132
)
(/usr/share/texmf/tex/generic/pgf/basiclayer/pgfcorescopes.code.tex
File: pgfcorescopes.code.tex 2008/01/15  (rcs-revision 1.26)
\pgfpic=\box27
\pgf@hbox=\box28
\pgf@layerbox@main=\box29
\pgf@picture@serial@count=\count101
)
(/usr/share/texmf/tex/generic/pgf/basiclayer/pgfcoregraphicstate.code.tex
File: pgfcoregraphicstate.code.tex 2007/12/12  (rcs-revision 1.8)
\pgflinewidth=\dimen133
)
(/usr/share/texmf/tex/generic/pgf/basiclayer/pgfcoretransformations.code.tex
File: pgfcoretransformations.code.tex 2008/02/04  (rcs-revision 1.10)
\pgf@pt@x=\dimen134
\pgf@pt@y=\dimen135
\pgf@pt@temp=\dimen136
)
(/usr/share/texmf/tex/generic/pgf/basiclayer/pgfcorequick.code.tex
File: pgfcorequick.code.tex 2006/10/11  (rcs-revision 1.2)
)
(/usr/share/texmf/tex/generic/pgf/basiclayer/pgfcoreobjects.code.tex
File: pgfcoreobjects.code.tex 2006/10/11  (rcs-revision 1.2)
)
(/usr/share/texmf/tex/generic/pgf/basiclayer/pgfcorepathprocessing.code.tex
File: pgfcorepathprocessing.code.tex 2008/01/23  (rcs-revision 1.7)
)
(/usr/share/texmf/tex/generic/pgf/basiclayer/pgfcorearrows.code.tex
File: pgfcorearrows.code.tex 2007/06/07  (rcs-revision 1.8)
)
(/usr/share/texmf/tex/generic/pgf/basiclayer/pgfcoreshade.code.tex
File: pgfcoreshade.code.tex 2007/12/10  (rcs-revision 1.9)
\pgf@max=\dimen137
\pgf@sys@shading@range@num=\count102
)
(/usr/share/texmf/tex/generic/pgf/basiclayer/pgfcoreimage.code.tex
File: pgfcoreimage.code.tex 2008/01/15  (rcs-revision 1.1)
\pgfexternal@startupbox=\box30
)
(/usr/share/texmf/tex/generic/pgf/basiclayer/pgfcorelayers.code.tex
File: pgfcorelayers.code.tex 2008/01/15  (rcs-revision 1.1)
)
(/usr/share/texmf/tex/generic/pgf/basiclayer/pgfcoretransparency.code.tex
File: pgfcoretransparency.code.tex 2008/01/17  (rcs-revision 1.2)
)
(/usr/share/texmf/tex/generic/pgf/basiclayer/pgfcorepatterns.code.tex
File: pgfcorepatterns.code.tex 2008/01/15  (rcs-revision 1.1)
)))
(/usr/share/texmf/tex/generic/pgf/modules/pgfmoduleshapes.code.tex
File: pgfmoduleshapes.code.tex 2008/02/13  (rcs-revision 1.4)
\pgfnodeparttextbox=\box31
\toks@savedmacro=\toks22
)
(/usr/share/texmf/tex/generic/pgf/modules/pgfmoduleplot.code.tex
File: pgfmoduleplot.code.tex 2008/01/15  (rcs-revision 1.1)
\pgf@plotwrite=\write3
)
(/usr/share/texmf/tex/latex/pgf/compatibility/pgfcomp-version-0-65.sty
Package: pgfcomp-version-0-65 2007/07/03 v2.00 (rcs-revision 1.7)
\pgf@nodesepstart=\dimen138
\pgf@nodesepend=\dimen139
)
(/usr/share/texmf/tex/latex/pgf/compatibility/pgfcomp-version-1-18.sty
Package: pgfcomp-version-1-18 2007/07/23 v2.00 (rcs-revision 1.1)
))
(/usr/share/texmf/tex/latex/pgf/utilities/pgffor.sty
(/usr/share/texmf/tex/generic/pgf/utilities/pgffor.code.tex
Package: pgffor 2007/11/07 v2.00 (rcs-revision 1.8)
\pgffor@iter=\dimen140
\pgffor@skip=\dimen141
))
(/usr/share/texmf/tex/generic/pgf/frontendlayer/tikz/tikz.code.tex
Package: tikz 2008/02/13 v2.00 (rcs-revision 1.27)

(/usr/share/texmf/tex/generic/pgf/libraries/pgflibraryplothandlers.code.tex
File: pgflibraryplothandlers.code.tex 2007/03/09 v2.00 (rcs-revision 1.9)
\pgf@plot@mark@count=\count103
\pgfplotmarksize=\dimen142
)
\tikz@lastx=\dimen143
\tikz@lasty=\dimen144
\tikz@lastxsaved=\dimen145
\tikz@lastysaved=\dimen146
\tikzleveldistance=\dimen147
\tikzsiblingdistance=\dimen148
\tikz@figbox=\box32
\tikz@tempbox=\box33
\tikztreelevel=\count104
\tikznumberofchildren=\count105
\tikznumberofcurrentchild=\count106
\tikz@fig@count=\count107

(/usr/share/texmf/tex/generic/pgf/modules/pgfmodulematrix.code.tex
File: pgfmodulematrix.code.tex 2008/01/15  (rcs-revision 1.1)
\pgfmatrixcurrentrow=\count108
\pgfmatrixcurrentcolumn=\count109
\pgf@matrix@numberofcolumns=\count110
)
\tikz@expandcount=\count111

(/usr/share/texmf/tex/generic/pgf/frontendlayer/tikz/libraries/tikzlibrarytopat
hs.code.tex
File: tikzlibrarytopaths.code.tex 2008/01/09 v2.00 (rcs-revision 1.1)
)))
(/usr/share/texmf/tex/generic/pgf/frontendlayer/tikz/libraries/tikzlibraryshape
s.code.tex
File: tikzlibraryshapes.code.tex 2008/01/09 v2.00 (rcs-revision 1.1)

(/usr/share/texmf/tex/generic/pgf/frontendlayer/tikz/libraries/tikzlibraryshape
s.geometric.code.tex
File: tikzlibraryshapes.geometric.code.tex 2008/01/09 v2.00 (rcs-revision 1.1)

(/usr/share/texmf/tex/generic/pgf/libraries/pgflibraryshapes.geometric.code.tex
File: pgflibraryshapes.geometric.code.tex 2008/02/01 v2.00 (rcs-revision 1.22)
))
(/usr/share/texmf/tex/generic/pgf/frontendlayer/tikz/libraries/tikzlibraryshape
s.misc.code.tex
File: tikzlibraryshapes.misc.code.tex 2008/01/09 v2.00 (rcs-revision 1.1)

(/usr/share/texmf/tex/generic/pgf/libraries/pgflibraryshapes.misc.code.tex
File: pgflibraryshapes.misc.code.tex 2008/02/12 v2.00 (rcs-revision 1.10)
))
(/usr/share/texmf/tex/generic/pgf/frontendlayer/tikz/libraries/tikzlibraryshape
s.symbols.code.tex
File: tikzlibraryshapes.symbols.code.tex 2008/01/09 v2.00 (rcs-revision 1.1)

(/usr/share/texmf/tex/generic/pgf/libraries/pgflibraryshapes.symbols.code.tex
File: pgflibraryshapes.symbols.code.tex 2008/01/30 v2.00 (rcs-revision 1.13)
))
(/usr/share/texmf/tex/generic/pgf/frontendlayer/tikz/libraries/tikzlibraryshape
s.arrows.code.tex
File: tikzlibraryshapes.arrows.code.tex 2008/01/09 v2.00 (rcs-revision 1.1)

(/usr/share/texmf/tex/generic/pgf/libraries/pgflibraryshapes.arrows.code.tex
File: pgflibraryshapes.arrows.code.tex 2007/11/10 v2.00 (rcs-revision 1.3)
))
(/usr/share/texmf/tex/generic/pgf/frontendlayer/tikz/libraries/tikzlibraryshape
s.callouts.code.tex
(/usr/share/texmf/tex/generic/pgf/libraries/pgflibraryshapes.callouts.code.tex)
)
(/usr/share/texmf/tex/generic/pgf/frontendlayer/tikz/libraries/tikzlibraryshape
s.multipart.code.tex
File: tikzlibraryshapes.multipart.code.tex 2008/01/09 v2.00 (rcs-revision 1.1)

(/usr/share/texmf/tex/generic/pgf/libraries/pgflibraryshapes.multipart.code.tex
File: pgflibraryshapes.multipart.code.tex 2008/01/15 v2.00 (rcs-revision 1.7)
\pgfnodepartlowerbox=\box34
\pgfnodepartsecondbox=\box35
\pgfnodepartthirdbox=\box36
\pgfnodepartfourthbox=\box37
)))
(/usr/share/texmf/tex/generic/pgf/frontendlayer/tikz/libraries/tikzlibraryarrow
s.code.tex
File: tikzlibraryarrows.code.tex 2008/01/09 v2.00 (rcs-revision 1.1)

(/usr/share/texmf/tex/generic/pgf/libraries/pgflibraryarrows.code.tex
File: pgflibraryarrows.code.tex 2007/06/07 v2.00 (rcs-revision 1.7)
))
(/usr/share/texmf-texlive/tex/latex/colortbl/colortbl.sty
Package: colortbl 2001/02/13 v0.1j Color table columns (DPC)

(/usr/share/texmf-texlive/tex/latex/tools/array.sty
Package: array 2008/09/09 v2.4c Tabular extension package (FMi)
\col@sep=\dimen149
\extrarowheight=\dimen150
\NC@list=\toks23
\extratabsurround=\skip43
\backup@length=\skip44
)
\everycr=\toks24
\minrowclearance=\skip45
)
(/usr/share/texmf/tex/generic/pgf/frontendlayer/tikz/libraries/tikzlibrarysnake
s.code.tex
File: tikzlibrarysnakes.code.tex 2008/02/05 v2.00 (rcs-revision 1.6)


Package tikz Warning: Snakes have been superseded by decorations. Please use th
e decoration libraries instead of the snakes library on input line 14.


(/usr/share/texmf/tex/generic/pgf/frontendlayer/tikz/libraries/tikzlibrarydecor
ations.pathmorphing.code.tex
(/usr/share/texmf/tex/generic/pgf/frontendlayer/tikz/libraries/tikzlibrarydecor
ations.code.tex
(/usr/share/texmf/tex/generic/pgf/modules/pgfmoduledecorations.code.tex
\pgfdecoratedcompleteddistance=\dimen151
\pgfdecoratedremainingdistance=\dimen152
\pgfdecoratedinputsegmentcompleteddistance=\dimen153
\pgfdecoratedinputsegmentremainingdistance=\dimen154
\pgf@decorate@distancetomove=\dimen155
\pgf@decorate@repeatstate=\count112
\pgfdecorationsegmentamplitude=\dimen156
\pgfdecorationsegmentlength=\dimen157
))
(/usr/share/texmf/tex/generic/pgf/libraries/pgflibrarydecorations.pathmorphing.
code.tex))
(/usr/share/texmf/tex/generic/pgf/frontendlayer/tikz/libraries/tikzlibrarydecor
ations.pathreplacing.code.tex
(/usr/share/texmf/tex/generic/pgf/libraries/pgflibrarydecorations.pathreplacing
.code.tex))
(/usr/share/texmf/tex/generic/pgf/frontendlayer/tikz/libraries/tikzlibrarydecor
ations.shapes.code.tex
(/usr/share/texmf/tex/generic/pgf/libraries/pgflibrarydecorations.shapes.code.t
ex)))
(/usr/share/texmf/tex/generic/pgf/frontendlayer/tikz/libraries/tikzlibraryautom
ata.code.tex
File: tikzlibraryautomata.code.tex 2008/02/14 v2.00 (rcs-revision 1.2)
)
(/usr/share/texmf/tex/generic/pgf/frontendlayer/tikz/libraries/tikzlibrarybackg
rounds.code.tex
File: tikzlibrarybackgrounds.code.tex 2008/01/09 v2.00 (rcs-revision 1.1)
\pgf@layerbox@background=\box38
\pgf@layerboxsaved@background=\box39
)
(/usr/share/texmf/tex/generic/pgf/frontendlayer/tikz/libraries/tikzlibrarypetri
.code.tex
File: tikzlibrarypetri.code.tex 2008/01/09 v2.00 (rcs-revision 1.1)
) (/usr/share/texmf-texlive/tex/latex/psnfss/times.sty
Package: times 2005/04/12 PSNFSS-v9.2a (SPQR) 
)
(/usr/share/texmf-texlive/tex/latex/tools/multicol.sty
Package: multicol 2008/12/05 v1.6h multicolumn formatting (FMi)
\c@tracingmulticols=\count113
\mult@box=\box40
\multicol@leftmargin=\dimen158
\c@unbalance=\count114
\c@collectmore=\count115
\doublecol@number=\count116
\multicoltolerance=\count117
\multicolpretolerance=\count118
\full@width=\dimen159
\page@free=\dimen160
\premulticols=\dimen161
\postmulticols=\dimen162
\multicolsep=\skip46
\multicolbaselineskip=\skip47
\partial@page=\box41
\last@line=\box42
\mult@rightbox=\box43
\mult@grightbox=\box44
\mult@gfirstbox=\box45
\mult@firstbox=\box46
\@tempa=\box47
\@tempa=\box48
\@tempa=\box49
\@tempa=\box50
\@tempa=\box51
\@tempa=\box52
\@tempa=\box53
\@tempa=\box54
\@tempa=\box55
\@tempa=\box56
\@tempa=\box57
\@tempa=\box58
\@tempa=\box59
\@tempa=\box60
\@tempa=\box61
\@tempa=\box62
\@tempa=\box63
\c@columnbadness=\count119
\c@finalcolumnbadness=\count120
\last@try=\dimen163
\multicolovershoot=\dimen164
\multicolundershoot=\dimen165
\mult@nat@firstbox=\box64
\colbreak@box=\box65
)
(/usr/share/texmf-texlive/tex/latex/multirow/multirow.sty
\bigstrutjot=\dimen166
)
(/usr/share/texmf-texlive/tex/latex/pdfpages/pdfpages.sty
Package: pdfpages 2009/02/07 v0.4g Insert pages of external PDF documents (AM)

(/usr/share/texmf-texlive/tex/latex/base/ifthen.sty
Package: ifthen 2001/05/26 v1.1c Standard LaTeX ifthen package (DPC)
)
(/usr/share/texmf-texlive/tex/latex/tools/calc.sty
Package: calc 2007/08/22 v4.3 Infix arithmetic (KKT,FJ)
\calc@Acount=\count121
\calc@Bcount=\count122
\calc@Adimen=\dimen167
\calc@Bdimen=\dimen168
\calc@Askip=\skip48
\calc@Bskip=\skip49
LaTeX Info: Redefining \setlength on input line 76.
LaTeX Info: Redefining \addtolength on input line 77.
\calc@Ccount=\count123
\calc@Cskip=\skip50
)
(/usr/share/texmf-texlive/tex/latex/eso-pic/eso-pic.sty
Package: eso-pic 2006/07/14 v1.1d eso-pic (RN)

(/usr/share/texmf-texlive/tex/latex/ms/everyshi.sty
Package: everyshi 2001/05/15 v3.00 EveryShipout Package (MS)
))
(/usr/share/texmf-texlive/tex/latex/pdfpages/pppdftex.def
File: pppdftex.def 2009/02/07 v0.4g Pdfpages driver for pdfTeX (AM)
)
\AM@pagebox=\box66
\AM@toc@title=\toks25
\c@AM@survey=\count124
\AM@templatesizebox=\box67
)
(/usr/share/texmf-texlive/tex/latex/listings/listings.sty
\lst@mode=\count125
\lst@gtempboxa=\box68
\lst@token=\toks26
\lst@length=\count126
\lst@currlwidth=\dimen169
\lst@column=\count127
\lst@pos=\count128
\lst@lostspace=\dimen170
\lst@width=\dimen171
\lst@newlines=\count129
\lst@lineno=\count130
\lst@maxwidth=\dimen172

(/usr/share/texmf-texlive/tex/latex/listings/lstmisc.sty
File: lstmisc.sty 2007/02/22 1.4 (Carsten Heinz)
\c@lstnumber=\count131
\lst@skipnumbers=\count132
\lst@framebox=\box69
)
(/usr/share/texmf-texlive/tex/latex/listings/listings.cfg
File: listings.cfg 2007/02/22 1.4 listings configuration
))
Package: listings 2007/02/22 1.4 (Carsten Heinz)

(/usr/share/texmf-texlive/tex/latex/listings/lstlang1.sty
File: lstlang1.sty 2004/09/05 1.3 listings language file
)
(/usr/share/texmf-texlive/tex/latex/listings/lstmisc.sty
File: lstmisc.sty 2007/02/22 1.4 (Carsten Heinz)
)
(/usr/share/texmf-texlive/tex/latex/float/float.sty
Package: float 2001/11/08 v1.3d Float enhancements (AL)
\c@float@type=\count133
\float@exts=\toks27
\float@box=\box70
\@float@everytoks=\toks28
\@floatcapt=\box71
)
(/usr/share/texmf-texlive/tex/latex/rotating/rotating.sty
Package: rotating 2009/03/28 v2.16a rotated objects in LaTeX
\c@r@tfl@t=\count134
\rotFPtop=\skip51
\rotFPbot=\skip52
\rot@float@box=\box72
\rot@mess@toks=\toks29
)
(/usr/share/texmf-texlive/tex/latex/subfigure/subfigure.sty
Package: subfigure 2002/03/15 v2.1.5 subfigure package
\subfigtopskip=\skip53
\subfigcapskip=\skip54
\subfigcaptopadj=\dimen173
\subfigbottomskip=\skip55
\subfigcapmargin=\dimen174
\subfiglabelskip=\skip56
\c@subfigure=\count135
\c@lofdepth=\count136
\c@subtable=\count137
\c@lotdepth=\count138

****************************************
* Local config file subfigure.cfg used *
****************************************
(/usr/share/texmf-texlive/tex/latex/subfigure/subfigure.cfg)
\subfig@top=\skip57
\subfig@bottom=\skip58
)
(/usr/share/texmf-texlive/tex/latex/oberdiek/pdflscape.sty
Package: pdflscape 2008/08/11 v0.10 Landscape pages in PDF (HO)

(/usr/share/texmf-texlive/tex/latex/graphics/lscape.sty
Package: lscape 2000/10/22 v3.01 Landscape Pages (DPC)
)
(/usr/share/texmf-texlive/tex/generic/oberdiek/ifpdf.sty
Package: ifpdf 2009/04/10 v2.0 Provides the ifpdf switch (HO)
Package ifpdf Info: pdfTeX in pdf mode detected.
)
Package pdflscape Info: Auto-detected driver: pdftex on input line 75.

(/usr/share/texmf-texlive/tex/generic/ifxetex/ifxetex.sty
Package: ifxetex 2009/01/23 v0.5 Provides ifxetex conditional
))
(/usr/share/texmf-texlive/tex/latex/pstricks/pstricks.sty
Package: pstricks 2008/11/26 v0.40 LaTeX wrapper for `PSTricks' (RN,HV)

(/usr/share/texmf-texlive/tex/generic/pstricks/pstricks.tex
`PSTricks' v1.29  <2009/05/19> (tvz)
\pst@dima=\dimen175
\pst@dimb=\dimen176
\pst@dimc=\dimen177
\pst@dimd=\dimen178
\pst@dimg=\dimen179
\pst@dimh=\dimen180
\pst@hbox=\box73
\pst@boxg=\box74
\pst@cnta=\count139
\pst@cntb=\count140
\pst@cntc=\count141
\pst@cntd=\count142
\pst@cntg=\count143
\pst@cnth=\count144
\pst@toks=\toks30
(/usr/share/texmf-texlive/tex/generic/pstricks/pstricks.con)
\psunit=\dimen181
\psxunit=\dimen182
\psyunit=\dimen183
\pslinewidth=\dimen184
\pst@customdefs=\toks31
\pslinearc=\dimen185
\everypsbox=\toks32
\psframesep=\dimen186
\pslabelsep=\dimen187
\pst@shift=\dimen188
\theoverlaybox=\box75
)
File: pstricks.tex 2009/05/19 v1.29 `PSTricks' (tvz,hv)
)
(/usr/share/texmf-texlive/tex/latex/amsmath/amsmath.sty
Package: amsmath 2000/07/18 v2.13 AMS math features
\@mathmargin=\skip59

For additional information on amsmath, use the `?' option.
(/usr/share/texmf-texlive/tex/latex/amsmath/amstext.sty
Package: amstext 2000/06/29 v2.01

(/usr/share/texmf-texlive/tex/latex/amsmath/amsgen.sty
File: amsgen.sty 1999/11/30 v2.0
\@emptytoks=\toks33
\ex@=\dimen189
))
(/usr/share/texmf-texlive/tex/latex/amsmath/amsbsy.sty
Package: amsbsy 1999/11/29 v1.2d
\pmbraise@=\dimen190
)
(/usr/share/texmf-texlive/tex/latex/amsmath/amsopn.sty
Package: amsopn 1999/12/14 v2.01 operator names
)
\inf@bad=\count145
LaTeX Info: Redefining \frac on input line 211.
\uproot@=\count146
\leftroot@=\count147
LaTeX Info: Redefining \overline on input line 307.
\classnum@=\count148
\DOTSCASE@=\count149
LaTeX Info: Redefining \ldots on input line 379.
LaTeX Info: Redefining \dots on input line 382.
LaTeX Info: Redefining \cdots on input line 467.
\Mathstrutbox@=\box76
\strutbox@=\box77
\big@size=\dimen191
LaTeX Font Info:    Redeclaring font encoding OML on input line 567.
LaTeX Font Info:    Redeclaring font encoding OMS on input line 568.
\macc@depth=\count150
\c@MaxMatrixCols=\count151
\dotsspace@=\muskip10
\c@parentequation=\count152
\dspbrk@lvl=\count153
\tag@help=\toks34
\row@=\count154
\column@=\count155
\maxfields@=\count156
\andhelp@=\toks35
\eqnshift@=\dimen192
\alignsep@=\dimen193
\tagshift@=\dimen194
\tagwidth@=\dimen195
\totwidth@=\dimen196
\lineht@=\dimen197
\@envbody=\toks36
\multlinegap=\skip60
\multlinetaggap=\skip61
\mathdisplay@stack=\toks37
LaTeX Info: Redefining \[ on input line 2666.
LaTeX Info: Redefining \] on input line 2667.
)
(/usr/share/texmf-texlive/tex/latex/amsfonts/amssymb.sty
Package: amssymb 2009/06/22 v3.00

(/usr/share/texmf-texlive/tex/latex/amsfonts/amsfonts.sty
Package: amsfonts 2009/06/22 v3.00 Basic AMSFonts support
\symAMSa=\mathgroup4
\symAMSb=\mathgroup5
LaTeX Font Info:    Overwriting math alphabet `\mathfrak' in version `bold'
(Font)                  U/euf/m/n --> U/euf/b/n on input line 96.
))
(/usr/share/texmf-texlive/tex/latex/base/latexsym.sty
Package: latexsym 1998/08/17 v2.2e Standard LaTeX package (lasy symbols)
\symlasy=\mathgroup6
LaTeX Font Info:    Overwriting symbol font `lasy' in version `bold'
(Font)                  U/lasy/m/n --> U/lasy/b/n on input line 47.
)
(/usr/share/texmf-texlive/tex/latex/tools/bm.sty
Package: bm 2004/02/26 v1.1c Bold Symbol Support (DPC/FMi)
\symboldoperators=\mathgroup7
\symboldletters=\mathgroup8
\symboldsymbols=\mathgroup9
\symboldlasy=\mathgroup10
LaTeX Font Info:    Redeclaring math alphabet \mathbf on input line 138.
LaTeX Info: Redefining \bm on input line 204.
)
(/usr/share/texmf-texlive/tex/latex/tools/longtable.sty
Package: longtable 2004/02/01 v4.11 Multi-page Table package (DPC)
\LTleft=\skip62
\LTright=\skip63
\LTpre=\skip64
\LTpost=\skip65
\LTchunksize=\count157
\LTcapwidth=\dimen198
\LT@head=\box78
\LT@firsthead=\box79
\LT@foot=\box80
\LT@lastfoot=\box81
\LT@cols=\count158
\LT@rows=\count159
\c@LT@tables=\count160
\c@LT@chunks=\count161
\LT@p@ftn=\toks38
) (./propuesta_tesis.aux

LaTeX Warning: Label `meth_flow' multiply defined.


LaTeX Warning: Label `jtag_basics' multiply defined.


LaTeX Warning: Label `kernel_module' multiply defined.

)
\openout1 = `propuesta_tesis.aux'.

LaTeX Font Info:    Checking defaults for OML/cmm/m/it on input line 53.
LaTeX Font Info:    ... okay on input line 53.
LaTeX Font Info:    Checking defaults for T1/cmr/m/n on input line 53.
LaTeX Font Info:    ... okay on input line 53.
LaTeX Font Info:    Checking defaults for OT1/cmr/m/n on input line 53.
LaTeX Font Info:    ... okay on input line 53.
LaTeX Font Info:    Checking defaults for OMS/cmsy/m/n on input line 53.
LaTeX Font Info:    ... okay on input line 53.
LaTeX Font Info:    Checking defaults for OMX/cmex/m/n on input line 53.
LaTeX Font Info:    ... okay on input line 53.
LaTeX Font Info:    Checking defaults for U/cmr/m/n on input line 53.
LaTeX Font Info:    ... okay on input line 53.
LaTeX Font Info:    Try loading font information for OT1+ptm on input line 53.
 (/usr/share/texmf-texlive/tex/latex/psnfss/ot1ptm.fd
File: ot1ptm.fd 2001/06/04 font definitions for OT1/ptm.
)
(/usr/share/texmf/tex/context/base/supp-pdf.mkii
[Loading MPS to PDF converter (version 2006.09.02).]
\scratchcounter=\count162
\scratchdimen=\dimen199
\scratchbox=\box82
\nofMPsegments=\count163
\nofMParguments=\count164
\everyMPshowfont=\toks39
\MPscratchCnt=\count165
\MPscratchDim=\dimen200
\MPnumerator=\count166
\everyMPtoPDFconversion=\toks40
) ABD: EveryShipout initializing macros
\c@lstlisting=\count167
LaTeX Font Info:    Font shape `OT1/ptm/bx/n' in size <24.88> not available
(Font)              Font shape `OT1/ptm/b/n' tried instead on input line 59.
 (./propuesta_tesis.toc
LaTeX Font Info:    Font shape `OT1/ptm/bx/n' in size <10> not available
(Font)              Font shape `OT1/ptm/b/n' tried instead on input line 2.
LaTeX Font Info:    Try loading font information for U+msa on input line 3.

(/usr/share/texmf-texlive/tex/latex/amsfonts/umsa.fd
File: umsa.fd 2009/06/22 v3.00 AMS symbols A
)
LaTeX Font Info:    Try loading font information for U+msb on input line 3.

(/usr/share/texmf-texlive/tex/latex/amsfonts/umsb.fd
File: umsb.fd 2009/06/22 v3.00 AMS symbols B
)
LaTeX Font Info:    Try loading font information for U+lasy on input line 3.

(/usr/share/texmf-texlive/tex/latex/base/ulasy.fd
File: ulasy.fd 1998/08/17 v2.2e LaTeX symbol font definitions
)
LaTeX Font Info:    Font shape `U/lasy/b/n' in size <7> not available
(Font)              Font shape `U/lasy/m/n' tried instead on input line 3.
LaTeX Font Info:    Font shape `U/lasy/b/n' in size <5> not available
(Font)              Font shape `U/lasy/m/n' tried instead on input line 3.
 [1
Non-PDF special ignored!
Non-PDF special ignored!
Non-PDF special ignored!


{/var/lib/texmf/fonts/map/pdftex/updmap/pdftex.map}]
[2] [3] [4])
\tf@toc=\write4
\openout4 = `propuesta_tesis.toc'.

 (./intro.tex [5] [6

]
Cap\'{\i }tulo 1.
LaTeX Font Info:    Font shape `OT1/ptm/bx/n' in size <20.74> not available
(Font)              Font shape `OT1/ptm/b/n' tried instead on input line 4.

Underfull \vbox (badness 10000) has occurred while \output is active []

 [7]
LaTeX Font Info:    Font shape `OT1/ptm/bx/n' in size <12> not available
(Font)              Font shape `OT1/ptm/b/n' tried instead on input line 21.

[8]
LaTeX Font Info:    Font shape `U/lasy/b/n' in size <8> not available
(Font)              Font shape `U/lasy/m/n' tried instead on input line 32.
LaTeX Font Info:    Font shape `U/lasy/b/n' in size <6> not available
(Font)              Font shape `U/lasy/m/n' tried instead on input line 32.

<./images/world_embedded_revenue_region.png, id=34, 523.20468pt x 334.24875pt>
File: ./images/world_embedded_revenue_region.png Graphic file (type png)

<use ./images/world_embedded_revenue_region.png>
<./images/world_embedded_revenue.png, id=35, 339.51843pt x 219.82124pt>
File: ./images/world_embedded_revenue.png Graphic file (type png)

<use ./images/world_embedded_revenue.png>
LaTeX Font Info:    Try loading font information for OMS+ptm on input line 57.

(/usr/share/texmf-texlive/tex/latex/psnfss/omsptm.fd
File: omsptm.fd 
)
LaTeX Font Info:    Font shape `OMS/ptm/m/n' in size <10> not available
(Font)              Font shape `OMS/cmsy/m/n' tried instead on input line 57.
 [9] [10 <./images/world_embedded_revenue_region.png (PNG copy)> <./images/worl
d_embedded_revenue.png (PNG copy)>]
LaTeX Font Info:    Font shape `OT1/ptm/bx/n' in size <14.4> not available
(Font)              Font shape `OT1/ptm/b/n' tried instead on input line 86.
 [11]
Underfull \vbox (badness 10000) has occurred while \output is active []

 [12]
[13]
Underfull \vbox (badness 10000) has occurred while \output is active []

 [14]
Underfull \vbox (badness 2189) has occurred while \output is active []

 [15])
(./technology_transfer.tex [16]
Cap\'{\i }tulo 2.
[17

]
Overfull \hbox (6.11864pt too wide) in paragraph at lines 28--29
[]\OT1/ptm/m/n/10 Techno-ware Rela-ciona-do con ob-je-tos: Her-ramien-tas, equi
pos, m[]aquinas, veh[]^^Pcu-los, fa-cil-i-dades f[]^^Psicas,
 []

<./images/technology_definition.png, id=65, 800.23969pt x 406.51875pt>
File: ./images/technology_definition.png Graphic file (type png)

<use ./images/technology_definition.png>
Overfull \hbox (53.35619pt too wide) in paragraph at lines 35--35
 [] 
 []

[18 <./images/technology_definition.png>] [19]
Overfull \hbox (11.25516pt too wide) in paragraph at lines 89--90
[]\OT1/ptm/m/it/10 Cerrada \OT1/ptm/m/n/10 La tec-nolog[]^^Pa y el conocimien-t
o se gen-era para fines pri-va-dos, la uti-lizaci[]on de este conocimien-
 []

[20] [21] [22]
Underfull \vbox (badness 10000) has occurred while \output is active []

 [23]
<./images/transfer_model.png, id=85, 433.62pt x 333.49594pt>
File: ./images/transfer_model.png Graphic file (type png)

<use ./images/transfer_model.png> [24] [25 <./images/transfer_model.png>]
[26] [27] [28]
Overfull \hbox (15.20412pt too wide) in paragraph at lines 293--294
[]\OT1/ptm/m/n/10 Proporcionar ed-u-caci[]on en trans-fer-en-cia tec-nol[]ogi-c
a y com-er-cial-izaci[]on a las in-sti-tu-ciones acad[]emi-
 []


Overfull \hbox (12.03496pt too wide) in paragraph at lines 296--297
[]\OT1/ptm/m/n/10 Promover las ac-tivi-dades de Trans-fer-en-cia tec-nol[]ogi-c
a que in-volu-cren trans-fer-en-cia de conocimien-
 []

[29] [30] [31]
Overfull \hbox (3.76445pt too wide) in paragraph at lines 401--401
[]\OT1/ptm/b/n/14.4 Actividades Pri-or-i-tarias Para Obten-er Una Trans-fer-en-
cia de Tec-
 []

[32] [33]
<./images/thesis_flow_diagram.png, id=118, 948.54375pt x 512.66531pt>
File: ./images/thesis_flow_diagram.png Graphic file (type png)

<use ./images/thesis_flow_diagram.png> [34] [35 <./images/thesis_flow_diagram.p
ng>]
Overfull \hbox (2.48338pt too wide) in paragraph at lines 449--449
[]\OT1/ptm/b/n/14.4 Metodolog[]^^Pa para la Trans-fer-en-cia Tec-nol[]ogi-ca y 
de Conocimien-
 []


Underfull \vbox (badness 10000) has occurred while \output is active []

 [36]
Overfull \hbox (11.31828pt too wide) in paragraph at lines 454--455
[]\OT1/ptm/m/n/10 El canal se-lec-ciona-do para re-alizar es-ta trans-fer-en-ci
a es la \OT1/ptm/b/n/10 Ed-u-caci[]on y el En-tre-namien-to\OT1/ptm/m/n/10 ; ap
rovechan-
 []

[37] [38] [39]

LaTeX Warning: Reference `education' on page 40 undefined on input line 565.

[40] [41]
<./images/TT_Methodology_phases.png, id=144, 424.58624pt x 430.60875pt>
File: ./images/TT_Methodology_phases.png Graphic file (type png)

<use ./images/TT_Methodology_phases.png> [42] [43 <./images/TT_Methodology_phas
es.png>]
Underfull \vbox (badness 10000) has occurred while \output is active []

 [44]
LaTeX Font Info:    Font shape `OT1/ptm/bx/n' in size <8> not available
(Font)              Font shape `OT1/ptm/b/n' tried instead on input line 675.

[45]) (./embedded.tex [46]
Cap\'{\i }tulo 3.
<./images/ES_Architecture.png, id=161, 488.82625pt x 407.5225pt>
File: ./images/ES_Architecture.png Graphic file (type png)

<use ./images/ES_Architecture.png> [47

]
Underfull \vbox (badness 7759) has occurred while \output is active []

 [48 <./images/ES_Architecture.png (PNG copy)>]
<./images/Embedded_systems_applications.png, id=169, 578.16pt x 397.485pt>
File: ./images/Embedded_systems_applications.png Graphic file (type png)

<use ./images/Embedded_systems_applications.png>
<./images/design_flow.jpg, id=170, 675.52374pt x 1068.99374pt>
File: ./images/design_flow.jpg Graphic file (type jpg)

<use ./images/design_flow.jpg>

LaTeX Warning: Float too large for page by 24.60542pt on input line 56.

[49 <./images/Embedded_systems_applications.png (PNG copy)>] [50 <./images/desi
gn_flow.jpg>]
<./images/TT_Methodology_phases_copmact.png, id=178, 408.77719pt x 215.30438pt>
File: ./images/TT_Methodology_phases_copmact.png Graphic file (type png)
<use ./images/TT_Methodology_phases_copmact.png> [51] [52 <./images/TT_Methodol
ogy_phases_copmact.png>]
Overfull \hbox (2.03848pt too wide) in paragraph at lines 105--106
[]\OT1/ptm/m/n/10 Las FP-GAs pro-por-cio-nan una al-ter-na-ti-va flex-i-ble par
a pro-toti-pa-do de ASICs, ya que per-miten cumplir
 []

<./images/GA_vs_FPGA.png, id=186, 414.73125pt x 251.94125pt>
File: ./images/GA_vs_FPGA.png Graphic file (type png)

<use ./images/GA_vs_FPGA.png>
<./images/GA_vs_ASIC_vs_FPGA.png, id=187, 383.26794pt x 258.10715pt>
File: ./images/GA_vs_ASIC_vs_FPGA.png Graphic file (type png)

<use ./images/GA_vs_ASIC_vs_FPGA.png> [53 <./images/GA_vs_FPGA.png>] [54 <./ima
ges/GA_vs_ASIC_vs_FPGA.png>]
Underfull \vbox (badness 10000) has occurred while \output is active []

 [55]
[56] <./images/embedded_os_trends.png, id=201, 555.0336pt x 363.2772pt>
File: ./images/embedded_os_trends.png Graphic file (type png)

<use ./images/embedded_os_trends.png> [57 <./images/embedded_os_trends.png (PNG
 copy)>]
<./images/embedded_processor_preference_history.jpg, id=205, 502.48103pt x 280.
76575pt>
File: ./images/embedded_processor_preference_history.jpg Graphic file (type jpg
)
 <use ./images/embedded_processor_preference_history.jpg> [58]
<./images/plataformas_adquiridas.png, id=209, 639.89063pt x 172.85196pt>
File: ./images/plataformas_adquiridas.png Graphic file (type png)

<use ./images/plataformas_adquiridas.png>
<./images/plataformas_adquiridas2.png, id=210, 773.89125pt x 176.66pt>
File: ./images/plataformas_adquiridas2.png Graphic file (type png)

<use ./images/plataformas_adquiridas2.png>
Overfull \hbox (37.547pt too wide) in paragraph at lines 191--193
 [] 
 []

[59 <./images/embedded_processor_preference_history.jpg>]
Underfull \vbox (badness 10000) has occurred while \output is active []

 [60 <./images/plataformas_adquiridas.png> <./images/plataformas_adquiridas2.pn
g (PNG copy)>] [61] <./images/soc_int_volatil.pdf, id=221, 402.50375pt x 217.81
375pt>
File: ./images/soc_int_volatil.pdf Graphic file (type pdf)

<use ./images/soc_int_volatil.pdf>
<./images/soc_no_int_volatil_mmu.pdf, id=223, 491.8375pt x 217.81375pt>
File: ./images/soc_no_int_volatil_mmu.pdf Graphic file (type pdf)

<use ./images/soc_no_int_volatil_mmu.pdf> [62 <./images/soc_int_volatil.pdf> <.
/images/soc_no_int_volatil_mmu.pdf>]
Overfull \hbox (2.80627pt too wide) in paragraph at lines 255--275
 [][] 
 []


Overfull \hbox (5.41719pt too wide) in paragraph at lines 283--284
[]\OT1/ptm/m/n/10 Como se men-cion[]o an-te-ri-or-mente, para este es-tu-dio se
 uti-lizar[]an her-ramien-tas abier-tas para la creaci[]on
 []

<./images/SW_design_flow.png, id=256, 366.61969pt x 298.86656pt>
File: ./images/SW_design_flow.png Graphic file (type png)

<use ./images/SW_design_flow.png> [63]
<./images/SoC_boot.pdf, id=260, 686.565pt x 594.22pt>
File: ./images/SoC_boot.pdf Graphic file (type pdf)

<use ./images/SoC_boot.pdf> [64 <./images/SW_design_flow.png (PNG copy)>]
<./images/SoC_boot2.pdf, id=265, 633.36626pt x 231.86626pt>
File: ./images/SoC_boot2.pdf Graphic file (type pdf)

<use ./images/SoC_boot2.pdf>
<./images/SoC_boot3.pdf, id=267, 317.185pt x 191.71625pt>
File: ./images/SoC_boot3.pdf Graphic file (type pdf)

<use ./images/SoC_boot3.pdf> [65 <./images/SoC_boot.pdf> <./images/SoC_boot2.pd
f>] <./images/jtag_basics.png, id=302, 286.06876pt x 325.215pt>
File: ./images/jtag_basics.png Graphic file (type png)

<use ./images/jtag_basics.png>
LaTeX Font Info:    Font shape `OT1/ptm/bx/it' in size <10> not available
(Font)              Font shape `OT1/ptm/b/it' tried instead on input line 326.
 [66 <./images/SoC_boot3.pdf>]
<./images/kernel.jpg, id=331, 437.635pt x 271.0125pt>
File: ./images/kernel.jpg Graphic file (type jpg)

<use ./images/kernel.jpg>
Underfull \hbox (badness 10000) in paragraph at lines 351--352
[]|\OT1/ptm/m/n/10 eCos, im-ple-mentaci[]on de
 []


Underfull \hbox (badness 10000) in paragraph at lines 353--354
[]|\OT1/ptm/m/n/10 Linux 2.4, sis-tema de
 []


Underfull \vbox (badness 1803) has occurred while \output is active []

 [67 <./images/jtag_basics.png (PNG copy)> <./images/kernel.jpg>] [68]
<./images/ECB_ARM7_Block.pdf, id=339, 509.905pt x 217.81375pt>
File: ./images/ECB_ARM7_Block.pdf Graphic file (type pdf)

<use ./images/ECB_ARM7_Block.pdf>
<./images/ECB_ARM7.jpg, id=341, 533.74406pt x 547.2947pt>
File: ./images/ECB_ARM7.jpg Graphic file (type jpg)

<use ./images/ECB_ARM7.jpg>
<./images/xport_Block.pdf, id=342, 531.9875pt x 566.115pt>
File: ./images/xport_Block.pdf Graphic file (type pdf)

<use ./images/xport_Block.pdf>
<./images/xport.jpg, id=344, 832.61063pt x 389.95688pt>
File: ./images/xport.jpg Graphic file (type jpg)

<use ./images/xport.jpg>
Overfull \hbox (1.65204pt too wide) in paragraph at lines 405--406
 [][] 
 []

[69] [70 <./images/ECB_ARM7_Block.pdf> <./images/ECB_ARM7.jpg> <./images/xport_
Block.pdf> <./images/xport.jpg>]
<./images/ECB_AT91_V1.jpg, id=381, 937.25156pt x 365.86688pt>
File: ./images/ECB_AT91_V1.jpg Graphic file (type jpg)

<use ./images/ECB_AT91_V1.jpg>
<./images/ECB_AT91_V2.jpg, id=382, 877.2775pt x 513.92pt>
File: ./images/ECB_AT91_V2.jpg Graphic file (type jpg)

<use ./images/ECB_AT91_V2.jpg> [71 <./images/ECB_AT91_V1.jpg> <./images/ECB_AT9
1_V2.jpg>] <./images/ECBOT_Block.png, id=386, 803.25093pt x 545.78906pt>
File: ./images/ECBOT_Block.png Graphic file (type png)

<use ./images/ECBOT_Block.png>
<./images/ECBOT.png, id=388, 582.67688pt x 564.60938pt>
File: ./images/ECBOT.png Graphic file (type png)

<use ./images/ECBOT.png>
Overfull \hbox (25.62575pt too wide) in paragraph at lines 435--436
 [][] 
 []

<./images/ECB_BF532_Block.pdf, id=389, 509.905pt x 231.86626pt>
File: ./images/ECB_BF532_Block.pdf Graphic file (type pdf)

<use ./images/ECB_BF532_Block.pdf>
<./images/ECB_BF532.png, id=391, 669.2503pt x 513.41812pt>
File: ./images/ECB_BF532.png Graphic file (type png)

<use ./images/ECB_BF532.png>
Overfull \hbox (18.90816pt too wide) in paragraph at lines 446--447
 [][] 
 []

<./images/SIE_block_diagram.png, id=392, 501.37312pt x 274.02374pt>
File: ./images/SIE_block_diagram.png Graphic file (type png)

<use ./images/SIE_block_diagram.png>
<./images/SIE.jpg, id=393, 597.73312pt x 345.54094pt>
File: ./images/SIE.jpg Graphic file (type jpg)
 <use ./images/SIE.jpg>
Overfull \hbox (40.60432pt too wide) in paragraph at lines 458--459
 [][] 
 []


Overfull \hbox (13.99033pt too wide) in paragraph at lines 469--491
 [][] 
 []


Overfull \hbox (0.15694pt too wide) in paragraph at lines 493--494
[]\OT1/ptm/m/n/10 Durante la elab-o-raci[]on de es-tas platafor-mas se adquirie
ron ha-bil-i-dades en el dise[]no e im-ple-mentaci[]on
 []

[72 <./images/ECBOT_Block.png> <./images/ECBOT.png (PNG copy)>] [73 <./images/E
CB_BF532_Block.pdf> <./images/ECB_BF532.png> <./images/SIE_block_diagram.png> <
./images/SIE.jpg>]
<./images/proceso_de_fabricacion_PCBs.pdf, id=416, 496.85625pt x 641.39626pt>
File: ./images/proceso_de_fabricacion_PCBs.pdf Graphic file (type pdf)

<use ./images/proceso_de_fabricacion_PCBs.pdf> [74 <./images/proceso_de_fabrica
cion_PCBs.pdf>] <./images/SoC_reverse.pdf, id=435, 374.39874pt x 475.7775pt>
File: ./images/SoC_reverse.pdf Graphic file (type pdf)

<use ./images/SoC_reverse.pdf> [75] [76 <./images/SoC_reverse.pdf>] [77]
[78] [79]
Overfull \hbox (9.94624pt too wide) in paragraph at lines 614--615
[]\OT1/ptm/m/n/10 Sistema dis-tribui-do de con-trol de ver-siones []: El in-ter
-cam-bio de in-for-ma-ci[]on en-tre pro-gra-madores/usuar-
 []

<./images/git.pdf, id=462, 380.42125pt x 316.18124pt>
File: ./images/git.pdf Graphic file (type pdf)
 <use ./images/git.pdf>
[80 <./images/git.pdf>] [81]

LaTeX Warning: Citation `NC11' on page 82 undefined on input line 644.

[82]) (./education.tex [83] [84

]
Cap\'{\i }tulo 4.

Underfull \vbox (badness 10000) has occurred while \output is active []

 [85]
[86] <./images/CDIO_emp_lid.png, id=500, 363.3575pt x 168.63pt>
File: ./images/CDIO_emp_lid.png Graphic file (type png)

<use ./images/CDIO_emp_lid.png>
<./images/CDIO.png, id=501, 309.155pt x 129.283pt>
File: ./images/CDIO.png Graphic file (type png)
 <use ./images/CDIO.png>
Underfull \vbox (badness 2529) has occurred while \output is active []

 [87 <./images/CDIO_emp_lid.png>] [88 <./images/CDIO.png>]
<./images/CDIO_2_3.png, id=510, 267.24844pt x 177.66376pt>
File: ./images/CDIO_2_3.png Graphic file (type png)

<use ./images/CDIO_2_3.png>
<./images/CDIO_metodologia.png, id=511, 676.5275pt x 317.185pt>
File: ./images/CDIO_metodologia.png Graphic file (type png)

<use ./images/CDIO_metodologia.png>
Underfull \vbox (badness 10000) has occurred while \output is active []

 [89 <./images/CDIO_2_3.png (PNG copy)>] [90 <./images/CDIO_metodologia.png>] [
91]
[92] [93]
Overfull \hbox (69.07356pt too wide) in paragraph at lines 299--341
[][] 
 []

[94]
Underfull \vbox (badness 10000) has occurred while \output is active []

 [95]
Underfull \vbox (badness 10000) has occurred while \output is active []

 [96]
<./images/habilidades_digitales.png, id=538, 504.38437pt x 595.47469pt>
File: ./images/habilidades_digitales.png Graphic file (type png)

<use ./images/habilidades_digitales.png>
Underfull \vbox (badness 10000) has occurred while \output is active []

 [97]
Underfull \vbox (badness 10000) has occurred while \output is active []

 [98 <./images/habilidades_digitales.png>] [99]
Underfull \vbox (badness 10000) has occurred while \output is active []

 [100]
[101] <./images/ES_CDIO_flow.png, id=555, 399.74344pt x 349.305pt>
File: ./images/ES_CDIO_flow.png Graphic file (type png)

<use ./images/ES_CDIO_flow.png> [102] [103 <./images/ES_CDIO_flow.png>]
File: ./images/SIE_block_diagram.png Graphic file (type png)

<use ./images/SIE_block_diagram.png> [104]
<./images/HW_design_flow.pdf, id=566, 580.1675pt x 210.7875pt>
File: ./images/HW_design_flow.pdf Graphic file (type pdf)

<use ./images/HW_design_flow.pdf>
Overfull \hbox (8.3332pt too wide) in paragraph at lines 734--734
 [] 
 []

[105 <./images/HW_design_flow.pdf>]
<./images/char_write.png, id=579, 587.19376pt x 222.8325pt>
File: ./images/char_write.png Graphic file (type png)

<use ./images/char_write.png>
Overfull \hbox (13.6029pt too wide) in paragraph at lines 745--745
 [] 
 []


Overfull \hbox (14.1269pt too wide) in paragraph at lines 749--750
[]\OT1/ptm/m/n/10 Este tipo de simual-ciones per-miten en-ten-der per-fec-ta-me
nte con-cep-tos rela-ciona-dos con el fun-cionamien-
 []

<./images/soft_SoC_design_flow.pdf, id=580, 717.68124pt x 528.97626pt>
File: ./images/soft_SoC_design_flow.pdf Graphic file (type pdf)

<use ./images/soft_SoC_design_flow.pdf> [106 <./images/char_write.png (PNG copy
)>] [107 <./images/soft_SoC_design_flow.pdf>] [108]
<./images/Sw_hw_fpga_arch.png, id=615, 569.12625pt x 386.94562pt>
File: ./images/Sw_hw_fpga_arch.png Graphic file (type png)

<use ./images/Sw_hw_fpga_arch.png> [109 <./images/Sw_hw_fpga_arch.png>]
[110] [111] [112] [113] [114] [115] [116] [117] [118]
<./images/qucs.png, id=648, 992.70876pt x 688.5725pt>
File: ./images/qucs.png Graphic file (type png)
 <use ./images/qucs.png>
<./images/gtkwave.png, id=649, 539.76656pt x 316.18124pt>
File: ./images/gtkwave.png Graphic file (type png)

<use ./images/gtkwave.png> [119]
Underfull \vbox (badness 10000) has occurred while \output is active []

 [120 <./images/qucs.png (PNG copy)>]
<./images/kicad.pdf, id=656, 549.05125pt x 144.54pt>
File: ./images/kicad.pdf Graphic file (type pdf)
 <use ./images/kicad.pdf>
Overfull \hbox (12.45026pt too wide) in paragraph at lines 1273--1273
 [] 
 []


Underfull \vbox (badness 10000) has occurred while \output is active []

 [121 <./images/gtkwave.png (PNG copy)> <./images/kicad.pdf>] [122]
<./images/Qt.png, id=671, 240.9pt x 321.2pt>
File: ./images/Qt.png Graphic file (type png)
 <use ./images/Qt.png> [123]
[124 <./images/Qt.png (PNG copy)>] [125]
Underfull \vbox (badness 10000) has occurred while \output is active []

 [126])
(./commons.tex [127] [128

]
Cap\'{\i }tulo 5.

Underfull \vbox (badness 10000) has occurred while \output is active []

 [129]
[130] [131]
LaTeX Font Info:    Try loading font information for OML+ptm on input line 57.
 (/usr/share/texmf-texlive/tex/latex/psnfss/omlptm.fd
File: omlptm.fd 
)
LaTeX Font Info:    Font shape `OML/ptm/m/n' in size <8> not available
(Font)              Font shape `OML/cmm/m/it' tried instead on input line 57.
 [132]
[133] [134] <./images/framework_foss.png, id=713, 604.50844pt x 341.77687pt>
File: ./images/framework_foss.png Graphic file (type png)

<use ./images/framework_foss.png>
Underfull \vbox (badness 10000) has occurred while \output is active []

 [135 <./images/framework_foss.png>] [136] [137]
Overfull \hbox (5.78778pt too wide) in paragraph at lines 191--192
[]\OT1/ptm/m/n/10 El con-cep-to del \OT1/ptm/m/it/10 hard-ware copy-left \OT1/p
tm/m/n/10 naci[]o de un tra-ba-jo con-jun-to re-al-iza-do con el proyec-to \OT1
/ptm/m/it/10 qi-hardware[]
 []

[138] [139] [140]
LaTeX Font Info:    Font shape `OT1/ptm/bx/it' in size <14.4> not available
(Font)              Font shape `OT1/ptm/b/it' tried instead on input line 267.

<./images/design_flow_copyleft_hw.pdf, id=733, 603.25375pt x 329.23pt>
File: ./images/design_flow_copyleft_hw.pdf Graphic file (type pdf)

<use ./images/design_flow_copyleft_hw.pdf> [141] [142 <./images/design_flow_cop
yleft_hw.pdf>] [143] [144] [145]
<./images/modelo_transferencia_tecnologica.pdf, id=797, 536.0025pt x 303.1325pt
>
File: ./images/modelo_transferencia_tecnologica.pdf Graphic file (type pdf)
 <use ./images/modelo_transferencia_tecnologica.pdf>) (./conclusions.tex
[146] [147 <./images/modelo_transferencia_tecnologica.pdf>] [148

]
Cap\'{\i }tulo 6.
[149] [150] [151]
File: ./images/modelo_transferencia_tecnologica.pdf Graphic file (type pdf)
 <use ./images/modelo_transferencia_tecnologica.pdf> [152]
Underfull \vbox (badness 10000) has occurred while \output is active []

 [153]
[154]
Underfull \vbox (badness 10000) has occurred while \output is active []

 [155]
[156] [157] [158]
Underfull \hbox (badness 7099) in paragraph at lines 154--155
[]\OT1/ptm/m/n/8 Reconversi[]on, mod-ern-izaci[]on y/o
 []


Underfull \hbox (badness 10000) in paragraph at lines 168--168
[]|\OT1/ptm/m/n/8 Documentaci[]on en
 []


Underfull \hbox (badness 10000) in paragraph at lines 185--185
[]|\OT1/ptm/m/n/8 Capacitaci[]on en
 []


Underfull \hbox (badness 10000) in paragraph at lines 198--199
[]|\OT1/ptm/m/n/8 Capacitaci[]on en
 []


Underfull \hbox (badness 10000) in paragraph at lines 218--218
[]|\OT1/ptm/m/n/8 Capacitci[]on proce-
 []


Overfull \hbox (37.59996pt too wide) in paragraph at lines 146--239
 [][] 
 []


LaTeX Warning: Float too large for page by 61.00217pt on input line 239.

[159] [160]
LaTeX Font Info:    Font shape `OMS/ptm/m/n' in size <8> not available
(Font)              Font shape `OMS/cmsy/m/n' tried instead on input line 311.

Overfull \hbox (14.83766pt too wide) in paragraph at lines 267--349
 [][] 
 []

[161] [162] [163] <./images/SIEBlocks.png, id=875, 559.33969pt x 451.6875pt>
File: ./images/SIEBlocks.png Graphic file (type png)

<use ./images/SIEBlocks.png> [164 <./images/SIEBlocks.png (PNG copy)>]
<./images/proyecto_sena.pdf, id=879, 706.64pt x 379.4175pt>
File: ./images/proyecto_sena.pdf Graphic file (type pdf)

<use ./images/proyecto_sena.pdf> [165 <./images/proyecto_sena.pdf>])
(./platform.tex [166]
Ap\'{e}ndice A.
[167

]

LaTeX Warning: Reference `academic' on page 168 undefined on input line 19.


LaTeX Warning: Reference `industry' on page 168 undefined on input line 21.


Underfull \vbox (badness 2856) has occurred while \output is active []

 [168]
<./images/soc_boot_remap.png, id=1009, 354.57469pt x 134.75343pt>
File: ./images/soc_boot_remap.png Graphic file (type png)

<use ./images/soc_boot_remap.png>
<./images/soc_boot_proc.png, id=1010, 389.20406pt x 357.58594pt>
File: ./images/soc_boot_proc.png Graphic file (type png)

<use ./images/soc_boot_proc.png>

LaTeX Warning: `h' float specifier changed to `ht'.

[169 <./images/soc_boot_remap.png (PNG copy)>]
File: ./images/jtag_basics.png Graphic file (type png)
 <use ./images/jtag_basics.png>

LaTeX Warning: `h' float specifier changed to `ht'.

[170 <./images/soc_boot_proc.png (PNG copy)>] [171]
<./images/jtag_sm.png, id=1021, 226.59656pt x 277.78781pt>
File: ./images/jtag_sm.png Graphic file (type png)

<use ./images/jtag_sm.png>
<./images/embedded-linux-tool-trends-sm.jpg, id=1022, 301.125pt x 227.04292pt>
File: ./images/embedded-linux-tool-trends-sm.jpg Graphic file (type jpg)

<use ./images/embedded-linux-tool-trends-sm.jpg>

LaTeX Warning: `h' float specifier changed to `ht'.

[172 <./images/jtag_sm.png (PNG copy)>] [173 <./images/embedded-linux-tool-tren
ds-sm.jpg>] [174]
File: ./images/SW_design_flow.png Graphic file (type png)
 <use ./images/SW_design_flow.png> [175] [176]
Underfull \hbox (badness 10000) in paragraph at lines 245--246

 []

[177] <./images/ELF_Link_exec1.png, id=1042, 509.905pt x 312.16624pt>
File: ./images/ELF_Link_exec1.png Graphic file (type png)

<use ./images/ELF_Link_exec1.png> [178 <./images/ELF_Link_exec1.png (PNG copy)>
] [179] [180]
LaTeX Font Info:    Font shape `OMS/ptm/m/it' in size <8> not available
(Font)              Font shape `OMS/cmsy/m/n' tried instead on input line 431.
 [181]
Overfull \hbox (43.61345pt too wide) in paragraph at lines 463--465
[][][][][][][][][][][][][][][][][][][][][][][][][][][][][][][][][][][][][][][][
][][][][][][][][]
 []


Overfull \hbox (5.21306pt too wide) in paragraph at lines 469--470
[][][][][][][][][][][][][][][][][][][][][][][][][][][][][][][][][][][][][][][][
][][] 
 []

[182] <./images/at91rm9200.png, id=1059, 556.32843pt x 447.17062pt>
File: ./images/at91rm9200.png Graphic file (type png)

<use ./images/at91rm9200.png> [183 <./images/at91rm9200.png>]
<./images/sdram_basics.png, id=1064, 629.35126pt x 328.22626pt>
File: ./images/sdram_basics.png Graphic file (type png)

<use ./images/sdram_basics.png>
Underfull \hbox (badness 2582) in paragraph at lines 512--512
[]\OT1/ptm/m/n/10 Figura A.9: Di-a-gra-ma de Blo-ques de una memo-ria SDRAM fue
nte: Ho-ja de Es-peci-fi-ca-ciones
 []

[184 <./images/sdram_basics.png>]
<./images/nor_prog.png, id=1069, 647.41875pt x 344.78813pt>
File: ./images/nor_prog.png Graphic file (type png)

<use ./images/nor_prog.png> [185 <./images/nor_prog.png>]
<./images/arm_scan1.png, id=1074, 692.5875pt x 272.51813pt>
File: ./images/arm_scan1.png Graphic file (type png)

<use ./images/arm_scan1.png>

LaTeX Warning: `h' float specifier changed to `ht'.

<./images/arm_scan2.png, id=1075, 692.5875pt x 56.46094pt>
File: ./images/arm_scan2.png Graphic file (type png)

<use ./images/arm_scan2.png>

LaTeX Warning: `h' float specifier changed to `ht'.

[186] [187 <./images/arm_scan1.png (PNG copy)> <./images/arm_scan2.png (PNG cop
y)>] <./images/linuxhistory.jpg, id=1083, 471.7625pt x 417.56pt>
File: ./images/linuxhistory.jpg Graphic file (type jpg)

<use ./images/linuxhistory.jpg> [188 <./images/linuxhistory.jpg>]
File: ./images/kernel.jpg Graphic file (type jpg)

<use ./images/kernel.jpg>

LaTeX Warning: `h' float specifier changed to `ht'.

[189] [190] <./images/kernel_memory_mapping.jpg, id=1093, 566.115pt x 321.2pt>
File: ./images/kernel_memory_mapping.jpg Graphic file (type jpg)

<use ./images/kernel_memory_mapping.jpg>

LaTeX Warning: `h' float specifier changed to `ht'.

<./images/application_memory_mapping1.jpg, id=1094, 489.83pt x 355.3275pt>
File: ./images/application_memory_mapping1.jpg Graphic file (type jpg)

<use ./images/application_memory_mapping1.jpg>

LaTeX Warning: `h' float specifier changed to `ht'.

[191] [192 <./images/kernel_memory_mapping.jpg> <./images/application_memory_ma
pping1.jpg>] [193] [194]
<./images/ecb_at91_linux_config.png, id=1108, 478.78876pt x 299.61937pt>
File: ./images/ecb_at91_linux_config.png Graphic file (type png)

<use ./images/ecb_at91_linux_config.png>

LaTeX Warning: `h' float specifier changed to `ht'.

[195] [196 <./images/ecb_at91_linux_config.png (PNG copy)>] [197] [198]
[199]
Overfull \hbox (29.77773pt too wide) in paragraph at lines 1051--1052
[]\OT1/ptm/m/n/10 Finalmente debe-mos in-cluir un archi-vo de con-fig-u-raci[]o
n para el ker-nel (\OT1/ptm/m/it/10 arch/ar-m/-con-figs/ec-bat91[]defconfig\OT1
/ptm/m/n/10 )
 []

[200] [201] [202]
<./images/vmlinux_contents.png, id=1134, 185.19188pt x 442.65375pt>
File: ./images/vmlinux_contents.png Graphic file (type png)

<use ./images/vmlinux_contents.png> [203 <./images/vmlinux_contents.png>]
<./images/boot_process.png, id=1139, 402.75468pt x 240.9pt>
File: ./images/boot_process.png Graphic file (type png)

<use ./images/boot_process.png>

LaTeX Warning: `h' float specifier changed to `ht'.

[204] [205 <./images/boot_process.png>]
Overfull \hbox (24.41325pt too wide) in paragraph at lines 1265--1266
[][][][][][][][][][][][][][][][][][][][][][][][][][][][][][][][][][][][][][][][
][][][] 
 []


Overfull \hbox (19.6132pt too wide) in paragraph at lines 1284--1285
[][][][][][][][][][][][][][][][][][][][][][][][][][][][][][][][][][][][][][][][
][][][] 
 []

[206] [207]
Overfull \hbox (10.0131pt too wide) in paragraph at lines 1386--1387
[][][][][][][][][][][][][][][][][][][][][][][][][][][][][][][][][][][][][][] 
 []

[208] [209]
Overfull \hbox (48.4135pt too wide) in paragraph at lines 1454--1455
[][][][][][][][][][][][][][][][][][][][][][][][][][][][][][][][][][][][][][][][
][][][][][][][][][][][][][][] 
 []

[210]
Underfull \hbox (badness 10000) in paragraph at lines 1539--1539
[][]\OT1/ptm/m/n/8 Estos archivos pueden ser descar-ga-dos de: http://svn.arhua
co.org/svn/src/emqbit/ECB[]AT91[]V2/u-boot/u-boot-1.1.6-
 []


Overfull \hbox (0.70728pt too wide) in paragraph at lines 1542--1543
\OT1/ptm/m/n/10 sigu-iente lis-ta-do, fi-ja el n[]umero de la platafor-ma a: MA
CH[]TYPE[]ECBAT91 (1072 defini-da en \OT1/ptm/m/it/10 include/asm-
 []

[211] [212] [213]
Overfull \hbox (82.01384pt too wide) in paragraph at lines 1667--1668
[][][][][][][][][][][][][][][][][][][][][][][][][][][][][][][][][] 
 []


Overfull \hbox (41.48718pt too wide) in paragraph at lines 1702--1703
[]\OT1/ptm/m/n/10 El primer pa-so es ob-vi-a-mente descar-gar el c[]odi-go fuen
te de la ver-si[]on 1.1.6 de \OT1/ptm/m/it/10 http://sourceforge.net/projects/u
-
 []


Overfull \hbox (5.21306pt too wide) in paragraph at lines 1705--1706
[][][][][][][][][][][][][][][][][][][][][][][][][][][][][][][][][][] 
 []

[214] [215]
Overfull \hbox (38.8134pt too wide) in paragraph at lines 1798--1799
[][][][][][][][][][][][][][][][][][][][][][][][][][][][] 
 []

[216]
Overfull \hbox (6.00421pt too wide) in paragraph at lines 1820--1821
\OT1/ptm/m/n/10 ci[]on sea al-ma-ce-na-da en la memo-ria DataFlash, mien-tras s
e com-ple-ta la es-crit-u-ra la con-so-la no mostrar[]a ningu-
 []


Overfull \hbox (14.81316pt too wide) in paragraph at lines 1838--1839
[][][][][][][][][][][][][][][][][][][][][][][][][][][][][][][][][][][][][][][][
][][][][] 
 []

[217] [218] [219] [220] [221] [222]
LaTeX Font Info:    Font shape `OT1/ptm/bx/it' in size <12> not available
(Font)              Font shape `OT1/ptm/b/it' tried instead on input line 2097.

 [223] [224] [225]
Underfull \vbox (badness 10000) has occurred while \output is active []

 [226]
[227] <./images/kernel_module.png, id=1217, 236.885pt x 332.24126pt>
File: ./images/kernel_module.png Graphic file (type png)

<use ./images/kernel_module.png>

LaTeX Warning: Citation `Mo05' on page 228 undefined on input line 2272.

[228 <./images/kernel_module.png (PNG copy)>]

LaTeX Warning: Reference `major' on page 229 undefined on input line 2291.

<./images/major.png, id=1221, 307.90031pt x 155.07938pt>
File: ./images/major.png Graphic file (type png)

<use ./images/major.png>

LaTeX Warning: Citation `OPPS05' on page 229 undefined on input line 2301.

[229 <./images/major.png>]
Underfull \vbox (badness 3568) has occurred while \output is active []

 [230]
[231] <./images/computer-simple.png, id=1233, 488.57532pt x 328.22626pt>
File: ./images/computer-simple.png Graphic file (type png)

<use ./images/computer-simple.png>
<./images/rd_wr_waveform.png, id=1234, 450.9347pt x 234.1247pt>
File: ./images/rd_wr_waveform.png Graphic file (type png)

<use ./images/rd_wr_waveform.png>

LaTeX Warning: `h' float specifier changed to `ht'.

[232 <./images/computer-simple.png (PNG copy)>]
<./images/sw_hw_fpga_arch.png, id=1238, 560.8453pt x 353.06906pt>
File: ./images/sw_hw_fpga_arch.png Graphic file (type png)

<use ./images/sw_hw_fpga_arch.png>

LaTeX Warning: `h' float specifier changed to `ht'.

<./images/cs_we_pulse.png, id=1239, 213.04594pt x 90.15123pt>
File: ./images/cs_we_pulse.png Graphic file (type png)

<use ./images/cs_we_pulse.png>

LaTeX Warning: `h' float specifier changed to `ht'.

[233 <./images/rd_wr_waveform.png>] [234 <./images/sw_hw_fpga_arch.png> <./imag
es/cs_we_pulse.png>] [235] [236]
Overfull \hbox (36.5544pt too wide) in paragraph at lines 2642--2643
[]\OT1/ptm/m/n/8 Cuando se re-al-ice una op-eraci[]on de lec-tura des-de es-pa-
cio de usuario, el pro-ce-so quedar[]a blo-quea-do por la fun-ci[]on \OT1/ptm/m
/it/8 wait[]event[]interruptible
 []

<./images/copy_to_from_user.png, id=1254, 397.485pt x 228.855pt>
File: ./images/copy_to_from_user.png Graphic file (type png)

<use ./images/copy_to_from_user.png>

LaTeX Warning: `h' float specifier changed to `ht'.

[237]) (./emqbit.tex [238 <./images/copy_to_from_user.png (PNG copy)>]
Ap\'{e}ndice A.
[239

] <documento_emqbit.pdf, id=1268, page=1, 614.295pt x 794.97pt>
File: documento_emqbit.pdf Graphic file (type pdf)

<use documento_emqbit.pdf, page 1>
File: documento_emqbit.pdf Graphic file (type pdf)
 <use documento_emqbit.pdf, page 1>
File: documento_emqbit.pdf Graphic file (type pdf)

<use documento_emqbit.pdf, page 1>
File: documento_emqbit.pdf Graphic file (type pdf)
 <use documento_emqbit.pdf, page 1>
File: documento_emqbit.pdf Graphic file (type pdf)

<use documento_emqbit.pdf, page 1> [240 <./documento_emqbit.pdf>]
<documento_emqbit.pdf, id=1351, page=2, 614.295pt x 794.97pt>
File: documento_emqbit.pdf Graphic file (type pdf)

<use documento_emqbit.pdf, page 2>
File: documento_emqbit.pdf Graphic file (type pdf)
 <use documento_emqbit.pdf, page 2>
File: documento_emqbit.pdf Graphic file (type pdf)

<use documento_emqbit.pdf, page 2> [241 <./documento_emqbit.pdf>]
<documento_emqbit.pdf, id=1357, page=3, 614.295pt x 794.97pt>
File: documento_emqbit.pdf Graphic file (type pdf)

<use documento_emqbit.pdf, page 3>
File: documento_emqbit.pdf Graphic file (type pdf)
 <use documento_emqbit.pdf, page 3>
File: documento_emqbit.pdf Graphic file (type pdf)

<use documento_emqbit.pdf, page 3> [242 <./documento_emqbit.pdf>]
<documento_emqbit.pdf, id=1362, page=4, 614.295pt x 794.97pt>
File: documento_emqbit.pdf Graphic file (type pdf)

<use documento_emqbit.pdf, page 4>
File: documento_emqbit.pdf Graphic file (type pdf)
 <use documento_emqbit.pdf, page 4>
File: documento_emqbit.pdf Graphic file (type pdf)

<use documento_emqbit.pdf, page 4> [243 <./documento_emqbit.pdf>]
<documento_emqbit.pdf, id=1367, page=5, 614.295pt x 794.97pt>
File: documento_emqbit.pdf Graphic file (type pdf)

<use documento_emqbit.pdf, page 5>
File: documento_emqbit.pdf Graphic file (type pdf)
 <use documento_emqbit.pdf, page 5>
File: documento_emqbit.pdf Graphic file (type pdf)

<use documento_emqbit.pdf, page 5> [244 <./documento_emqbit.pdf>]
<documento_emqbit.pdf, id=1372, page=6, 614.295pt x 794.97pt>
File: documento_emqbit.pdf Graphic file (type pdf)

<use documento_emqbit.pdf, page 6>
File: documento_emqbit.pdf Graphic file (type pdf)
 <use documento_emqbit.pdf, page 6>
File: documento_emqbit.pdf Graphic file (type pdf)

<use documento_emqbit.pdf, page 6> [245 <./documento_emqbit.pdf>]
<documento_emqbit.pdf, id=1377, page=7, 614.295pt x 794.97pt>
File: documento_emqbit.pdf Graphic file (type pdf)

<use documento_emqbit.pdf, page 7>
File: documento_emqbit.pdf Graphic file (type pdf)
 <use documento_emqbit.pdf, page 7>
File: documento_emqbit.pdf Graphic file (type pdf)

<use documento_emqbit.pdf, page 7> [246 <./documento_emqbit.pdf>]
<documento_emqbit.pdf, id=1382, page=8, 614.295pt x 794.97pt>
File: documento_emqbit.pdf Graphic file (type pdf)

<use documento_emqbit.pdf, page 8>
File: documento_emqbit.pdf Graphic file (type pdf)
 <use documento_emqbit.pdf, page 8>
File: documento_emqbit.pdf Graphic file (type pdf)

<use documento_emqbit.pdf, page 8> [247 <./documento_emqbit.pdf>]
<documento_emqbit.pdf, id=1388, page=9, 614.295pt x 794.97pt>
File: documento_emqbit.pdf Graphic file (type pdf)

<use documento_emqbit.pdf, page 9>
File: documento_emqbit.pdf Graphic file (type pdf)
 <use documento_emqbit.pdf, page 9>
File: documento_emqbit.pdf Graphic file (type pdf)

<use documento_emqbit.pdf, page 9> [248 <./documento_emqbit.pdf>]
<documento_emqbit.pdf, id=1393, page=10, 614.295pt x 794.97pt>
File: documento_emqbit.pdf Graphic file (type pdf)

<use documento_emqbit.pdf, page 10>
File: documento_emqbit.pdf Graphic file (type pdf)
 <use documento_emqbit.pdf, page 10>
File: documento_emqbit.pdf Graphic file (type pdf)

<use documento_emqbit.pdf, page 10> [249 <./documento_emqbit.pdf>]
<documento_emqbit.pdf, id=1398, page=11, 614.295pt x 794.97pt>
File: documento_emqbit.pdf Graphic file (type pdf)

<use documento_emqbit.pdf, page 11>
File: documento_emqbit.pdf Graphic file (type pdf)
 <use documento_emqbit.pdf, page 11>
File: documento_emqbit.pdf Graphic file (type pdf)

<use documento_emqbit.pdf, page 11> [250 <./documento_emqbit.pdf>])
(./difusion_empresa.tex
Ap\'{e}ndice A.
) (./propuesta_tesis.bbl [251

] [252

]
Underfull \hbox (badness 10000) in paragraph at lines 11--14
[]\OT1/ptm/m/n/8 I. Bow-man, S. Sid-diqi, and M. Tan-u-an.  Con-crete Ar-chi-te
c-ture of the Lin-ux Ker-nel.
 []

[253]
Underfull \hbox (badness 3229) in paragraph at lines 229--233
[]\OT1/ptm/m/n/8 C. Ca-mar-go.  ECB[]AT91 y ECBOT Platafor-mas Abier-tas para e
l de-sar-rol-lo de Sis-temas Em-be-bidos.  \OT1/ptm/m/it/8 URL:
 []

[254]
Underfull \hbox (badness 5607) in paragraph at lines 351--355
[]\OT1/ptm/m/n/8 Edward F. Craw-ley.  The CDIO Syl-labus A State-ment of Goals 
for Un-der-grad-u-ate En-gi-neer-ing Ed-u-ca-tion.
 []

[255]) [256] (./propuesta_tesis.aux)

LaTeX Warning: There were undefined references.


LaTeX Warning: There were multiply-defined labels.

 ) 
Here is how much of TeX's memory you used:
 19603 strings out of 495061
 328151 string characters out of 1182620
 441087 words of memory out of 3000000
 22243 multiletter control sequences out of 15000+50000
 41702 words of font info for 91 fonts, out of 3000000 for 9000
 28 hyphenation exceptions out of 8191
 47i,19n,69p,2451b,1819s stack positions out of 5000i,500n,10000p,200000b,50000s
{/usr/share/texmf-texlive/fonts/enc/dvips/base/8r.enc}</usr/share/texmf-texli
ve/fonts/type1/public/amsfonts/cm/cmmi10.pfb></usr/share/texmf-texlive/fonts/ty
pe1/public/amsfonts/cm/cmmi8.pfb></usr/share/texmf-texlive/fonts/type1/public/a
msfonts/cm/cmr10.pfb></usr/share/texmf-texlive/fonts/type1/public/amsfonts/cm/c
msy10.pfb></usr/share/texmf-texlive/fonts/type1/public/amsfonts/cm/cmsy7.pfb></
usr/share/texmf-texlive/fonts/type1/public/amsfonts/cm/cmsy8.pfb></usr/share/te
xmf-texlive/fonts/type1/urw/helvetic/uhvb8a.pfb></usr/share/texmf-texlive/fonts
/type1/urw/helvetic/uhvbo8a.pfb></usr/share/texmf-texlive/fonts/type1/urw/helve
tic/uhvr8a.pfb></usr/share/texmf-texlive/fonts/type1/urw/times/utmb8a.pfb></usr
/share/texmf-texlive/fonts/type1/urw/times/utmbi8a.pfb></usr/share/texmf-texliv
e/fonts/type1/urw/times/utmr8a.pfb></usr/share/texmf-texlive/fonts/type1/urw/ti
mes/utmr8a.pfb></usr/share/texmf-texlive/fonts/type1/urw/times/utmri8a.pfb>
Output written on propuesta_tesis.pdf (256 pages, 10479936 bytes).
PDF statistics:
 1470 PDF objects out of 1728 (max. 8388607)
 0 named destinations out of 1000 (max. 500000)
 483 words of extra memory for PDF output out of 10000 (max. 10000000)

