This is pdfTeX, Version 3.1415926-1.40.10 (TeX Live 2009/Debian) (format=pdflatex 2011.7.25)  21 NOV 2011 11:14
entering extended mode
 %&-line parsing enabled.
**Embedded_system_design.tex
(./Embedded_system_design.tex
LaTeX2e <2009/09/24>
Babel <v3.8l> and hyphenation patterns for english, usenglishmax, dumylang, noh
yphenation, loaded.
(/usr/share/texmf-texlive/tex/latex/koma-script/scrbook.cls
Document Class: scrbook 2009/07/24 v3.04a KOMA-Script document class (book)
(/usr/share/texmf-texlive/tex/latex/koma-script/scrkbase.sty
Package: scrkbase 2009/07/24 v3.04a KOMA-Script package (KOMA-Script-dependent 
basics and keyval usage)

(/usr/share/texmf-texlive/tex/latex/koma-script/scrbase.sty
Package: scrbase 2009/07/24 v3.04a KOMA-Script package (KOMA-Script-independent
 basics and keyval usage)

(/usr/share/texmf-texlive/tex/latex/graphics/keyval.sty
Package: keyval 1999/03/16 v1.13 key=value parser (DPC)
\KV@toks@=\toks14
)
(/usr/share/texmf-texlive/tex/latex/koma-script/scrlfile.sty
Package: scrlfile 2009/03/25 v3.03 KOMA-Script package (loading files)

Package scrlfile, 2009/03/25 v3.03 KOMA-Script package (loading files)
                  Copyright (C) Markus Kohm

))) (/usr/share/texmf-texlive/tex/latex/koma-script/tocbasic.sty
Package: tocbasic 2009/06/08 v3.03b KOMA-Script package (handling toc-files)
)
Package tocbasic Info: omitting babel extension for `toc'
(tocbasic)             because of feature `nobabel' available
(tocbasic)             for `toc' on input line 117.
Package tocbasic Info: omitting babel extension for `lof'
(tocbasic)             because of feature `nobabel' available
(tocbasic)             for `lof' on input line 118.
Package tocbasic Info: omitting babel extension for `lot'
(tocbasic)             because of feature `nobabel' available
(tocbasic)             for `lot' on input line 119.

(/usr/share/texmf-texlive/tex/latex/base/fleqn.clo
File: fleqn.clo 1998/08/17 v1.1c Standard LaTeX option (flush left equations)
\mathindent=\dimen102
)
Class scrbook Info: You've used standard option `openany'.
(scrbook)           This is correct!
(scrbook)           Internaly I'm using `open=any'.
(scrbook)           If you'd like to set the option with \KOMAoptions,
(scrbook)           you'd have to use `open=any' there
(scrbook)           instead of `openany', too.
Class scrbook Info: File `scrsize11pt.clo' used instead of
(scrbook)           file `scrsize11.clo' to setup font sizes on input line 1272
.

(/usr/share/texmf-texlive/tex/latex/koma-script/scrsize11pt.clo
File: scrsize11pt.clo 2009/07/24 v3.04a KOMA-Script font size class option (11p
t)
)
(/usr/share/texmf-texlive/tex/latex/koma-script/typearea.sty
Package: typearea 2009/07/24 v3.04a KOMA-Script package (type area)

Package typearea, 2009/07/24 v3.04a KOMA-Script package (type area)
                  Copyright (C) Frank Neukam, 1992-1994
                  Copyright (C) Markus Kohm, 1994-

\ta@bcor=\skip41
\ta@div=\count79
Package typearea Info: You've used standard option `letterpaper'.
(typearea)             This is correct!
(typearea)             Internaly I'm using `paper=letter'.
(typearea)             If you'd like to set the option with \KOMAoptions,
(typearea)             you'd have to use `paper=letter' there
(typearea)             instead of `letterpaper', too.
\ta@hblk=\skip42
\ta@vblk=\skip43
\ta@temp=\skip44
Package typearea Info: These are the values describing the layout:
(typearea)             DIV  = 10
(typearea)             BCOR = 0.0pt
(typearea)             \paperwidth      = 614.295pt
(typearea)              \textwidth      = 430.00653pt
(typearea)              DIV departure   = -9%
(typearea)              \evensidemargin = 50.58899pt
(typearea)              \oddsidemargin  = -10.8405pt
(typearea)             \paperheight     = 794.96999pt
(typearea)              \textheight     = 568.60025pt
(typearea)              \topmargin      = -30.173pt
(typearea)              \headheight     = 17.0pt
(typearea)              \headsep        = 20.40001pt
(typearea)              \topskip        = 11.0pt
(typearea)              \footskip       = 47.60002pt
(typearea)              \baselineskip   = 13.6pt
(typearea)              on input line 1115.
)
\c@part=\count80
\c@chapter=\count81
\c@section=\count82
\c@subsection=\count83
\c@subsubsection=\count84
\c@paragraph=\count85
\c@subparagraph=\count86
\abovecaptionskip=\skip45
\belowcaptionskip=\skip46
\c@pti@nb@sid@b@x=\box26
\c@figure=\count87
\c@table=\count88
\bibindent=\dimen103
) (/usr/share/texmf-texlive/tex/latex/base/fontenc.sty
Package: fontenc 2005/09/27 v1.99g Standard LaTeX package
)
(/usr/share/texmf-texlive/tex/latex/base/inputenc.sty
Package: inputenc 2008/03/30 v1.1d Input encoding file
\inpenc@prehook=\toks15
\inpenc@posthook=\toks16

(/usr/share/texmf-texlive/tex/latex/base/latin1.def
File: latin1.def 2008/03/30 v1.1d Input encoding file
))
(/usr/share/texmf-texlive/tex/generic/babel/babel.sty
Package: babel 2008/07/06 v3.8l The Babel package

(/usr/share/texmf-texlive/tex/generic/babel/spanish.ldf
Language: spanish.ldf 2009/01/02 v5.0h Spanish support from the babel system

(/usr/share/texmf-texlive/tex/generic/babel/babel.def
File: babel.def 2008/07/06 v3.8l Babel common definitions
\babel@savecnt=\count89
\U@D=\dimen104
)

Package babel Warning: No hyphenation patterns were loaded for
(babel)                the language `Spanish'
(babel)                I will use the patterns loaded for \language=0 instead.

\l@spanish = a dialect from \language0
\es@datefmt=\count90
\es@quottoks=\toks17
\es@quotdepth=\count91
)) (/usr/share/texmf-texlive/tex/latex/appendix/appendix.sty
Package: appendix 2009/09/02 v1.2b extra appendix facilities
\c@@pps=\count92
\c@@ppsavesec=\count93
\c@@ppsaveapp=\count94
)
(/usr/share/texmf-texlive/tex/latex/graphics/color.sty
Package: color 2005/11/14 v1.0j Standard LaTeX Color (DPC)

(/etc/texmf/tex/latex/config/color.cfg
File: color.cfg 2007/01/18 v1.5 color configuration of teTeX/TeXLive
)
Package color Info: Driver file: pdftex.def on input line 130.

(/usr/share/texmf-texlive/tex/latex/pdftex-def/pdftex.def
File: pdftex.def 2009/08/25 v0.04m Graphics/color for pdfTeX
\Gread@gobject=\count95
)
(/usr/share/texmf-texlive/tex/latex/graphics/dvipsnam.def
File: dvipsnam.def 1999/02/16 v3.0i Driver-dependant file (DPC,SPQR)
))
(/usr/share/texmf/tex/latex/pgf/frontendlayer/tikz.sty
(/usr/share/texmf/tex/latex/pgf/basiclayer/pgf.sty
(/usr/share/texmf/tex/latex/pgf/utilities/pgfrcs.sty
(/usr/share/texmf/tex/generic/pgf/utilities/pgfutil-common.tex
\pgfutil@everybye=\toks18
)
(/usr/share/texmf/tex/generic/pgf/utilities/pgfutil-latex.def)
(/usr/share/texmf/tex/generic/pgf/utilities/pgfrcs.code.tex
Package: pgfrcs 2008/02/20 v2.00 (rcs-revision 1.21)
))
Package: pgf 2008/01/15 v2.00 (rcs-revision 1.12)

(/usr/share/texmf/tex/latex/pgf/basiclayer/pgfcore.sty
(/usr/share/texmf-texlive/tex/latex/graphics/graphicx.sty
Package: graphicx 1999/02/16 v1.0f Enhanced LaTeX Graphics (DPC,SPQR)

(/usr/share/texmf-texlive/tex/latex/graphics/graphics.sty
Package: graphics 2009/02/05 v1.0o Standard LaTeX Graphics (DPC,SPQR)

(/usr/share/texmf-texlive/tex/latex/graphics/trig.sty
Package: trig 1999/03/16 v1.09 sin cos tan (DPC)
)
(/etc/texmf/tex/latex/config/graphics.cfg
File: graphics.cfg 2009/08/28 v1.8 graphics configuration of TeX Live
)
Package graphics Info: Driver file: pdftex.def on input line 91.
)
\Gin@req@height=\dimen105
\Gin@req@width=\dimen106
)
(/usr/share/texmf/tex/latex/pgf/systemlayer/pgfsys.sty
(/usr/share/texmf/tex/generic/pgf/systemlayer/pgfsys.code.tex
Package: pgfsys 2008/02/07 v2.00 (rcs-revision 1.31)

(/usr/share/texmf/tex/generic/pgf/utilities/pgfkeys.code.tex
\pgfkeys@pathtoks=\toks19
\pgfkeys@temptoks=\toks20
)
\pgf@x=\dimen107
\pgf@y=\dimen108
\pgf@xa=\dimen109
\pgf@ya=\dimen110
\pgf@xb=\dimen111
\pgf@yb=\dimen112
\pgf@xc=\dimen113
\pgf@yc=\dimen114
\c@pgf@counta=\count96
\c@pgf@countb=\count97
\c@pgf@countc=\count98
\c@pgf@countd=\count99

(/usr/share/texmf/tex/generic/pgf/systemlayer/pgf.cfg
File: pgf.cfg 2008/01/13  (rcs-revision 1.6)
)
Package pgfsys Info: Driver file for pgf: pgfsys-pdftex.def on input line 885.

(/usr/share/texmf/tex/generic/pgf/systemlayer/pgfsys-pdftex.def
File: pgfsys-pdftex.def 2007/12/20  (rcs-revision 1.20)

(/usr/share/texmf/tex/generic/pgf/systemlayer/pgfsys-common-pdf.def
File: pgfsys-common-pdf.def 2007/12/17  (rcs-revision 1.8)
)))
(/usr/share/texmf/tex/generic/pgf/systemlayer/pgfsyssoftpath.code.tex
File: pgfsyssoftpath.code.tex 2008/01/23  (rcs-revision 1.6)
\pgfsyssoftpath@smallbuffer@items=\count100
\pgfsyssoftpath@bigbuffer@items=\count101
)
(/usr/share/texmf/tex/generic/pgf/systemlayer/pgfsysprotocol.code.tex
File: pgfsysprotocol.code.tex 2006/10/16  (rcs-revision 1.4)
))
(/usr/share/texmf/tex/latex/xcolor/xcolor.sty
Package: xcolor 2007/01/21 v2.11 LaTeX color extensions (UK)

(/etc/texmf/tex/latex/config/color.cfg
File: color.cfg 2007/01/18 v1.5 color configuration of teTeX/TeXLive
)
Package xcolor Info: Driver file: pdftex.def on input line 225.
LaTeX Info: Redefining \color on input line 702.
Package xcolor Info: Model `cmy' substituted by `cmy0' on input line 1337.
Package xcolor Info: Model `hsb' substituted by `rgb' on input line 1341.
Package xcolor Info: Model `RGB' extended on input line 1353.
Package xcolor Info: Model `HTML' substituted by `rgb' on input line 1355.
Package xcolor Info: Model `Hsb' substituted by `hsb' on input line 1356.
Package xcolor Info: Model `tHsb' substituted by `hsb' on input line 1357.
Package xcolor Info: Model `HSB' substituted by `hsb' on input line 1358.
Package xcolor Info: Model `Gray' substituted by `gray' on input line 1359.
Package xcolor Info: Model `wave' substituted by `hsb' on input line 1360.
)
(/usr/share/texmf/tex/generic/pgf/basiclayer/pgfcore.code.tex
Package: pgfcore 2008/01/15 v2.00 (rcs-revision 1.6)

(/usr/share/texmf/tex/generic/pgf/math/pgfmath.code.tex
(/usr/share/texmf/tex/generic/pgf/math/pgfmathcalc.code.tex
(/usr/share/texmf/tex/generic/pgf/math/pgfmathutil.code.tex
\pgfmath@box=\box27
)
(/usr/share/texmf/tex/generic/pgf/math/pgfmathparser.code.tex
\pgfmath@stack=\toks21
\c@pgfmath@parsecounta=\count102
\c@pgfmath@parsecountb=\count103
\c@pgfmath@parsecountc=\count104
\pgfmath@parsex=\dimen115
)
(/usr/share/texmf/tex/generic/pgf/math/pgfmathoperations.code.tex
(/usr/share/texmf/tex/generic/pgf/math/pgfmathtrig.code.tex)
(/usr/share/texmf/tex/generic/pgf/math/pgfmathrnd.code.tex))
(/usr/share/texmf/tex/generic/pgf/math/pgfmathbase.code.tex)))
(/usr/share/texmf/tex/generic/pgf/basiclayer/pgfcorepoints.code.tex
File: pgfcorepoints.code.tex 2008/02/03  (rcs-revision 1.13)
\pgf@picminx=\dimen116
\pgf@picmaxx=\dimen117
\pgf@picminy=\dimen118
\pgf@picmaxy=\dimen119
\pgf@pathminx=\dimen120
\pgf@pathmaxx=\dimen121
\pgf@pathminy=\dimen122
\pgf@pathmaxy=\dimen123
\pgf@xx=\dimen124
\pgf@xy=\dimen125
\pgf@yx=\dimen126
\pgf@yy=\dimen127
\pgf@zx=\dimen128
\pgf@zy=\dimen129
)
(/usr/share/texmf/tex/generic/pgf/basiclayer/pgfcorepathconstruct.code.tex
File: pgfcorepathconstruct.code.tex 2008/02/13  (rcs-revision 1.14)
\pgf@path@lastx=\dimen130
\pgf@path@lasty=\dimen131
)
(/usr/share/texmf/tex/generic/pgf/basiclayer/pgfcorepathusage.code.tex
File: pgfcorepathusage.code.tex 2008/01/23  (rcs-revision 1.11)
\pgf@shorten@end@additional=\dimen132
\pgf@shorten@start@additional=\dimen133
)
(/usr/share/texmf/tex/generic/pgf/basiclayer/pgfcorescopes.code.tex
File: pgfcorescopes.code.tex 2008/01/15  (rcs-revision 1.26)
\pgfpic=\box28
\pgf@hbox=\box29
\pgf@layerbox@main=\box30
\pgf@picture@serial@count=\count105
)
(/usr/share/texmf/tex/generic/pgf/basiclayer/pgfcoregraphicstate.code.tex
File: pgfcoregraphicstate.code.tex 2007/12/12  (rcs-revision 1.8)
\pgflinewidth=\dimen134
)
(/usr/share/texmf/tex/generic/pgf/basiclayer/pgfcoretransformations.code.tex
File: pgfcoretransformations.code.tex 2008/02/04  (rcs-revision 1.10)
\pgf@pt@x=\dimen135
\pgf@pt@y=\dimen136
\pgf@pt@temp=\dimen137
)
(/usr/share/texmf/tex/generic/pgf/basiclayer/pgfcorequick.code.tex
File: pgfcorequick.code.tex 2006/10/11  (rcs-revision 1.2)
)
(/usr/share/texmf/tex/generic/pgf/basiclayer/pgfcoreobjects.code.tex
File: pgfcoreobjects.code.tex 2006/10/11  (rcs-revision 1.2)
)
(/usr/share/texmf/tex/generic/pgf/basiclayer/pgfcorepathprocessing.code.tex
File: pgfcorepathprocessing.code.tex 2008/01/23  (rcs-revision 1.7)
)
(/usr/share/texmf/tex/generic/pgf/basiclayer/pgfcorearrows.code.tex
File: pgfcorearrows.code.tex 2007/06/07  (rcs-revision 1.8)
)
(/usr/share/texmf/tex/generic/pgf/basiclayer/pgfcoreshade.code.tex
File: pgfcoreshade.code.tex 2007/12/10  (rcs-revision 1.9)
\pgf@max=\dimen138
\pgf@sys@shading@range@num=\count106
)
(/usr/share/texmf/tex/generic/pgf/basiclayer/pgfcoreimage.code.tex
File: pgfcoreimage.code.tex 2008/01/15  (rcs-revision 1.1)
\pgfexternal@startupbox=\box31
)
(/usr/share/texmf/tex/generic/pgf/basiclayer/pgfcorelayers.code.tex
File: pgfcorelayers.code.tex 2008/01/15  (rcs-revision 1.1)
)
(/usr/share/texmf/tex/generic/pgf/basiclayer/pgfcoretransparency.code.tex
File: pgfcoretransparency.code.tex 2008/01/17  (rcs-revision 1.2)
)
(/usr/share/texmf/tex/generic/pgf/basiclayer/pgfcorepatterns.code.tex
File: pgfcorepatterns.code.tex 2008/01/15  (rcs-revision 1.1)
)))
(/usr/share/texmf/tex/generic/pgf/modules/pgfmoduleshapes.code.tex
File: pgfmoduleshapes.code.tex 2008/02/13  (rcs-revision 1.4)
\pgfnodeparttextbox=\box32
\toks@savedmacro=\toks22
)
(/usr/share/texmf/tex/generic/pgf/modules/pgfmoduleplot.code.tex
File: pgfmoduleplot.code.tex 2008/01/15  (rcs-revision 1.1)
\pgf@plotwrite=\write3
)
(/usr/share/texmf/tex/latex/pgf/compatibility/pgfcomp-version-0-65.sty
Package: pgfcomp-version-0-65 2007/07/03 v2.00 (rcs-revision 1.7)
\pgf@nodesepstart=\dimen139
\pgf@nodesepend=\dimen140
)
(/usr/share/texmf/tex/latex/pgf/compatibility/pgfcomp-version-1-18.sty
Package: pgfcomp-version-1-18 2007/07/23 v2.00 (rcs-revision 1.1)
))
(/usr/share/texmf/tex/latex/pgf/utilities/pgffor.sty
(/usr/share/texmf/tex/generic/pgf/utilities/pgffor.code.tex
Package: pgffor 2007/11/07 v2.00 (rcs-revision 1.8)
\pgffor@iter=\dimen141
\pgffor@skip=\dimen142
))
(/usr/share/texmf/tex/generic/pgf/frontendlayer/tikz/tikz.code.tex
Package: tikz 2008/02/13 v2.00 (rcs-revision 1.27)

(/usr/share/texmf/tex/generic/pgf/libraries/pgflibraryplothandlers.code.tex
File: pgflibraryplothandlers.code.tex 2007/03/09 v2.00 (rcs-revision 1.9)
\pgf@plot@mark@count=\count107
\pgfplotmarksize=\dimen143
)
\tikz@lastx=\dimen144
\tikz@lasty=\dimen145
\tikz@lastxsaved=\dimen146
\tikz@lastysaved=\dimen147
\tikzleveldistance=\dimen148
\tikzsiblingdistance=\dimen149
\tikz@figbox=\box33
\tikz@tempbox=\box34
\tikztreelevel=\count108
\tikznumberofchildren=\count109
\tikznumberofcurrentchild=\count110
\tikz@fig@count=\count111

(/usr/share/texmf/tex/generic/pgf/modules/pgfmodulematrix.code.tex
File: pgfmodulematrix.code.tex 2008/01/15  (rcs-revision 1.1)
\pgfmatrixcurrentrow=\count112
\pgfmatrixcurrentcolumn=\count113
\pgf@matrix@numberofcolumns=\count114
)
\tikz@expandcount=\count115

(/usr/share/texmf/tex/generic/pgf/frontendlayer/tikz/libraries/tikzlibrarytopat
hs.code.tex
File: tikzlibrarytopaths.code.tex 2008/01/09 v2.00 (rcs-revision 1.1)
)))
(/usr/share/texmf/tex/generic/pgf/frontendlayer/tikz/libraries/tikzlibraryarrow
s.code.tex
File: tikzlibraryarrows.code.tex 2008/01/09 v2.00 (rcs-revision 1.1)

(/usr/share/texmf/tex/generic/pgf/libraries/pgflibraryarrows.code.tex
File: pgflibraryarrows.code.tex 2007/06/07 v2.00 (rcs-revision 1.7)
))
(/usr/share/texmf/tex/generic/pgf/frontendlayer/tikz/libraries/tikzlibraryshape
s.code.tex
File: tikzlibraryshapes.code.tex 2008/01/09 v2.00 (rcs-revision 1.1)

(/usr/share/texmf/tex/generic/pgf/frontendlayer/tikz/libraries/tikzlibraryshape
s.geometric.code.tex
File: tikzlibraryshapes.geometric.code.tex 2008/01/09 v2.00 (rcs-revision 1.1)

(/usr/share/texmf/tex/generic/pgf/libraries/pgflibraryshapes.geometric.code.tex
File: pgflibraryshapes.geometric.code.tex 2008/02/01 v2.00 (rcs-revision 1.22)
))
(/usr/share/texmf/tex/generic/pgf/frontendlayer/tikz/libraries/tikzlibraryshape
s.misc.code.tex
File: tikzlibraryshapes.misc.code.tex 2008/01/09 v2.00 (rcs-revision 1.1)

(/usr/share/texmf/tex/generic/pgf/libraries/pgflibraryshapes.misc.code.tex
File: pgflibraryshapes.misc.code.tex 2008/02/12 v2.00 (rcs-revision 1.10)
))
(/usr/share/texmf/tex/generic/pgf/frontendlayer/tikz/libraries/tikzlibraryshape
s.symbols.code.tex
File: tikzlibraryshapes.symbols.code.tex 2008/01/09 v2.00 (rcs-revision 1.1)

(/usr/share/texmf/tex/generic/pgf/libraries/pgflibraryshapes.symbols.code.tex
File: pgflibraryshapes.symbols.code.tex 2008/01/30 v2.00 (rcs-revision 1.13)
))
(/usr/share/texmf/tex/generic/pgf/frontendlayer/tikz/libraries/tikzlibraryshape
s.arrows.code.tex
File: tikzlibraryshapes.arrows.code.tex 2008/01/09 v2.00 (rcs-revision 1.1)

(/usr/share/texmf/tex/generic/pgf/libraries/pgflibraryshapes.arrows.code.tex
File: pgflibraryshapes.arrows.code.tex 2007/11/10 v2.00 (rcs-revision 1.3)
))
(/usr/share/texmf/tex/generic/pgf/frontendlayer/tikz/libraries/tikzlibraryshape
s.callouts.code.tex
(/usr/share/texmf/tex/generic/pgf/libraries/pgflibraryshapes.callouts.code.tex)
)
(/usr/share/texmf/tex/generic/pgf/frontendlayer/tikz/libraries/tikzlibraryshape
s.multipart.code.tex
File: tikzlibraryshapes.multipart.code.tex 2008/01/09 v2.00 (rcs-revision 1.1)

(/usr/share/texmf/tex/generic/pgf/libraries/pgflibraryshapes.multipart.code.tex
File: pgflibraryshapes.multipart.code.tex 2008/01/15 v2.00 (rcs-revision 1.7)
\pgfnodepartlowerbox=\box35
\pgfnodepartsecondbox=\box36
\pgfnodepartthirdbox=\box37
\pgfnodepartfourthbox=\box38
)))
(/usr/share/texmf/tex/generic/pgf/frontendlayer/tikz/libraries/tikzlibraryposit
ioning.code.tex
File: tikzlibrarypositioning.code.tex 2008/02/12 v2.00 (rcs-revision 1.5)
)
(/usr/share/texmf/tex/generic/pgf/frontendlayer/tikz/libraries/tikzlibrarypatte
rns.code.tex
File: tikzlibrarypatterns.code.tex 2008/01/15 v2.00 (rcs-revision 1.2)

(/usr/share/texmf/tex/generic/pgf/libraries/pgflibrarypatterns.code.tex
File: pgflibrarypatterns.code.tex 2008/01/15 v2.00 (rcs-revision 1.12)
))
(/usr/share/texmf-texlive/tex/latex/colortbl/colortbl.sty
Package: colortbl 2001/02/13 v0.1j Color table columns (DPC)

(/usr/share/texmf-texlive/tex/latex/tools/array.sty
Package: array 2008/09/09 v2.4c Tabular extension package (FMi)
\col@sep=\dimen150
\extrarowheight=\dimen151
\NC@list=\toks23
\extratabsurround=\skip47
\backup@length=\skip48
)
\everycr=\toks24
\minrowclearance=\skip49
)
(/usr/share/texmf/tex/generic/pgf/frontendlayer/tikz/libraries/tikzlibrarysnake
s.code.tex
File: tikzlibrarysnakes.code.tex 2008/02/05 v2.00 (rcs-revision 1.6)


Package tikz Warning: Snakes have been superseded by decorations. Please use th
e decoration libraries instead of the snakes library on input line 14.


(/usr/share/texmf/tex/generic/pgf/frontendlayer/tikz/libraries/tikzlibrarydecor
ations.pathmorphing.code.tex
(/usr/share/texmf/tex/generic/pgf/frontendlayer/tikz/libraries/tikzlibrarydecor
ations.code.tex
(/usr/share/texmf/tex/generic/pgf/modules/pgfmoduledecorations.code.tex
\pgfdecoratedcompleteddistance=\dimen152
\pgfdecoratedremainingdistance=\dimen153
\pgfdecoratedinputsegmentcompleteddistance=\dimen154
\pgfdecoratedinputsegmentremainingdistance=\dimen155
\pgf@decorate@distancetomove=\dimen156
\pgf@decorate@repeatstate=\count116
\pgfdecorationsegmentamplitude=\dimen157
\pgfdecorationsegmentlength=\dimen158
))
(/usr/share/texmf/tex/generic/pgf/libraries/pgflibrarydecorations.pathmorphing.
code.tex))
(/usr/share/texmf/tex/generic/pgf/frontendlayer/tikz/libraries/tikzlibrarydecor
ations.pathreplacing.code.tex
(/usr/share/texmf/tex/generic/pgf/libraries/pgflibrarydecorations.pathreplacing
.code.tex))
(/usr/share/texmf/tex/generic/pgf/frontendlayer/tikz/libraries/tikzlibrarydecor
ations.shapes.code.tex
(/usr/share/texmf/tex/generic/pgf/libraries/pgflibrarydecorations.shapes.code.t
ex)))
(/usr/share/texmf/tex/generic/pgf/frontendlayer/tikz/libraries/tikzlibraryautom
ata.code.tex
File: tikzlibraryautomata.code.tex 2008/02/14 v2.00 (rcs-revision 1.2)
)
(/usr/share/texmf/tex/generic/pgf/frontendlayer/tikz/libraries/tikzlibrarybackg
rounds.code.tex
File: tikzlibrarybackgrounds.code.tex 2008/01/09 v2.00 (rcs-revision 1.1)
\pgf@layerbox@background=\box39
\pgf@layerboxsaved@background=\box40
)
(/usr/share/texmf/tex/generic/pgf/frontendlayer/tikz/libraries/tikzlibrarypetri
.code.tex
File: tikzlibrarypetri.code.tex 2008/01/09 v2.00 (rcs-revision 1.1)
) (/usr/share/texmf-texlive/tex/latex/psnfss/times.sty
Package: times 2005/04/12 PSNFSS-v9.2a (SPQR) 
)
(/usr/share/texmf-texlive/tex/latex/tools/multicol.sty
Package: multicol 2008/12/05 v1.6h multicolumn formatting (FMi)
\c@tracingmulticols=\count117
\mult@box=\box41
\multicol@leftmargin=\dimen159
\c@unbalance=\count118
\c@collectmore=\count119
\doublecol@number=\count120
\multicoltolerance=\count121
\multicolpretolerance=\count122
\full@width=\dimen160
\page@free=\dimen161
\premulticols=\dimen162
\postmulticols=\dimen163
\multicolsep=\skip50
\multicolbaselineskip=\skip51
\partial@page=\box42
\last@line=\box43
\mult@rightbox=\box44
\mult@grightbox=\box45
\mult@gfirstbox=\box46
\mult@firstbox=\box47
\@tempa=\box48
\@tempa=\box49
\@tempa=\box50
\@tempa=\box51
\@tempa=\box52
\@tempa=\box53
\@tempa=\box54
\@tempa=\box55
\@tempa=\box56
\@tempa=\box57
\@tempa=\box58
\@tempa=\box59
\@tempa=\box60
\@tempa=\box61
\@tempa=\box62
\@tempa=\box63
\@tempa=\box64
\c@columnbadness=\count123
\c@finalcolumnbadness=\count124
\last@try=\dimen164
\multicolovershoot=\dimen165
\multicolundershoot=\dimen166
\mult@nat@firstbox=\box65
\colbreak@box=\box66
)
(/usr/share/texmf-texlive/tex/latex/multirow/multirow.sty
\bigstrutjot=\dimen167
)
(/usr/share/texmf-texlive/tex/latex/pdfpages/pdfpages.sty
Package: pdfpages 2009/02/07 v0.4g Insert pages of external PDF documents (AM)

(/usr/share/texmf-texlive/tex/latex/base/ifthen.sty
Package: ifthen 2001/05/26 v1.1c Standard LaTeX ifthen package (DPC)
)
(/usr/share/texmf-texlive/tex/latex/tools/calc.sty
Package: calc 2007/08/22 v4.3 Infix arithmetic (KKT,FJ)
\calc@Acount=\count125
\calc@Bcount=\count126
\calc@Adimen=\dimen168
\calc@Bdimen=\dimen169
\calc@Askip=\skip52
\calc@Bskip=\skip53
LaTeX Info: Redefining \setlength on input line 76.
LaTeX Info: Redefining \addtolength on input line 77.
\calc@Ccount=\count127
\calc@Cskip=\skip54
)
(/usr/share/texmf-texlive/tex/latex/eso-pic/eso-pic.sty
Package: eso-pic 2006/07/14 v1.1d eso-pic (RN)

(/usr/share/texmf-texlive/tex/latex/ms/everyshi.sty
Package: everyshi 2001/05/15 v3.00 EveryShipout Package (MS)
))
(/usr/share/texmf-texlive/tex/latex/pdfpages/pppdftex.def
File: pppdftex.def 2009/02/07 v0.4g Pdfpages driver for pdfTeX (AM)
)
\AM@pagebox=\box67
\AM@toc@title=\toks25
\c@AM@survey=\count128
\AM@templatesizebox=\box68
)
(/usr/share/texmf-texlive/tex/latex/listings/listings.sty
\lst@mode=\count129
\lst@gtempboxa=\box69
\lst@token=\toks26
\lst@length=\count130
\lst@currlwidth=\dimen170
\lst@column=\count131
\lst@pos=\count132
\lst@lostspace=\dimen171
\lst@width=\dimen172
\lst@newlines=\count133
\lst@lineno=\count134
\lst@maxwidth=\dimen173

(/usr/share/texmf-texlive/tex/latex/listings/lstmisc.sty
File: lstmisc.sty 2007/02/22 1.4 (Carsten Heinz)
\c@lstnumber=\count135
\lst@skipnumbers=\count136
\lst@framebox=\box70
)
(/usr/share/texmf-texlive/tex/latex/listings/listings.cfg
File: listings.cfg 2007/02/22 1.4 listings configuration
))
Package: listings 2007/02/22 1.4 (Carsten Heinz)

(/usr/share/texmf-texlive/tex/latex/listings/lstlang1.sty
File: lstlang1.sty 2004/09/05 1.3 listings language file
)
(/usr/share/texmf-texlive/tex/latex/listings/lstmisc.sty
File: lstmisc.sty 2007/02/22 1.4 (Carsten Heinz)
)
(/usr/share/texmf-texlive/tex/latex/fancyhdr/fancyhdr.sty
\fancy@headwidth=\skip55
\f@ncyO@elh=\skip56
\f@ncyO@erh=\skip57
\f@ncyO@olh=\skip58
\f@ncyO@orh=\skip59
\f@ncyO@elf=\skip60
\f@ncyO@erf=\skip61
\f@ncyO@olf=\skip62
\f@ncyO@orf=\skip63
)
(/usr/share/texmf-texlive/tex/latex/glossaries/base/glossaries.sty
Package: glossaries 2009/09/23 v2.03 (NLCT)

(/usr/share/texmf-texlive/tex/latex/xkeyval/xkeyval.sty
Package: xkeyval 2008/08/13 v2.6a package option processing (HA)

(/usr/share/texmf-texlive/tex/generic/xkeyval/xkeyval.tex
\XKV@toks=\toks27
\XKV@tempa@toks=\toks28
\XKV@depth=\count137
File: xkeyval.tex 2008/08/13 v2.6a key=value parser (HA)
))
(/usr/share/texmf-texlive/tex/latex/glossaries/base/mfirstuc.sty
Package: mfirstuc 2008/12/22 v1.03 (NLCT)
)
(/usr/share/texmf-texlive/tex/latex/xfor/xfor.sty
Package: xfor 2009/02/05 v1.05 (NLCT)
)
(/usr/share/texmf-texlive/tex/latex/amsmath/amsgen.sty
File: amsgen.sty 1999/11/30 v2.0
\@emptytoks=\toks29
\ex@=\dimen174
)
(/usr/share/texmf-texlive/tex/latex/translator/translator.sty
Package: translator 2007/03/11 ver 1.00

(/usr/share/texmf-texlive/tex/latex/translator/translator-language-mappings.tex
))
\gls@level=\count138
\@gls@tmpb=\toks30
\gls@tmplen=\skip64
\istfile=\write4
 (/usr/share/texmf-texlive/tex/latex/glossaries/styles/glossary-hypernav.sty
Package: glossary-hypernav 2007/07/04 v1.01 (NLCT)
) (/usr/share/texmf-texlive/tex/latex/glossaries/styles/glossary-list.sty
Package: glossary-list 2009/05/30 v2.01 (NLCT)
\glslistdottedwidth=\skip65
)
(/usr/share/texmf-texlive/tex/latex/glossaries/styles/glossary-long.sty
Package: glossary-long 2009/05/30 v2.01 (NLCT)

(/usr/share/texmf-texlive/tex/latex/tools/longtable.sty
Package: longtable 2004/02/01 v4.11 Multi-page Table package (DPC)
\LTleft=\skip66
\LTright=\skip67
\LTpre=\skip68
\LTpost=\skip69
\LTchunksize=\count139
\LTcapwidth=\dimen175
\LT@head=\box71
\LT@firsthead=\box72
\LT@foot=\box73
\LT@lastfoot=\box74
\LT@cols=\count140
\LT@rows=\count141
\c@LT@tables=\count142
\c@LT@chunks=\count143
\LT@p@ftn=\toks31
)
Class scrbook Info: longtable captions redefined on input line 43.
\glsdescwidth=\skip70
\glspagelistwidth=\skip71
)
(/usr/share/texmf-texlive/tex/latex/glossaries/styles/glossary-super.sty
Package: glossary-super 2009/05/30 v2.01 (NLCT)

(/usr/share/texmf-texlive/tex/latex/supertabular/supertabular.sty
Package: supertabular 2004/02/20 v4.1e the supertabular environment
\c@tracingst=\count144
\ST@wd=\dimen176
\ST@rightskip=\skip72
\ST@leftskip=\skip73
\ST@parfillskip=\skip74
\ST@pageleft=\dimen177
\ST@headht=\dimen178
\ST@tailht=\dimen179
\ST@pagesofar=\dimen180
\ST@pboxht=\dimen181
\ST@lineht=\dimen182
\ST@stretchht=\dimen183
\ST@prevht=\dimen184
\ST@toadd=\dimen185
\ST@dimen=\dimen186
\ST@pbox=\box75
))
(/usr/share/texmf-texlive/tex/latex/glossaries/styles/glossary-tree.sty
Package: glossary-tree 2009/01/14 v1.01 (NLCT)
\glstreeindent=\skip75
))
(/usr/share/texmf-texlive/tex/latex/float/float.sty
Package: float 2001/11/08 v1.3d Float enhancements (AL)
\c@float@type=\count145
\float@exts=\toks32
\float@box=\box76
\@float@everytoks=\toks33
\@floatcapt=\box77
)
(/usr/share/texmf-texlive/tex/latex/rotating/rotating.sty
Package: rotating 2009/03/28 v2.16a rotated objects in LaTeX
\c@r@tfl@t=\count146
\rotFPtop=\skip76
\rotFPbot=\skip77
\rot@float@box=\box78
\rot@mess@toks=\toks34
)
(/usr/share/texmf-texlive/tex/latex/subfigure/subfigure.sty
Package: subfigure 2002/03/15 v2.1.5 subfigure package
\subfigtopskip=\skip78
\subfigcapskip=\skip79
\subfigcaptopadj=\dimen187
\subfigbottomskip=\skip80
\subfigcapmargin=\dimen188
\subfiglabelskip=\skip81
\c@subfigure=\count147
\c@lofdepth=\count148
\c@subtable=\count149
\c@lotdepth=\count150

****************************************
* Local config file subfigure.cfg used *
****************************************
(/usr/share/texmf-texlive/tex/latex/subfigure/subfigure.cfg)
\subfig@top=\skip82
\subfig@bottom=\skip83
)
(/usr/share/texmf-texlive/tex/latex/oberdiek/pdflscape.sty
Package: pdflscape 2008/08/11 v0.10 Landscape pages in PDF (HO)

(/usr/share/texmf-texlive/tex/latex/graphics/lscape.sty
Package: lscape 2000/10/22 v3.01 Landscape Pages (DPC)
)
(/usr/share/texmf-texlive/tex/generic/oberdiek/ifpdf.sty
Package: ifpdf 2009/04/10 v2.0 Provides the ifpdf switch (HO)
Package ifpdf Info: pdfTeX in pdf mode detected.
)
Package pdflscape Info: Auto-detected driver: pdftex on input line 75.

(/usr/share/texmf-texlive/tex/generic/ifxetex/ifxetex.sty
Package: ifxetex 2009/01/23 v0.5 Provides ifxetex conditional
))
(/usr/share/texmf-texlive/tex/latex/pstricks/pstricks.sty
Package: pstricks 2008/11/26 v0.40 LaTeX wrapper for `PSTricks' (RN,HV)

(/usr/share/texmf-texlive/tex/generic/pstricks/pstricks.tex
`PSTricks' v1.29  <2009/05/19> (tvz)
\pst@dima=\dimen189
\pst@dimb=\dimen190
\pst@dimc=\dimen191
\pst@dimd=\dimen192
\pst@dimg=\dimen193
\pst@dimh=\dimen194
\pst@hbox=\box79
\pst@boxg=\box80
\pst@cnta=\count151
\pst@cntb=\count152
\pst@cntc=\count153
\pst@cntd=\count154
\pst@cntg=\count155
\pst@cnth=\count156
\pst@toks=\toks35
(/usr/share/texmf-texlive/tex/generic/pstricks/pstricks.con)
\psunit=\dimen195
\psxunit=\dimen196
\psyunit=\dimen197
\pslinewidth=\dimen198
\pst@customdefs=\toks36
\pslinearc=\dimen199
\everypsbox=\toks37
\psframesep=\dimen200
\pslabelsep=\dimen201
\pst@shift=\dimen202
\theoverlaybox=\box81
)
File: pstricks.tex 2009/05/19 v1.29 `PSTricks' (tvz,hv)
)
(/usr/share/texmf-texlive/tex/latex/amsmath/amsmath.sty
Package: amsmath 2000/07/18 v2.13 AMS math features
\@mathmargin=\skip84

For additional information on amsmath, use the `?' option.
(/usr/share/texmf-texlive/tex/latex/amsmath/amstext.sty
Package: amstext 2000/06/29 v2.01
)
(/usr/share/texmf-texlive/tex/latex/amsmath/amsbsy.sty
Package: amsbsy 1999/11/29 v1.2d
\pmbraise@=\dimen203
)
(/usr/share/texmf-texlive/tex/latex/amsmath/amsopn.sty
Package: amsopn 1999/12/14 v2.01 operator names
)
\inf@bad=\count157
LaTeX Info: Redefining \frac on input line 211.
\uproot@=\count158
\leftroot@=\count159
LaTeX Info: Redefining \overline on input line 307.
\classnum@=\count160
\DOTSCASE@=\count161
LaTeX Info: Redefining \ldots on input line 379.
LaTeX Info: Redefining \dots on input line 382.
LaTeX Info: Redefining \cdots on input line 467.
\Mathstrutbox@=\box82
\strutbox@=\box83
\big@size=\dimen204
LaTeX Font Info:    Redeclaring font encoding OML on input line 567.
LaTeX Font Info:    Redeclaring font encoding OMS on input line 568.
\macc@depth=\count162
\c@MaxMatrixCols=\count163
\dotsspace@=\muskip10
\c@parentequation=\count164
\dspbrk@lvl=\count165
\tag@help=\toks38
\row@=\count166
\column@=\count167
\maxfields@=\count168
\andhelp@=\toks39
\eqnshift@=\dimen205
\alignsep@=\dimen206
\tagshift@=\dimen207
\tagwidth@=\dimen208
\totwidth@=\dimen209
\lineht@=\dimen210
\@envbody=\toks40
\multlinegap=\skip85
\multlinetaggap=\skip86
\mathdisplay@stack=\toks41
LaTeX Info: Redefining \[ on input line 2666.
LaTeX Info: Redefining \] on input line 2667.
)
(/usr/share/texmf-texlive/tex/latex/amsfonts/amssymb.sty
Package: amssymb 2009/06/22 v3.00

(/usr/share/texmf-texlive/tex/latex/amsfonts/amsfonts.sty
Package: amsfonts 2009/06/22 v3.00 Basic AMSFonts support
\symAMSa=\mathgroup4
\symAMSb=\mathgroup5
LaTeX Font Info:    Overwriting math alphabet `\mathfrak' in version `bold'
(Font)                  U/euf/m/n --> U/euf/b/n on input line 96.
))
(/usr/share/texmf-texlive/tex/latex/base/latexsym.sty
Package: latexsym 1998/08/17 v2.2e Standard LaTeX package (lasy symbols)
\symlasy=\mathgroup6
LaTeX Font Info:    Overwriting symbol font `lasy' in version `bold'
(Font)                  U/lasy/m/n --> U/lasy/b/n on input line 47.
)
(/usr/share/texmf-texlive/tex/latex/tools/bm.sty
Package: bm 2004/02/26 v1.1c Bold Symbol Support (DPC/FMi)
\symboldoperators=\mathgroup7
\symboldletters=\mathgroup8
\symboldsymbols=\mathgroup9
\symboldlasy=\mathgroup10
LaTeX Font Info:    Redeclaring math alphabet \mathbf on input line 138.
LaTeX Info: Redefining \bm on input line 204.
) (./acronym.tex
\glo@main@file=\write5
\openout5 = `Embedded_system_design.glo'.

Package glossaries Info: Writing glossary file Embedded_system_design.glo on in
put line 1.
\glo@acronym@file=\write6
\openout6 = `Embedded_system_design.acn'.

Package glossaries Info: Writing glossary file Embedded_system_design.acn on in
put line 1.
)
(./Embedded_system_design.aux

LaTeX Warning: Label `ECB_AT91_V1' multiply defined.


LaTeX Warning: Label `ECB_AT91_V2' multiply defined.


LaTeX Warning: Label `ECBOT' multiply defined.

)
\openout1 = `Embedded_system_design.aux'.

LaTeX Font Info:    Checking defaults for OML/cmm/m/it on input line 107.
LaTeX Font Info:    ... okay on input line 107.
LaTeX Font Info:    Checking defaults for T1/cmr/m/n on input line 107.
LaTeX Font Info:    ... okay on input line 107.
LaTeX Font Info:    Checking defaults for OT1/cmr/m/n on input line 107.
LaTeX Font Info:    ... okay on input line 107.
LaTeX Font Info:    Checking defaults for OMS/cmsy/m/n on input line 107.
LaTeX Font Info:    ... okay on input line 107.
LaTeX Font Info:    Checking defaults for OMX/cmex/m/n on input line 107.
LaTeX Font Info:    ... okay on input line 107.
LaTeX Font Info:    Checking defaults for U/cmr/m/n on input line 107.
LaTeX Font Info:    ... okay on input line 107.
LaTeX Font Info:    Try loading font information for OT1+ptm on input line 107.

 (/usr/share/texmf-texlive/tex/latex/psnfss/ot1ptm.fd
File: ot1ptm.fd 2001/06/04 font definitions for OT1/ptm.
)
(/usr/share/texmf/tex/context/base/supp-pdf.mkii
[Loading MPS to PDF converter (version 2006.09.02).]
\scratchcounter=\count169
\scratchdimen=\dimen211
\scratchbox=\box84
\nofMPsegments=\count170
\nofMParguments=\count171
\everyMPshowfont=\toks42
\MPscratchCnt=\count172
\MPscratchDim=\dimen212
\MPnumerator=\count173
\everyMPtoPDFconversion=\toks43
) ABD: EveryShipout initializing macros
\c@lstlisting=\count174

(/usr/share/texmf-texlive/tex/latex/glossaries/dict/glossaries-dictionary-Engli
sh.dict
Dictionary: glossaries-dictionary, Language: English 
)
(/usr/share/texmf-texlive/tex/latex/glossaries/dict/glossaries-dictionary-Spani
sh.dict
Dictionary: glossaries-dictionary, Language: Spanish 
) (./title.tex
LaTeX Font Info:    Try loading font information for OT1+phv on input line 12.
 (/usr/share/texmf-texlive/tex/latex/psnfss/ot1phv.fd
File: ot1phv.fd 2001/06/04 scalable font definitions for OT1/phv.
)
LaTeX Font Info:    Font shape `OT1/phv/bx/n' in size <10.95> not available
(Font)              Font shape `OT1/phv/b/n' tried instead on input line 12.
LaTeX Font Info:    Font shape `OT1/phv/bx/n' in size <20.74> not available
(Font)              Font shape `OT1/phv/b/n' tried instead on input line 12.
LaTeX Font Info:    Try loading font information for U+msa on input line 12.

(/usr/share/texmf-texlive/tex/latex/amsfonts/umsa.fd
File: umsa.fd 2009/06/22 v3.00 AMS symbols A
)
LaTeX Font Info:    Try loading font information for U+msb on input line 12.

(/usr/share/texmf-texlive/tex/latex/amsfonts/umsb.fd
File: umsb.fd 2009/06/22 v3.00 AMS symbols B
)
LaTeX Font Info:    Try loading font information for U+lasy on input line 12.

(/usr/share/texmf-texlive/tex/latex/base/ulasy.fd
File: ulasy.fd 1998/08/17 v2.2e LaTeX symbol font definitions
)
LaTeX Font Info:    Font shape `U/lasy/b/n' in size <7> not available
(Font)              Font shape `U/lasy/m/n' tried instead on input line 12.
 [1
Non-PDF special ignored!
Non-PDF special ignored!
Non-PDF special ignored!

\openout4 = `Embedded_system_design.ist'.



{/var/lib/texmf/fonts/map/pdftex/updmap/pdftex.map}]
[2

]
Underfull \hbox (badness 10000) in paragraph at lines 16--20

 []

LaTeX Font Info:    Try loading font information for OMS+ptm on input line 23.
(/usr/share/texmf-texlive/tex/latex/psnfss/omsptm.fd
File: omsptm.fd 
)
LaTeX Font Info:    Font shape `OMS/ptm/m/n' in size <10.95> not available
(Font)              Font shape `OMS/cmsy/m/n' tried instead on input line 23.
LaTeX Font Info:    Try loading font information for OT1+pcr on input line 24.

(/usr/share/texmf-texlive/tex/latex/psnfss/ot1pcr.fd
File: ot1pcr.fd 2001/06/04 font definitions for OT1/pcr.
)
Underfull \hbox (badness 10000) in paragraph at lines 23--25

 []


Underfull \hbox (badness 10000) in paragraph at lines 26--30

 []


Underfull \hbox (badness 10000) in paragraph at lines 31--34

 []


Underfull \hbox (badness 10000) in paragraph at lines 35--36

 []

[3]) (./Embedded_system_design.toc
Class scrbook Info: You've told me to use the font selection of the element
(scrbook)           `sectioning' that is an alias of element `disposition'
(scrbook)            on input line 2.
LaTeX Font Info:    Font shape `OT1/phv/bx/sc' in size <10.95> not available
(Font)              Font shape `OT1/phv/b/sc' tried instead on input line 2.
Class scrbook Info: You've told me to use the font selection of the element
(scrbook)           `sectioning' that is an alias of element `disposition'
(scrbook)            on input line 3.
LaTeX Font Info:    Font shape `U/lasy/b/n' in size <8> not available
(Font)              Font shape `U/lasy/m/n' tried instead on input line 4.
LaTeX Font Info:    Font shape `U/lasy/b/n' in size <6> not available
(Font)              Font shape `U/lasy/m/n' tried instead on input line 4.
Class scrbook Info: You've told me to use the font selection of the element
(scrbook)           `sectioning' that is an alias of element `disposition'
(scrbook)            on input line 19.
Class scrbook Info: You've told me to use the font selection of the element
(scrbook)           `sectioning' that is an alias of element `disposition'
(scrbook)            on input line 25.
 [4

]
Class scrbook Info: You've told me to use the font selection of the element
(scrbook)           `sectioning' that is an alias of element `disposition'
(scrbook)            on input line 114.
Class scrbook Info: You've told me to use the font selection of the element
(scrbook)           `sectioning' that is an alias of element `disposition'
(scrbook)            on input line 116.
)
\tf@toc=\write7
\openout7 = `Embedded_system_design.toc'.

 [5] (./Embedded_system_design.lof
[6

])
\tf@lof=\write8
\openout8 = `Embedded_system_design.lof'.

 [7] (./Embedded_system_design.lot)
\tf@lot=\write9
\openout9 = `Embedded_system_design.lot'.

 [8

] (./Embedded_system_design.acr
[9



]) [10] (./intro.tex
Cap\'{\i }tulo 1.

Class scrbook Warning: \float@addtolists detected!
(scrbook)              You should use the features of package `tocbasic'
(scrbook)              instead of \float@addtolists.
(scrbook)              Support for \float@addtolists may be removed from
(scrbook)              `scrbook' soon .

[1

]
LaTeX Font Info:    Font shape `U/lasy/b/n' in size <9> not available
(Font)              Font shape `U/lasy/m/n' tried instead on input line 18.
LaTeX Font Info:    Font shape `U/lasy/b/n' in size <5> not available
(Font)              Font shape `U/lasy/m/n' tried instead on input line 18.
LaTeX Font Info:    Font shape `OT1/phv/bx/n' in size <12> not available
(Font)              Font shape `OT1/phv/b/n' tried instead on input line 21.
 [2]
LaTeX Font Info:    Font shape `OT1/phv/bx/n' in size <14.4> not available
(Font)              Font shape `OT1/phv/b/n' tried instead on input line 112.
 [3] [4] [5]
LaTeX Font Info:    Font shape `OT1/ptm/bx/n' in size <10.95> not available
(Font)              Font shape `OT1/ptm/b/n' tried instead on input line 183.
 [6] [7] [8]
<./images/ECB_ARM7_Block.pdf, id=67, 509.905pt x 217.81375pt>
File: ./images/ECB_ARM7_Block.pdf Graphic file (type pdf)

<use ./images/ECB_ARM7_Block.pdf>
<./images/ECB_ARM7.jpg, id=69, 533.74406pt x 547.2947pt>
File: ./images/ECB_ARM7.jpg Graphic file (type jpg)

<use ./images/ECB_ARM7.jpg>
<./images/xport_Block.pdf, id=70, 531.9875pt x 566.115pt>
File: ./images/xport_Block.pdf Graphic file (type pdf)

<use ./images/xport_Block.pdf>
<./images/xport.jpg, id=72, 832.61063pt x 389.95688pt>
File: ./images/xport.jpg Graphic file (type jpg)

<use ./images/xport.jpg> [9] [10 <./images/ECB_ARM7_Block.pdf> <./images/ECB_AR
M7.jpg> <./images/xport_Block.pdf> <./images/xport.jpg>]
<./images/ECB_AT91_V1.jpg, id=110, 864.98157pt x 365.86688pt>
File: ./images/ECB_AT91_V1.jpg Graphic file (type jpg)

<use ./images/ECB_AT91_V1.jpg>
<./images/ECB_AT91_V2.jpg, id=111, 576.65437pt x 385.44pt>
File: ./images/ECB_AT91_V2.jpg Graphic file (type jpg)

<use ./images/ECB_AT91_V2.jpg>
<./images/ECBOT_Block.png, id=112, 803.25093pt x 545.78906pt>
File: ./images/ECBOT_Block.png Graphic file (type png)

<use ./images/ECBOT_Block.png>
<./images/ECBOT.png, id=114, 582.67688pt x 564.60938pt>
File: ./images/ECBOT.png Graphic file (type png)

<use ./images/ECBOT.png>
Overfull \hbox (12.39621pt too wide) in paragraph at lines 270--271
 [][] 
 []

[11 <./images/ECB_AT91_V1.jpg>] [12 <./images/ECB_AT91_V2.jpg> <./images/ECBOT_
Block.png> <./images/ECBOT.png (PNG copy)>]
<./images/ECB_BF532_Block.pdf, id=122, 509.905pt x 231.86626pt>
File: ./images/ECB_BF532_Block.pdf Graphic file (type pdf)

<use ./images/ECB_BF532_Block.pdf>
<./images/ECB_BF532.png, id=124, 669.2503pt x 513.41812pt>
File: ./images/ECB_BF532.png Graphic file (type png)

<use ./images/ECB_BF532.png>
Overfull \hbox (5.67862pt too wide) in paragraph at lines 281--282
 [][] 
 []

<./images/SIE_block_diagram.png, id=125, 501.37312pt x 274.02374pt>
File: ./images/SIE_block_diagram.png Graphic file (type png)

<use ./images/SIE_block_diagram.png>
<./images/SIE.jpg, id=126, 597.73312pt x 345.54094pt>
File: ./images/SIE.jpg Graphic file (type jpg)
 <use ./images/SIE.jpg>
Overfull \hbox (27.37479pt too wide) in paragraph at lines 292--293
 [][] 
 []


Underfull \hbox (badness 1365) in paragraph at lines 297--298
\OT1/ptm/m/n/10.95 densidad que las []Synchronous dynamic random-access memory 
(SDRAM) utilizadas en las
 []

[13 <./images/ECB_BF532_Block.pdf> <./images/ECB_BF532.png> <./images/SIE_block
_diagram.png> <./images/SIE.jpg>]
<./images/STAMP_block_diagram.pdf, id=144, 492.84125pt x 239.89626pt>
File: ./images/STAMP_block_diagram.pdf Graphic file (type pdf)

<use ./images/STAMP_block_diagram.pdf>
<./images/stamp.png, id=145, 406.51875pt x 338.01282pt>
File: ./images/stamp.png Graphic file (type png)

<use ./images/stamp.png>
LaTeX Font Info:    Font shape `OT1/ptm/bx/n' in size <9> not available
(Font)              Font shape `OT1/ptm/b/n' tried instead on input line 320.

Overfull \hbox (62.24573pt too wide) in paragraph at lines 318--342
 [][] 
 []

[14 <./images/STAMP_block_diagram.pdf> <./images/stamp.png>]
<./images/proceso_de_fabricacion_PCBs.pdf, id=163, 498.86375pt x 590.205pt>
File: ./images/proceso_de_fabricacion_PCBs.pdf Graphic file (type pdf)

<use ./images/proceso_de_fabricacion_PCBs.pdf> [15 <./images/proceso_de_fabrica
cion_PCBs.pdf>] <./images/SoC_reverse.pdf, id=178, 387.4475pt x 475.7775pt>
File: ./images/SoC_reverse.pdf Graphic file (type pdf)

<use ./images/SoC_reverse.pdf>) (./ecbat91.tex [16] [17 <./images/SoC_reverse.p
df>]
Cap\'{\i }tulo 2.
[18

] <./images/ECB_AT91_FREE_spec_top.jpg, id=198, 762.85pt x 546.04pt>
File: ./images/ECB_AT91_FREE_spec_top.jpg Graphic file (type jpg)

<use ./images/ECB_AT91_FREE_spec_top.jpg>
File: ./images/ECB_AT91_V2.jpg Graphic file (type jpg)
 <use ./images/ECB_AT91_V2.jpg>
[19 <./images/ECB_AT91_FREE_spec_top.jpg>]
File: ./images/ECBOT.png Graphic file (type png)
 <use ./images/ECBOT.png>
File: ./images/ECBOT_Block.png Graphic file (type png)

<use ./images/ECBOT_Block.png> [20]) (./platform_full.tex [21] [22]
Cap\'{\i }tulo 3.
[23

] [24]
Underfull \hbox (badness 1048) in paragraph at lines 59--60
\OT1/ptm/m/n/10.95 muy []util en diferentes []areas (electr[]onica an[]aloga, e
lectr[]onica digital, dise[]no []Very-large-scale
 []

[25] <./images/qucs.png, id=221, 992.70876pt x 688.5725pt>
File: ./images/qucs.png Graphic file (type png)

<use ./images/qucs.png> [26 <./images/qucs.png (PNG copy)>]
<./images/gtkwave.png, id=225, 539.76656pt x 316.18124pt>
File: ./images/gtkwave.png Graphic file (type png)

<use ./images/gtkwave.png>
Underfull \hbox (badness 1043) in paragraph at lines 84--85
[]\OT1/ptm/m/n/10.95 Una vez configurada la []FPGA, se utiliza la herramienta \
OT1/ptm/m/it/10.95 URJTAG \OT1/ptm/m/n/10.95 para verificar el correcto
 []

[27 <./images/gtkwave.png (PNG copy)>]
<./images/kicad.pdf, id=230, 549.05125pt x 144.54pt>
File: ./images/kicad.pdf Graphic file (type pdf)
 <use ./images/kicad.pdf>
[28 <./images/kicad.pdf>]
<./images/soc_boot_remap.png, id=241, 354.57469pt x 134.75343pt>
File: ./images/soc_boot_remap.png Graphic file (type png)

<use ./images/soc_boot_remap.png>
<./images/soc_boot_proc.png, id=242, 389.20406pt x 357.58594pt>
File: ./images/soc_boot_proc.png Graphic file (type png)

<use ./images/soc_boot_proc.png>

LaTeX Warning: `h' float specifier changed to `ht'.

[29 <./images/soc_boot_remap.png (PNG copy)>]
Underfull \vbox (badness 10000) has occurred while \output is active []

 [30 <./images/soc_boot_proc.png (PNG copy)>]
<./images/jtag_basics.png, id=249, 286.06876pt x 325.215pt>
File: ./images/jtag_basics.png Graphic file (type png)

<use ./images/jtag_basics.png> [31 <./images/jtag_basics.png (PNG copy)>]
<./images/jtag_sm.png, id=253, 226.59656pt x 277.78781pt>
File: ./images/jtag_sm.png Graphic file (type png)

<use ./images/jtag_sm.png>
<./images/SW_design_flow.png, id=254, 411.03563pt x 295.1025pt>
File: ./images/SW_design_flow.png Graphic file (type png)

<use ./images/SW_design_flow.png>

LaTeX Warning: `h' float specifier changed to `ht'.

[32 <./images/jtag_sm.png (PNG copy)>]
Underfull \hbox (badness 1715) in paragraph at lines 184--185
[]\OT1/ptm/m/n/10.95 Utilizando un \OT1/ptm/m/it/10.95 loader\OT1/ptm/m/n/10.95
 : El \OT1/ptm/m/it/10.95 loader \OT1/ptm/m/n/10.95 es una aplicaci[]on que res
ide en un medio de
 []

[33 <./images/SW_design_flow.png>]
LaTeX Font Info:    Font shape `OMS/ptm/m/n' in size <9> not available
(Font)              Font shape `OMS/cmsy/m/n' tried instead on input line 200.
 [34]
LaTeX Font Info:    Try loading font information for OML+ptm on input line 231.


(/usr/share/texmf-texlive/tex/latex/psnfss/omlptm.fd
File: omlptm.fd 
)
LaTeX Font Info:    Font shape `OML/ptm/m/n' in size <9> not available
(Font)              Font shape `OML/cmm/m/it' tried instead on input line 231.

Underfull \hbox (badness 10000) in paragraph at lines 262--263

 []

[35] <./images/ELF_Link_exec1.png, id=273, 509.905pt x 312.16624pt>
File: ./images/ELF_Link_exec1.png Graphic file (type png)

<use ./images/ELF_Link_exec1.png> [36 <./images/ELF_Link_exec1.png (PNG copy)>]
[37] [38]
Overfull \hbox (18.27133pt too wide) in paragraph at lines 458--459
[][][][][][][][][][][][][][][][][][][][][][][][][][][][][][][][][][][][][][][][
][][][][][][][][][][][][][][][][][][][][][][][][][][][][][][][][][][][][][]
 []

[39]
Overfull \hbox (18.27133pt too wide) in paragraph at lines 465--466
[][][][][][][][][][][][][][][][][][][][][][][][][][][][][][][][][][][][][][][][
][][][][][][][][][][][][][][][][][][][][][][][][][][][][][][][][][][][][][][][]
[][][][][][][] 
 []


Overfull \hbox (2.07117pt too wide) in paragraph at lines 468--469
[][][][][][][][][][][][][][][][][][][][][][][][][][][][][][][][][][][][][][][][
][][][][][][][][][][][][][][][][][][][][][][][][][][][][][][][][][][][][][][] 
 []


Overfull \hbox (23.67139pt too wide) in paragraph at lines 470--471
[][][][][][][][][][][][][][][][][][][][][][][][][][][][][][][][][][][][][][][][
][][][][][][][][][][][][][][][][][][][][][][][][][][][][][][][][][][][][][][][]
[][][][][][][][]
 []


Overfull \hbox (12.87128pt too wide) in paragraph at lines 472--473
[][][][][][][][][][][][][][][][][][][][][][][][][][][][][][][][][][][][][][][][
][][][][][][][][][][][][][][][][][][][][][][][][][][][][][][][][][][][][][][][]
[][][][][][][][]
 []


Overfull \hbox (12.87128pt too wide) in paragraph at lines 473--474
[][][][][][][][][][][][][][][][][][][][][][][][][][][][][][][][][][][][][][][][
][][][][][][][][][][][][][][][][][][][][][][][][][][][][][][][][][][][][][][][]
[][][][][][][][][][][][][][][][][][] 
 []


Overfull \hbox (7.47122pt too wide) in paragraph at lines 476--477
[][][][][][][][][][][][][][][][][][][][][][][][][][][][][][][][][][][][][][][][
][][][][][][][][][][][][][][][][][][][][][][][][][][][][][][][][][][][][][][] 
 []


Overfull \hbox (23.67139pt too wide) in paragraph at lines 478--479
[][][][][][][][][][][][][][][][][][][][][][][][][][][][][][][][][][][][][][][][
][][][][][][][][][][][][][][][][][][][][][][][][][][][][][][][][][][][][][][][]
[][][][][][][][] 
 []


Overfull \hbox (39.87155pt too wide) in paragraph at lines 480--481
[][][][][][][][][][][][][][][][][][][][][][][][][][][][][][][][][][][][][][][][
][][][][][][][][][][][][][][][][][][][][][][][][][][][][][][][][][][][][][][][]
[][][][][][][][][][][][][][][][][][][][][][][][][][] 
 []


Overfull \hbox (12.87128pt too wide) in paragraph at lines 482--483
[][][][][][][][][][][][][][][][][][][][][][][][][][][][][][][][][][][][][][][][
][][][][][][][][][][][][][][][][][][][][][][][][][][][][][][][][][][][][][][][]
[][][][][][][][][][][][] 
 []


Overfull \hbox (7.47122pt too wide) in paragraph at lines 484--485
[][][][][][][][][][][][][][][][][][][][][][][][][][][][][][][][][][][][][][][][
][][][][][][][][][][][][][][][][][][][][][][][][][][][][][][][][][][][][][][][]
 
 []


Underfull \hbox (badness 1038) in paragraph at lines 495--496
\OT1/ptm/m/n/10.95 y los perif[]ericos asociados a []el. En la actualidad podem
os encontrar una gran variedad de
 []

[40] <./images/at91rm9200.png, id=290, 556.32843pt x 447.17062pt>
File: ./images/at91rm9200.png Graphic file (type png)

<use ./images/at91rm9200.png>

LaTeX Warning: `h' float specifier changed to `ht'.

<./images/sdram_basics.png, id=291, 629.35126pt x 328.22626pt>
File: ./images/sdram_basics.png Graphic file (type png)

<use ./images/sdram_basics.png>

LaTeX Warning: `h' float specifier changed to `ht'.

[41] [42 <./images/at91rm9200.png>]
<./images/nor_prog.png, id=299, 647.41875pt x 344.78813pt>
File: ./images/nor_prog.png Graphic file (type png)

<use ./images/nor_prog.png>

LaTeX Warning: `h' float specifier changed to `ht'.

[43 <./images/sdram_basics.png>] [44 <./images/nor_prog.png>]
<./images/arm_scan1.png, id=308, 692.5875pt x 272.51813pt>
File: ./images/arm_scan1.png Graphic file (type png)

<use ./images/arm_scan1.png>
<./images/arm_scan2.png, id=309, 692.5875pt x 56.46094pt>
File: ./images/arm_scan2.png Graphic file (type png)

<use ./images/arm_scan2.png> [45 <./images/arm_scan1.png (PNG copy)> <./images/
arm_scan2.png (PNG copy)>]
<images/OpenOCD_design_flow.pdf, id=314, 419.5675pt x 235.88126pt>
File: images/OpenOCD_design_flow.pdf Graphic file (type pdf)

<use images/OpenOCD_design_flow.pdf>
LaTeX Font Info:    Font shape `OT1/ptm/bx/it' in size <10.95> not available
(Font)              Font shape `OT1/ptm/b/it' tried instead on input line 591.
 [46 <./images/OpenOCD_design_flow.pdf>]
<./images/linuxhistory.jpg, id=334, 471.7625pt x 417.56pt>
File: ./images/linuxhistory.jpg Graphic file (type jpg)

<use ./images/linuxhistory.jpg>

LaTeX Warning: `h' float specifier changed to `ht'.

[47] [48 <./images/linuxhistory.jpg>]
<./images/kernel.jpg, id=341, 437.635pt x 271.0125pt>
File: ./images/kernel.jpg Graphic file (type jpg)

<use ./images/kernel.jpg>
Underfull \hbox (badness 1424) in paragraph at lines 661--662
[]\OT1/ptm/m/n/10.95 Como puede observarse en la figura 3.17[] el kernel de Lin
ux posee sub-m[]odulos que son
 []

[49 <./images/kernel.jpg>] [50]
<./images/kernel_memory_mapping.jpg, id=348, 566.115pt x 321.2pt>
File: ./images/kernel_memory_mapping.jpg Graphic file (type jpg)

<use ./images/kernel_memory_mapping.jpg>
<./images/application_memory_mapping1.jpg, id=349, 489.83pt x 355.3275pt>
File: ./images/application_memory_mapping1.jpg Graphic file (type jpg)

<use ./images/application_memory_mapping1.jpg>

LaTeX Warning: `h' float specifier changed to `ht'.

[51 <./images/kernel_memory_mapping.jpg>] [52 <./images/application_memory_mapp
ing1.jpg>] [53]
Underfull \hbox (badness 1838) in paragraph at lines 792--793
\OT1/ptm/m/n/10.95 de Linux, la primera es adaptar un archivo de configuraci[]o
n de una plataforma existente
 []


Underfull \hbox (badness 1975) in paragraph at lines 792--793
\OT1/ptm/m/n/10.95 y la otra es registrar la nueva plataforma. Cada plataforma 
ARM es identificada por un
 []

[54] <./images/ecb_at91_linux_config.png, id=363, 478.78876pt x 299.61937pt>
File: ./images/ecb_at91_linux_config.png Graphic file (type png)

<use ./images/ecb_at91_linux_config.png> [55 <./images/ecb_at91_linux_config.pn
g (PNG copy)>] [56]
Underfull \hbox (badness 1596) in paragraph at lines 907--908
\OT1/ptm/m/it/10.95 cpu[]led, timer[]led)\OT1/ptm/m/n/10.95 ). Nuestra platafor
ma utiliza un LED conectado al pin PB20 para estas
 []

[57] [58]
Overfull \hbox (2.07117pt too wide) in paragraph at lines 1019--1021
[][][][][][][][][][][][] 
 []

[59] [60]
Overfull \hbox (23.67139pt too wide) in paragraph at lines 1134--1135
[][][][][][][][][][][][][][][][][][][][][][][][][][][][][][][][][][][][][][][][
][][][][][] 
 []

[61] <./images/vmlinux_contents.png, id=386, 185.19188pt x 442.65375pt>
File: ./images/vmlinux_contents.png Graphic file (type png)

<use ./images/vmlinux_contents.png>

LaTeX Warning: `h' float specifier changed to `ht'.

[62]
Overfull \hbox (34.4715pt too wide) in paragraph at lines 1191--1192
[][][][][][][][][][][][][][][][][][][][][][][][][][][][][][][][][][][][][][][][
][] 
 []

[63 <./images/vmlinux_contents.png>]
<./images/boot_process.png, id=395, 402.75468pt x 240.9pt>
File: ./images/boot_process.png Graphic file (type png)

<use ./images/boot_process.png>
Underfull \hbox (badness 1389) in paragraph at lines 1208--1209
[]\OT1/ptm/m/n/10.95 Esta aplicaci[]on permite configurar la memoria externa SD
RAM, configurar el puerto serie,
 []

[64 <./images/boot_process.png>]
Overfull \hbox (34.4715pt too wide) in paragraph at lines 1256--1257
[][][][][][][][][][][][][][][][][][][][][][][][][][][][][][][][][][][][][][] 
 []

[65] [66] [67] [68] [69] [70]
Underfull \hbox (badness 1546) in paragraph at lines 1515--1516
[]\OT1/ptm/m/n/10.95 Este archivo contiene toda la configuraci[]on espec[]^^Pfi
ca de la plataforma, y como se puede
 []


Underfull \hbox (badness 1383) in paragraph at lines 1515--1516
\OT1/ptm/m/n/10.95 (PHYS[]SDRAM = 0x20000000 est[]a definido en \OT1/ptm/m/it/1
0.95 include/configs/ecb[]at91.h\OT1/ptm/m/n/10.95 ). Adicionalmente,
 []

[71]
Overfull \hbox (18.27133pt too wide) in paragraph at lines 1600--1601
[][][][][][][][][][][][][][][][][][][][][][][][] 
 []


Underfull \vbox (badness 10000) has occurred while \output is active []

 [72]
Overfull \hbox (18.27133pt too wide) in paragraph at lines 1638--1639
[][][][][][][][][][][][][][][][][][][][][][][][][][][][][][][][][][][][][][][][
][][][][][][][][][][][][][][][][][][][][][][][][][][][][][][] 
 []

[73]
Overfull \hbox (7.47122pt too wide) in paragraph at lines 1661--1662
[][][][][][][][][][][][][][][][][][][][][][][][][][][][][][][][][][][][][][][][
][][][][][][][][][][][][][][][][][][][][][][][][][][][][][][][] 
 []


Overfull \hbox (40.87512pt too wide) in paragraph at lines 1674--1675
[]\OT1/ptm/m/n/10.95 El primer pa-so es ob-vi-a-mente descar-gar el c[]odi-go f
uente de la ver-si[]on 1.1.6 de \OT1/ptm/m/it/10.95 http://sourceforge.net/proj
ects/u-
 []


Overfull \hbox (45.2716pt too wide) in paragraph at lines 1677--1678
[][][][][][][][][][][][][][][][][][][][][][][][][][][][][][][][][][][][][][][][
][][][][][][][][][][][][][][][][][][][][][][][][][][][][][][][][][][][][][][][]
[][][][][][][] 
 []

[74]
Overfull \hbox (29.07144pt too wide) in paragraph at lines 1749--1750
[][][][][][][][][][][][][][][][][][][][][][][][][][] 
 []

[75] [76] [77] [78]
LaTeX Font Info:    Font shape `OT1/phv/bx/it' in size <10.95> not available
(Font)              Font shape `OT1/phv/b/it' tried instead on input line 1931.

LaTeX Font Info:    Font shape `OT1/phv/b/it' in size <10.95> not available
(Font)              Font shape `OT1/phv/b/sl' tried instead on input line 1931.

 [79] [80]
Overfull \hbox (18.27133pt too wide) in paragraph at lines 1991--1993
[][][][][][][][][][][][][][][][][][][][][][][][][][][][][][][][][][][][][][][][
][][][][][][][][][][][][][][][][][][][][][][] 
 []


Underfull \vbox (badness 10000) has occurred while \output is active []

 [81]
[82]
LaTeX Font Info:    Font shape `OT1/phv/bx/it' in size <12> not available
(Font)              Font shape `OT1/phv/b/it' tried instead on input line 2066.

LaTeX Font Info:    Font shape `OT1/phv/b/it' in size <12> not available
(Font)              Font shape `OT1/phv/b/sl' tried instead on input line 2066.

 [83] [84]
Underfull \hbox (badness 1325) in paragraph at lines 2116--2117
[]\OT1/ptm/m/it/10.95 initdefault \OT1/ptm/m/n/10.95 Especifica el nivel de eje
cuci[]on al que se ingresa despu[]es de la
 []

[85] [86] [87]
Overfull \hbox (12.7774pt too wide) in paragraph at lines 2226--2227
\OT1/ptm/m/n/10.95 se en-cuen-tra en http://linuxencaja.com/wiki/ECBOT#Generaci
[]on[]de[]la[]imagen[]para[]la[]memoria[]Flash. 
 []

<./images/major.png, id=474, 307.90031pt x 155.07938pt>
File: ./images/major.png Graphic file (type png)

<use ./images/major.png>

LaTeX Warning: `h' float specifier changed to `ht'.

[88] [89 <./images/major.png>] [90] [91]
<./images/computer-simple.png, id=488, 488.57532pt x 328.22626pt>
File: ./images/computer-simple.png Graphic file (type png)

<use ./images/computer-simple.png> [92 <./images/computer-simple.png (PNG copy)
>] <./images/rd_wr_waveform.png, id=492, 450.9347pt x 234.1247pt>
File: ./images/rd_wr_waveform.png Graphic file (type png)

<use ./images/rd_wr_waveform.png> [93 <./images/rd_wr_waveform.png>]
<./images/sw_hw_fpga_arch.pdf, id=498, 552.0625pt x 386.44376pt>
File: ./images/sw_hw_fpga_arch.pdf Graphic file (type pdf)

<use ./images/sw_hw_fpga_arch.pdf> [94 <./images/sw_hw_fpga_arch.pdf>]
<./images/sw_hw_fpga_arch_sram.pdf, id=518, 425.59pt x 577.15625pt>
File: ./images/sw_hw_fpga_arch_sram.pdf Graphic file (type pdf)

<use ./images/sw_hw_fpga_arch_sram.pdf>

LaTeX Warning: `h' float specifier changed to `ht'.

[95] <./images/memory_mapping.jpg, id=523, 512.66531pt x 174.6525pt>
File: ./images/memory_mapping.jpg Graphic file (type jpg)

<use ./images/memory_mapping.jpg>

LaTeX Warning: `h' float specifier changed to `ht'.


Overfull \hbox (34.4715pt too wide) in paragraph at lines 2504--2505
[][][][][][][][][][][][][][][][][][][][][][][][][][][][][][][][][][][][][][][][
][][][][][][][][][][][][][][][][][][][][][][][][][][][][][][][][][] 
 []

[96 <./images/sw_hw_fpga_arch_sram.pdf>] [97 <./images/memory_mapping.jpg>]
Overfull \hbox (2.07117pt too wide) in paragraph at lines 2569--2571
[][][][][][][][][][][][][][][][][][][][][][][][][][][][][][][][][][][][][][][][
][][][] 
 []

[98] [99] <./images/copy_to_from_user.png, id=552, 397.485pt x 228.855pt>
File: ./images/copy_to_from_user.png Graphic file (type png)

<use ./images/copy_to_from_user.png> [100 <./images/copy_to_from_user.png (PNG 
copy)>] [101]) (./conclusions.tex [102]
Cap\'{\i }tulo 4.

Underfull \vbox (badness 10000) has occurred while \output is active []

 [103

])
(./Embedded_system_design.bbl [104]
Underfull \hbox (badness 10000) in paragraph at lines 89--94
[]\OT1/ptm/m/n/10.95 C. Ca-mar-go.  First Colom-bian Lin-ux SBC runs De-bian.  
URL:
 []

[105

]
Underfull \hbox (badness 1715) in paragraph at lines 96--100
[]\OT1/ptm/m/n/10.95 C. Camargo.  ECBOT: Arquitectura Abierta para Robots M[]ob
iles.  \OT1/ptm/m/it/10.95 VII conferencia
 []

[106]
Underfull \hbox (badness 10000) in paragraph at lines 246--250
[]\OT1/ptm/m/n/10.95 Michael L. Haungs.  The Ex-e-cutable and Link-ing For-mat 
(ELF).
 []


Underfull \hbox (badness 1163) in paragraph at lines 268--271
[]\OT1/ptm/m/n/10.95 I. Bowman, S. Siddiqi, and M. Tanuan.  Concrete Architectu
re of the Linux Kernel.
 []


Underfull \hbox (badness 10000) in paragraph at lines 273--276
[]\OT1/ptm/m/n/10.95 I. Bow-man.  Con-cep-tu-al Ar-chi-tec-ture of the Lin-ux K
er-nel.
 []

) [107] (./Embedded_system_design.aux)

LaTeX Warning: There were multiply-defined labels.

 ) 
Here is how much of TeX's memory you used:
 23987 strings out of 495061
 396163 string characters out of 1182621
 558231 words of memory out of 3000000
 26543 multiletter control sequences out of 15000+50000
 56810 words of font info for 133 fonts, out of 3000000 for 9000
 28 hyphenation exceptions out of 8191
 52i,13n,69p,1949b,1961s stack positions out of 5000i,500n,10000p,200000b,50000s
{/usr/share/texmf-texlive/fonts/enc/dvips/base/8r.enc}</usr/share/texmf-texli
ve/fonts/type1/public/amsfonts/cm/cmmi10.pfb></usr/share/texmf-texlive/fonts/ty
pe1/public/amsfonts/cm/cmmi9.pfb></usr/share/texmf-texlive/fonts/type1/public/a
msfonts/cm/cmsy10.pfb></usr/share/texmf-texlive/fonts/type1/public/amsfonts/cm/
cmsy9.pfb></usr/share/texmf-texlive/fonts/type1/urw/courier/ucrr8a.pfb></usr/sh
are/texmf-texlive/fonts/type1/urw/helvetic/uhvb8a.pfb></usr/share/texmf-texlive
/fonts/type1/urw/helvetic/uhvbo8a.pfb></usr/share/texmf-texlive/fonts/type1/urw
/times/utmb8a.pfb></usr/share/texmf-texlive/fonts/type1/urw/times/utmbi8a.pfb><
/usr/share/texmf-texlive/fonts/type1/urw/times/utmr8a.pfb></usr/share/texmf-tex
live/fonts/type1/urw/times/utmr8a.pfb></usr/share/texmf-texlive/fonts/type1/urw
/times/utmri8a.pfb>
Output written on Embedded_system_design.pdf (117 pages, 5059323 bytes).
PDF statistics:
 621 PDF objects out of 1000 (max. 8388607)
 0 named destinations out of 1000 (max. 500000)
 243 words of extra memory for PDF output out of 10000 (max. 10000000)

