This is pdfTeX, Version 3.1415926-1.40.10 (TeX Live 2009/Debian) (format=latex 2011.6.6)  15 JUN 2011 21:10
entering extended mode
 %&-line parsing enabled.
**floatflt.ins
(./floatflt.ins
LaTeX2e <2009/09/24>
Babel <v3.8l> and hyphenation patterns for english, usenglishmax, dumylang, noh
yphenation, spanish, galician, catalan, loaded.
(/usr/share/texmf-texlive/tex/latex/base/docstrip.tex
\blockLevel=\count79
\emptyLines=\count80
\processedLines=\count81
\commentsRemoved=\count82
\commentsPassed=\count83
\codeLinesPassed=\count84
\TotalprocessedLines=\count85
\TotalcommentsRemoved=\count86
\TotalcommentsPassed=\count87
\TotalcodeLinesPassed=\count88
\NumberOfFiles=\count89
\inFile=\read1
\inputcheck=\read2
\off@0=\count90
\off@1=\count91
\off@2=\count92
\off@3=\count93
\off@4=\count94
\off@5=\count95
\off@6=\count96
\off@7=\count97
\off@8=\count98
\off@9=\count99
\off@10=\count100
\off@11=\count101
\off@12=\count102
\off@13=\count103
\off@14=\count104
\off@15=\count105
\@maxfiles=\count106
\@maxoutfiles=\count107

Utility: `docstrip' 2.5d <2005/07/29>
English documentation    <1999/03/31>

**********************************************************
* This program converts documented macro-files into fast *
* loadable files by stripping off (nearly) all comments! *
**********************************************************

********************************************************
* No Configuration file found, using default settings. *
********************************************************

(./floatflt.ins
File ./floatflt.sty already exists on the system.
Overwrite it? [y/n]
\answer=n
Not generating file ./floatflt.sty

File ./floatexm.tex already exists on the system.
Overwrite it? [y/n]
\answer=n
Not generating file ./floatexm.tex

File ./floatfge.tex already exists on the system.
Overwrite it? [y/n]
\answer=n
Not generating file ./floatfge.tex

**************************************************************
 
 To finish the installation you have to move the file
 `floatflt.sty' into a directory searched by TeX.
 
 To type-set the documentation, run the file `floatflt.dtx'
 twice through LaTeX. The original `floatfig' documentation
 can be type-set by running the file `floatfge.tex' through 
 LaTeX. To get an example file, run the file `floatexm.tex'
 through LaTeX.
 
*************************************************************
)

****************************************************
* First type the extension of your input file(s):  *
\infileext=n
****************************************************

****************************************************
* Now type the extension of your output file(s)  : *
\outfileext=n
****************************************************

****************************************************
* Now type the name(s) of option(s) to include   : *
\Options=n
****************************************************

****************************************************
* Finally give the list of input file(s) without   *
* extension seperated by commas if necessary     : *
\filelist=n
****************************************************


!!!!!!!!!!!!!!!!!!!!!!!!!!!!!!!!!!!!!!!!!!!!!!!!!!!!!!!!!!!!!!
! It is not possible to read from and write to the same file !
!!!!!!!!!!!!!!!!!!!!!!!!!!!!!!!!!!!!!!!!!!!!!!!!!!!!!!!!!!!!!!

More files to process (y/n)?
\answer=n
 ) ) 
Here is how much of TeX's memory you used:
 294 strings out of 495000
 2999 string characters out of 1180840
 51085 words of memory out of 3000000
 3570 multiletter control sequences out of 15000+50000
 3640 words of font info for 14 fonts, out of 3000000 for 9000
 54 hyphenation exceptions out of 8191
 13i,0n,9p,132b,21s stack positions out of 5000i,500n,10000p,200000b,50000s

No pages of output.
