This is pdfTeX, Version 3.1415926-1.40.10 (TeX Live 2009/Debian) (format=pdflatex 2011.7.25)  22 FEB 2012 08:50
entering extended mode
 %&-line parsing enabled.
**HW_copyleft_ES.tex
(./HW_copyleft_ES.tex
LaTeX2e <2009/09/24>
Babel <v3.8l> and hyphenation patterns for english, usenglishmax, dumylang, noh
yphenation, loaded.
(./IEEEtran.cls
Document Class: IEEEtran 2007/03/05 V1.7a by Michael Shell
-- See the "IEEEtran_HOWTO" manual for usage information.
-- http://www.michaelshell.org/tex/ieeetran/
\@IEEEtrantmpdimenA=\dimen102
\@IEEEtrantmpdimenB=\dimen103
\@IEEEtrantmpcountA=\count79
\@IEEEtrantmpcountB=\count80
\@IEEEtrantmptoksA=\toks14
LaTeX Font Info:    Try loading font information for OT1+ptm on input line 366.

(/usr/share/texmf-texlive/tex/latex/psnfss/ot1ptm.fd
File: ot1ptm.fd 2001/06/04 font definitions for OT1/ptm.
)
-- Using 8.5in x 11in (letter) paper.
-- Using PDF output.
\@IEEEnormalsizeunitybaselineskip=\dimen104
-- This is a 10 point document.
\CLASSINFOnormalsizebaselineskip=\dimen105
\CLASSINFOnormalsizeunitybaselineskip=\dimen106
\IEEEnormaljot=\dimen107
LaTeX Font Info:    Font shape `OT1/ptm/bx/n' in size <5> not available
(Font)              Font shape `OT1/ptm/b/n' tried instead on input line 724.
LaTeX Font Info:    Font shape `OT1/ptm/bx/it' in size <5> not available
(Font)              Font shape `OT1/ptm/b/it' tried instead on input line 724.
LaTeX Font Info:    Font shape `OT1/ptm/bx/n' in size <7> not available
(Font)              Font shape `OT1/ptm/b/n' tried instead on input line 724.
LaTeX Font Info:    Font shape `OT1/ptm/bx/it' in size <7> not available
(Font)              Font shape `OT1/ptm/b/it' tried instead on input line 724.
LaTeX Font Info:    Font shape `OT1/ptm/bx/n' in size <8> not available
(Font)              Font shape `OT1/ptm/b/n' tried instead on input line 724.
LaTeX Font Info:    Font shape `OT1/ptm/bx/it' in size <8> not available
(Font)              Font shape `OT1/ptm/b/it' tried instead on input line 724.
LaTeX Font Info:    Font shape `OT1/ptm/bx/n' in size <9> not available
(Font)              Font shape `OT1/ptm/b/n' tried instead on input line 724.
LaTeX Font Info:    Font shape `OT1/ptm/bx/it' in size <9> not available
(Font)              Font shape `OT1/ptm/b/it' tried instead on input line 724.
LaTeX Font Info:    Font shape `OT1/ptm/bx/n' in size <10> not available
(Font)              Font shape `OT1/ptm/b/n' tried instead on input line 724.
LaTeX Font Info:    Font shape `OT1/ptm/bx/it' in size <10> not available
(Font)              Font shape `OT1/ptm/b/it' tried instead on input line 724.
LaTeX Font Info:    Font shape `OT1/ptm/bx/n' in size <11> not available
(Font)              Font shape `OT1/ptm/b/n' tried instead on input line 724.
LaTeX Font Info:    Font shape `OT1/ptm/bx/it' in size <11> not available
(Font)              Font shape `OT1/ptm/b/it' tried instead on input line 724.
LaTeX Font Info:    Font shape `OT1/ptm/bx/n' in size <12> not available
(Font)              Font shape `OT1/ptm/b/n' tried instead on input line 724.
LaTeX Font Info:    Font shape `OT1/ptm/bx/it' in size <12> not available
(Font)              Font shape `OT1/ptm/b/it' tried instead on input line 724.
LaTeX Font Info:    Font shape `OT1/ptm/bx/n' in size <17> not available
(Font)              Font shape `OT1/ptm/b/n' tried instead on input line 724.
LaTeX Font Info:    Font shape `OT1/ptm/bx/it' in size <17> not available
(Font)              Font shape `OT1/ptm/b/it' tried instead on input line 724.
LaTeX Font Info:    Font shape `OT1/ptm/bx/n' in size <20> not available
(Font)              Font shape `OT1/ptm/b/n' tried instead on input line 724.
LaTeX Font Info:    Font shape `OT1/ptm/bx/it' in size <20> not available
(Font)              Font shape `OT1/ptm/b/it' tried instead on input line 724.
LaTeX Font Info:    Font shape `OT1/ptm/bx/n' in size <24> not available
(Font)              Font shape `OT1/ptm/b/n' tried instead on input line 724.
LaTeX Font Info:    Font shape `OT1/ptm/bx/it' in size <24> not available
(Font)              Font shape `OT1/ptm/b/it' tried instead on input line 724.
\IEEEilabelindentA=\dimen108
\IEEEilabelindentB=\dimen109
\IEEEilabelindent=\dimen110
\IEEEelabelindent=\dimen111
\IEEEdlabelindent=\dimen112
\IEEElabelindent=\dimen113
\IEEEiednormlabelsep=\dimen114
\IEEEiedmathlabelsep=\dimen115
\IEEEiedtopsep=\skip41
\c@section=\count81
\c@subsection=\count82
\c@subsubsection=\count83
\c@paragraph=\count84
\c@IEEEsubequation=\count85
\abovecaptionskip=\skip42
\belowcaptionskip=\skip43
\c@figure=\count86
\c@table=\count87
\@IEEEeqnnumcols=\count88
\@IEEEeqncolcnt=\count89
\@IEEEtmpitemindent=\dimen116
\c@IEEEbiography=\count90
\@IEEEtranrubishbin=\box26
) (/usr/share/texmf-texlive/tex/latex/natbib/natbib.sty
Package: natbib 2009/07/16 8.31 (PWD, AO)
\bibhang=\skip44
\bibsep=\skip45
LaTeX Info: Redefining \cite on input line 694.
\c@NAT@ctr=\count91
)
(/usr/share/texmf-texlive/tex/latex/base/inputenc.sty
Package: inputenc 2008/03/30 v1.1d Input encoding file
\inpenc@prehook=\toks15
\inpenc@posthook=\toks16

(/usr/share/texmf-texlive/tex/latex/base/latin1.def
File: latin1.def 2008/03/30 v1.1d Input encoding file
))
(/usr/share/texmf-texlive/tex/latex/tools/enumerate.sty
Package: enumerate 1999/03/05 v3.00 enumerate extensions (DPC)
\@enLab=\toks17
)
(/usr/share/texmf-texlive/tex/latex/cite/cite.sty
LaTeX Info: Redefining \cite on input line 285.
LaTeX Info: Redefining \nocite on input line 356.
Package: cite 2009/08/29  v 5.2
)
(/usr/share/texmf-texlive/tex/latex/graphics/graphicx.sty
Package: graphicx 1999/02/16 v1.0f Enhanced LaTeX Graphics (DPC,SPQR)

(/usr/share/texmf-texlive/tex/latex/graphics/keyval.sty
Package: keyval 1999/03/16 v1.13 key=value parser (DPC)
\KV@toks@=\toks18
)
(/usr/share/texmf-texlive/tex/latex/graphics/graphics.sty
Package: graphics 2009/02/05 v1.0o Standard LaTeX Graphics (DPC,SPQR)

(/usr/share/texmf-texlive/tex/latex/graphics/trig.sty
Package: trig 1999/03/16 v1.09 sin cos tan (DPC)
)
(/etc/texmf/tex/latex/config/graphics.cfg
File: graphics.cfg 2009/08/28 v1.8 graphics configuration of TeX Live
)
Package graphics Info: Driver file: pdftex.def on input line 91.

(/usr/share/texmf-texlive/tex/latex/pdftex-def/pdftex.def
File: pdftex.def 2009/08/25 v0.04m Graphics/color for pdfTeX
\Gread@gobject=\count92
))
\Gin@req@height=\dimen117
\Gin@req@width=\dimen118
)
(/usr/share/texmf/tex/latex/pgf/frontendlayer/tikz.sty
(/usr/share/texmf/tex/latex/pgf/basiclayer/pgf.sty
(/usr/share/texmf/tex/latex/pgf/utilities/pgfrcs.sty
(/usr/share/texmf/tex/generic/pgf/utilities/pgfutil-common.tex
\pgfutil@everybye=\toks19
)
(/usr/share/texmf/tex/generic/pgf/utilities/pgfutil-latex.def)
(/usr/share/texmf/tex/generic/pgf/utilities/pgfrcs.code.tex
Package: pgfrcs 2008/02/20 v2.00 (rcs-revision 1.21)
))
Package: pgf 2008/01/15 v2.00 (rcs-revision 1.12)

(/usr/share/texmf/tex/latex/pgf/basiclayer/pgfcore.sty
(/usr/share/texmf/tex/latex/pgf/systemlayer/pgfsys.sty
(/usr/share/texmf/tex/generic/pgf/systemlayer/pgfsys.code.tex
Package: pgfsys 2008/02/07 v2.00 (rcs-revision 1.31)

(/usr/share/texmf/tex/generic/pgf/utilities/pgfkeys.code.tex
\pgfkeys@pathtoks=\toks20
\pgfkeys@temptoks=\toks21
)
\pgf@x=\dimen119
\pgf@y=\dimen120
\pgf@xa=\dimen121
\pgf@ya=\dimen122
\pgf@xb=\dimen123
\pgf@yb=\dimen124
\pgf@xc=\dimen125
\pgf@yc=\dimen126
\c@pgf@counta=\count93
\c@pgf@countb=\count94
\c@pgf@countc=\count95
\c@pgf@countd=\count96

(/usr/share/texmf/tex/generic/pgf/systemlayer/pgf.cfg
File: pgf.cfg 2008/01/13  (rcs-revision 1.6)
)
Package pgfsys Info: Driver file for pgf: pgfsys-pdftex.def on input line 885.

(/usr/share/texmf/tex/generic/pgf/systemlayer/pgfsys-pdftex.def
File: pgfsys-pdftex.def 2007/12/20  (rcs-revision 1.20)

(/usr/share/texmf/tex/generic/pgf/systemlayer/pgfsys-common-pdf.def
File: pgfsys-common-pdf.def 2007/12/17  (rcs-revision 1.8)
)))
(/usr/share/texmf/tex/generic/pgf/systemlayer/pgfsyssoftpath.code.tex
File: pgfsyssoftpath.code.tex 2008/01/23  (rcs-revision 1.6)
\pgfsyssoftpath@smallbuffer@items=\count97
\pgfsyssoftpath@bigbuffer@items=\count98
)
(/usr/share/texmf/tex/generic/pgf/systemlayer/pgfsysprotocol.code.tex
File: pgfsysprotocol.code.tex 2006/10/16  (rcs-revision 1.4)
))
(/usr/share/texmf/tex/latex/xcolor/xcolor.sty
Package: xcolor 2007/01/21 v2.11 LaTeX color extensions (UK)

(/etc/texmf/tex/latex/config/color.cfg
File: color.cfg 2007/01/18 v1.5 color configuration of teTeX/TeXLive
)
Package xcolor Info: Driver file: pdftex.def on input line 225.
Package xcolor Info: Model `cmy' substituted by `cmy0' on input line 1337.
Package xcolor Info: Model `hsb' substituted by `rgb' on input line 1341.
Package xcolor Info: Model `RGB' extended on input line 1353.
Package xcolor Info: Model `HTML' substituted by `rgb' on input line 1355.
Package xcolor Info: Model `Hsb' substituted by `hsb' on input line 1356.
Package xcolor Info: Model `tHsb' substituted by `hsb' on input line 1357.
Package xcolor Info: Model `HSB' substituted by `hsb' on input line 1358.
Package xcolor Info: Model `Gray' substituted by `gray' on input line 1359.
Package xcolor Info: Model `wave' substituted by `hsb' on input line 1360.
)
(/usr/share/texmf/tex/generic/pgf/basiclayer/pgfcore.code.tex
Package: pgfcore 2008/01/15 v2.00 (rcs-revision 1.6)

(/usr/share/texmf/tex/generic/pgf/math/pgfmath.code.tex
(/usr/share/texmf/tex/generic/pgf/math/pgfmathcalc.code.tex
(/usr/share/texmf/tex/generic/pgf/math/pgfmathutil.code.tex
\pgfmath@box=\box27
)
(/usr/share/texmf/tex/generic/pgf/math/pgfmathparser.code.tex
\pgfmath@stack=\toks22
\c@pgfmath@parsecounta=\count99
\c@pgfmath@parsecountb=\count100
\c@pgfmath@parsecountc=\count101
\pgfmath@parsex=\dimen127
)
(/usr/share/texmf/tex/generic/pgf/math/pgfmathoperations.code.tex
(/usr/share/texmf/tex/generic/pgf/math/pgfmathtrig.code.tex)
(/usr/share/texmf/tex/generic/pgf/math/pgfmathrnd.code.tex))
(/usr/share/texmf/tex/generic/pgf/math/pgfmathbase.code.tex)))
(/usr/share/texmf/tex/generic/pgf/basiclayer/pgfcorepoints.code.tex
File: pgfcorepoints.code.tex 2008/02/03  (rcs-revision 1.13)
\pgf@picminx=\dimen128
\pgf@picmaxx=\dimen129
\pgf@picminy=\dimen130
\pgf@picmaxy=\dimen131
\pgf@pathminx=\dimen132
\pgf@pathmaxx=\dimen133
\pgf@pathminy=\dimen134
\pgf@pathmaxy=\dimen135
\pgf@xx=\dimen136
\pgf@xy=\dimen137
\pgf@yx=\dimen138
\pgf@yy=\dimen139
\pgf@zx=\dimen140
\pgf@zy=\dimen141
)
(/usr/share/texmf/tex/generic/pgf/basiclayer/pgfcorepathconstruct.code.tex
File: pgfcorepathconstruct.code.tex 2008/02/13  (rcs-revision 1.14)
\pgf@path@lastx=\dimen142
\pgf@path@lasty=\dimen143
)
(/usr/share/texmf/tex/generic/pgf/basiclayer/pgfcorepathusage.code.tex
File: pgfcorepathusage.code.tex 2008/01/23  (rcs-revision 1.11)
\pgf@shorten@end@additional=\dimen144
\pgf@shorten@start@additional=\dimen145
)
(/usr/share/texmf/tex/generic/pgf/basiclayer/pgfcorescopes.code.tex
File: pgfcorescopes.code.tex 2008/01/15  (rcs-revision 1.26)
\pgfpic=\box28
\pgf@hbox=\box29
\pgf@layerbox@main=\box30
\pgf@picture@serial@count=\count102
)
(/usr/share/texmf/tex/generic/pgf/basiclayer/pgfcoregraphicstate.code.tex
File: pgfcoregraphicstate.code.tex 2007/12/12  (rcs-revision 1.8)
\pgflinewidth=\dimen146
)
(/usr/share/texmf/tex/generic/pgf/basiclayer/pgfcoretransformations.code.tex
File: pgfcoretransformations.code.tex 2008/02/04  (rcs-revision 1.10)
\pgf@pt@x=\dimen147
\pgf@pt@y=\dimen148
\pgf@pt@temp=\dimen149
)
(/usr/share/texmf/tex/generic/pgf/basiclayer/pgfcorequick.code.tex
File: pgfcorequick.code.tex 2006/10/11  (rcs-revision 1.2)
)
(/usr/share/texmf/tex/generic/pgf/basiclayer/pgfcoreobjects.code.tex
File: pgfcoreobjects.code.tex 2006/10/11  (rcs-revision 1.2)
)
(/usr/share/texmf/tex/generic/pgf/basiclayer/pgfcorepathprocessing.code.tex
File: pgfcorepathprocessing.code.tex 2008/01/23  (rcs-revision 1.7)
)
(/usr/share/texmf/tex/generic/pgf/basiclayer/pgfcorearrows.code.tex
File: pgfcorearrows.code.tex 2007/06/07  (rcs-revision 1.8)
)
(/usr/share/texmf/tex/generic/pgf/basiclayer/pgfcoreshade.code.tex
File: pgfcoreshade.code.tex 2007/12/10  (rcs-revision 1.9)
\pgf@max=\dimen150
\pgf@sys@shading@range@num=\count103
)
(/usr/share/texmf/tex/generic/pgf/basiclayer/pgfcoreimage.code.tex
File: pgfcoreimage.code.tex 2008/01/15  (rcs-revision 1.1)
\pgfexternal@startupbox=\box31
)
(/usr/share/texmf/tex/generic/pgf/basiclayer/pgfcorelayers.code.tex
File: pgfcorelayers.code.tex 2008/01/15  (rcs-revision 1.1)
)
(/usr/share/texmf/tex/generic/pgf/basiclayer/pgfcoretransparency.code.tex
File: pgfcoretransparency.code.tex 2008/01/17  (rcs-revision 1.2)
)
(/usr/share/texmf/tex/generic/pgf/basiclayer/pgfcorepatterns.code.tex
File: pgfcorepatterns.code.tex 2008/01/15  (rcs-revision 1.1)
)))
(/usr/share/texmf/tex/generic/pgf/modules/pgfmoduleshapes.code.tex
File: pgfmoduleshapes.code.tex 2008/02/13  (rcs-revision 1.4)
\pgfnodeparttextbox=\box32
\toks@savedmacro=\toks23
)
(/usr/share/texmf/tex/generic/pgf/modules/pgfmoduleplot.code.tex
File: pgfmoduleplot.code.tex 2008/01/15  (rcs-revision 1.1)
\pgf@plotwrite=\write3
)
(/usr/share/texmf/tex/latex/pgf/compatibility/pgfcomp-version-0-65.sty
Package: pgfcomp-version-0-65 2007/07/03 v2.00 (rcs-revision 1.7)
\pgf@nodesepstart=\dimen151
\pgf@nodesepend=\dimen152
)
(/usr/share/texmf/tex/latex/pgf/compatibility/pgfcomp-version-1-18.sty
Package: pgfcomp-version-1-18 2007/07/23 v2.00 (rcs-revision 1.1)
))
(/usr/share/texmf/tex/latex/pgf/utilities/pgffor.sty
(/usr/share/texmf/tex/generic/pgf/utilities/pgffor.code.tex
Package: pgffor 2007/11/07 v2.00 (rcs-revision 1.8)
\pgffor@iter=\dimen153
\pgffor@skip=\dimen154
))
(/usr/share/texmf/tex/generic/pgf/frontendlayer/tikz/tikz.code.tex
Package: tikz 2008/02/13 v2.00 (rcs-revision 1.27)

(/usr/share/texmf/tex/generic/pgf/libraries/pgflibraryplothandlers.code.tex
File: pgflibraryplothandlers.code.tex 2007/03/09 v2.00 (rcs-revision 1.9)
\pgf@plot@mark@count=\count104
\pgfplotmarksize=\dimen155
)
\tikz@lastx=\dimen156
\tikz@lasty=\dimen157
\tikz@lastxsaved=\dimen158
\tikz@lastysaved=\dimen159
\tikzleveldistance=\dimen160
\tikzsiblingdistance=\dimen161
\tikz@figbox=\box33
\tikz@tempbox=\box34
\tikztreelevel=\count105
\tikznumberofchildren=\count106
\tikznumberofcurrentchild=\count107
\tikz@fig@count=\count108

(/usr/share/texmf/tex/generic/pgf/modules/pgfmodulematrix.code.tex
File: pgfmodulematrix.code.tex 2008/01/15  (rcs-revision 1.1)
\pgfmatrixcurrentrow=\count109
\pgfmatrixcurrentcolumn=\count110
\pgf@matrix@numberofcolumns=\count111
)
\tikz@expandcount=\count112

(/usr/share/texmf/tex/generic/pgf/frontendlayer/tikz/libraries/tikzlibrarytopat
hs.code.tex
File: tikzlibrarytopaths.code.tex 2008/01/09 v2.00 (rcs-revision 1.1)
))) (/usr/share/texmf-texlive/tex/latex/psfrag/psfrag.sty
Package: psfrag 1998/04/11 v3.04 PSfrag (MCG)
\pfg@pcount=\count113
\pfg@scount=\count114
\pfg@temp=\write4
)
(/usr/share/texmf-texlive/tex/latex/subfigure/subfigure.sty
Package: subfigure 2002/03/15 v2.1.5 subfigure package
\subfigtopskip=\skip46
\subfigcapskip=\skip47
\subfigcaptopadj=\dimen162
\subfigbottomskip=\skip48
\subfigcapmargin=\dimen163
\subfiglabelskip=\skip49
\c@subfigure=\count115
\c@lofdepth=\count116
\c@subtable=\count117
\c@lotdepth=\count118

****************************************
* Local config file subfigure.cfg used *
****************************************
(/usr/share/texmf-texlive/tex/latex/subfigure/subfigure.cfg)
\subfig@top=\skip50
\subfig@bottom=\skip51
)
(/usr/share/texmf-texlive/tex/latex/tools/multicol.sty
Package: multicol 2008/12/05 v1.6h multicolumn formatting (FMi)
\c@tracingmulticols=\count119
\mult@box=\box35
\multicol@leftmargin=\dimen164
\c@unbalance=\count120
\c@collectmore=\count121
\doublecol@number=\count122
\multicoltolerance=\count123
\multicolpretolerance=\count124
\full@width=\dimen165
\page@free=\dimen166
\premulticols=\dimen167
\postmulticols=\dimen168
\multicolsep=\skip52
\multicolbaselineskip=\skip53
\partial@page=\box36
\last@line=\box37
\mult@rightbox=\box38
\mult@grightbox=\box39
\mult@gfirstbox=\box40
\mult@firstbox=\box41
\@tempa=\box42
\@tempa=\box43
\@tempa=\box44
\@tempa=\box45
\@tempa=\box46
\@tempa=\box47
\@tempa=\box48
\@tempa=\box49
\@tempa=\box50
\@tempa=\box51
\@tempa=\box52
\@tempa=\box53
\@tempa=\box54
\@tempa=\box55
\@tempa=\box56
\@tempa=\box57
\@tempa=\box58
\c@columnbadness=\count125
\c@finalcolumnbadness=\count126
\last@try=\dimen169
\multicolovershoot=\dimen170
\multicolundershoot=\dimen171
\mult@nat@firstbox=\box59
\colbreak@box=\box60
)
(/usr/share/texmf-texlive/tex/latex/multirow/multirow.sty
\bigstrutjot=\dimen172
)
(/usr/share/texmf-texlive/tex/latex/colortbl/colortbl.sty
Package: colortbl 2001/02/13 v0.1j Color table columns (DPC)

(/usr/share/texmf-texlive/tex/latex/tools/array.sty
Package: array 2008/09/09 v2.4c Tabular extension package (FMi)
\col@sep=\dimen173
\extrarowheight=\dimen174
\NC@list=\toks24
\extratabsurround=\skip54
\backup@length=\skip55
)
\everycr=\toks25
\minrowclearance=\skip56
)
(/usr/share/texmf-texlive/tex/latex/amsmath/amsmath.sty
Package: amsmath 2000/07/18 v2.13 AMS math features
\@mathmargin=\skip57

For additional information on amsmath, use the `?' option.
(/usr/share/texmf-texlive/tex/latex/amsmath/amstext.sty
Package: amstext 2000/06/29 v2.01

(/usr/share/texmf-texlive/tex/latex/amsmath/amsgen.sty
File: amsgen.sty 1999/11/30 v2.0
\@emptytoks=\toks26
\ex@=\dimen175
))
(/usr/share/texmf-texlive/tex/latex/amsmath/amsbsy.sty
Package: amsbsy 1999/11/29 v1.2d
\pmbraise@=\dimen176
)
(/usr/share/texmf-texlive/tex/latex/amsmath/amsopn.sty
Package: amsopn 1999/12/14 v2.01 operator names
)
\inf@bad=\count127
LaTeX Info: Redefining \frac on input line 211.
\uproot@=\count128
\leftroot@=\count129
LaTeX Info: Redefining \overline on input line 307.
\classnum@=\count130
\DOTSCASE@=\count131
LaTeX Info: Redefining \ldots on input line 379.
LaTeX Info: Redefining \dots on input line 382.
LaTeX Info: Redefining \cdots on input line 467.
\Mathstrutbox@=\box61
\strutbox@=\box62
\big@size=\dimen177
LaTeX Font Info:    Redeclaring font encoding OML on input line 567.
LaTeX Font Info:    Redeclaring font encoding OMS on input line 568.
\macc@depth=\count132
\c@MaxMatrixCols=\count133
\dotsspace@=\muskip10
\c@parentequation=\count134
\dspbrk@lvl=\count135
\tag@help=\toks27
\row@=\count136
\column@=\count137
\maxfields@=\count138
\andhelp@=\toks28
\eqnshift@=\dimen178
\alignsep@=\dimen179
\tagshift@=\dimen180
\tagwidth@=\dimen181
\totwidth@=\dimen182
\lineht@=\dimen183
\@envbody=\toks29
\multlinegap=\skip58
\multlinetaggap=\skip59
\mathdisplay@stack=\toks30
LaTeX Info: Redefining \[ on input line 2666.
LaTeX Info: Redefining \] on input line 2667.
)
(/usr/share/texmf-texlive/tex/latex/amsfonts/euscript.sty
Package: euscript 2009/06/22 v3.00 Euler Script fonts
LaTeX Font Info:    Overwriting math alphabet `\EuScript' in version `bold'
(Font)                  U/eus/m/n --> U/eus/b/n on input line 33.
)
(/usr/share/texmf-texlive/tex/latex/pstricks/pst-all.sty
Package: pst-all 2008/01/01 the main pstricks tools

(/usr/share/texmf-texlive/tex/latex/pstricks/pstricks.sty
Package: pstricks 2008/11/26 v0.40 LaTeX wrapper for `PSTricks' (RN,HV)

(/usr/share/texmf-texlive/tex/generic/pstricks/pstricks.tex
`PSTricks' v1.29  <2009/05/19> (tvz)
\pst@dima=\dimen184
\pst@dimb=\dimen185
\pst@dimc=\dimen186
\pst@dimd=\dimen187
\pst@dimg=\dimen188
\pst@dimh=\dimen189
\pst@hbox=\box63
\pst@boxg=\box64
\pst@cnta=\count139
\pst@cntb=\count140
\pst@cntc=\count141
\pst@cntd=\count142
\pst@cntg=\count143
\pst@cnth=\count144
\pst@toks=\toks31
(/usr/share/texmf-texlive/tex/generic/pstricks/pstricks.con)
\psunit=\dimen190
\psxunit=\dimen191
\psyunit=\dimen192
\pslinewidth=\dimen193
\pst@customdefs=\toks32
\pslinearc=\dimen194
\everypsbox=\toks33
\psframesep=\dimen195
\pslabelsep=\dimen196
\pst@shift=\dimen197
\theoverlaybox=\box65
)
File: pstricks.tex 2009/05/19 v1.29 `PSTricks' (tvz,hv)
)
(/usr/share/texmf-texlive/tex/latex/pstricks/pst-node.sty
Package: pst-node 2006/01/01 package wrapper for pst-node.tex

(/usr/share/texmf-texlive/tex/generic/pstricks/pst-node.tex  v1.01, 2008/11/26
\psrow=\count145
\pscol=\count146
\psmatrixcnt=\count147
\psrowsep=\skip60
\pscolsep=\skip61
)
File: pst-node.tex 2008/11/26 1.01 `pst-node' (tvz)
) (/usr/share/texmf-texlive/tex/latex/pst-tree/pst-tree.sty
Package: pst-tree 2009/01/25 package wrapper for pst-tree.tex

(/usr/share/texmf-texlive/tex/generic/pst-tree/pst-tree.tex
(/usr/share/texmf-texlive/tex/generic/xkeyval/pst-xkey.tex
File: pst-xkey.tex 2005/11/25 v1.6 PSTricks specialization of xkeyval (HA)

(/usr/share/texmf-texlive/tex/latex/xkeyval/xkeyval.sty
Package: xkeyval 2008/08/13 v2.6a package option processing (HA)

(/usr/share/texmf-texlive/tex/generic/xkeyval/xkeyval.tex
\XKV@toks=\toks34
\XKV@tempa@toks=\toks35
\XKV@depth=\count148
File: xkeyval.tex 2008/08/13 v2.6a key=value parser (HA)
)))
 v1.11, 2009/09/17(tvz,dg,hv)
\pstree@rootbox=\box66
\pstree@box=\box67
\psnodecnt=\count149
\pstreelevel=\count150
\pstreecnt=\count151
\pstree@cnt=\count152
\pstree@stop=\count153
)
File: pst-tree.tex 2009/09/17 1.11 `pst-tree' (tvz,hv)
)
(/usr/share/texmf-texlive/tex/latex/pstricks/pst-plot.sty
Package: pst-plot 2004/07/15 package wrapper for pst-plot.tex

(/usr/share/texmf-texlive/tex/generic/pstricks/pst-plot.tex
(/usr/share/texmf-texlive/tex/generic/multido/multido.tex
 v1.41, 2004/05/18 <tvz>
\multido@count=\count154
\multidocount=\count155
\multido@stuff=\toks36
)  v1.04, 2009/06/08)
File: pst-plot.tex 2009/06/08 1.04 `pst-plot' (tvz)
)
(/usr/share/texmf-texlive/tex/latex/pst-grad/pst-grad.sty
Package: pst-grad 2004/07/15 package wrapper for pst-grad.tex (hv)

(/usr/share/texmf-texlive/tex/generic/pst-grad/pst-grad.tex
`pst-grad' v1.06, 2006/11/27 (tvz,dg,hv))
File: pst-grad.tex 2006/11/27 1.06 `pst-grad' (tvz)
)
(/usr/share/texmf-texlive/tex/latex/pst-coil/pst-coil.sty
Package: pst-coil 2006/08/11 package wrapper for pst-coil.tex (hv)

(/usr/share/texmf-texlive/tex/generic/pst-coil/pst-coil.tex  v1.06, 2006/11/27)
File: pst-coil.tex 2006/11/05 v1.00 `pst-coil' (tvz)
) (/usr/share/texmf-texlive/tex/latex/pst-text/pst-text.sty
Package: pst-text 2006/01/01 package wrapper for pst-text.tex (hv)

(/usr/share/texmf-texlive/tex/generic/pst-text/pst-text.tex
 v1.00, 2006/11/05(tvz,hv))
File: pst-text.tex 2006/11/05 1.00 `pst-text' (tvz)
)
(/usr/share/texmf-texlive/tex/latex/pst-3d/pst-3d.sty
Package: pst-3d 2005/09/02 package wrapper for pst-3d.tex (hv)

(/usr/share/texmf-texlive/tex/generic/pst-3d/pst-3d.tex
`PST-3d' v1.00, 2005/09/03 (tvz))
File: pst-3d.tex 2005/09/03 v1.00 `PST-3d' (tvz)
)
(/usr/share/texmf-texlive/tex/latex/pst-eps/pst-eps.sty
Package: pst-eps 2005/05/20 package wrapper for pst-eps.tex (hv)

(/usr/share/texmf-texlive/tex/generic/pst-eps/pst-eps.tex  v1.00, 2006/11/04
\pst@epsout=\write5
\pst@tempout=\write6
)
File: pst-eps.tex 2006/11/04 1.00 `pst-eps' (tvz)
)
(/usr/share/texmf-texlive/tex/latex/pst-fill/pst-fill.sty
Package: pst-fill 2005/09/13 package wrapper for pst-fill.tex (hv)

(/usr/share/texmf-texlive/tex/generic/pst-fill/pst-fill.tex
`PST-Fill' v1.01, 2007/03/10 (tvz,dg,hv)
\pst@fillbox=\box68
)
File: pst-fill.tex 2007/03/10 v1.01 `PST-fill' (tvz,dg)
)
(/usr/share/texmf-texlive/tex/latex/pstricks-add/pstricks-add.sty
Package: pstricks-add 2009/03/17 v. 0.13 package wrapper for pstricks-add.tex (
hv)

(/usr/share/texmf-texlive/tex/generic/pstricks-add/pstricks-add.tex
(/usr/share/texmf-texlive/tex/generic/pstricks-add/pst-fp.tex
`pst-fp' v0.02, 2009/04/02 (hv)
\pstFP@xs=\count156
\pstFP@xia=\count157
\pstFP@xib=\count158
\pstFP@xfa=\count159
\pstFP@xfb=\count160
\pstFP@rega=\count161
\pstFP@regb=\count162
\pstFP@regs=\count163
\pstFP@times=\count164
)
(/usr/share/texmf-texlive/tex/generic/pst-math/pst-math.tex
`pst-math' v0.23 , (CJ,hv)) `pstricks-add' v3.35, 2009/10/12 (dr,hv)
\pst@dimm=\dimen198
\pst@dimn=\dimen199
\pst@dimo=\dimen200
\pst@dimp=\dimen201
\pst@cntm=\count165
\pst@cntn=\count166
\pst@cnto=\count167
\pst@cntp=\count168
\@zero=\count169
\pstRadUnit=\dimen202
\pstRadUnitInv=\dimen203
\pshooklength=\dimen204
\pshookwidth=\dimen205
\@digitcounter=\count170
\psk@subticksize=\dimen206
\pst@xticksizeA=\dimen207
\pst@xticksizeB=\dimen208
\pst@xticksizeC=\dimen209
\pst@yticksizeA=\dimen210
\pst@yticksizeB=\dimen211
\pst@yticksizeC=\dimen212
\psk@llx=\dimen213
\psk@lly=\dimen214
\psk@urx=\dimen215
\psk@ury=\dimen216
\pst@xunit=\dimen217
\pst@yunit=\dimen218
\linecnt=\count171
\chart@ColorIndex=\dimen219
\chart@ColorStep=\dimen220
\pst@chartHeight=\dimen221
\pst@chartStackDepth=\dimen222
\pst@chartStackWidth=\dimen223
\chart@Toggle=\count172
)
File: pstricks-add.tex 2009/10/12 v3.35 `PSTricks-add' (hv)
)
(/usr/share/texmf-texlive/tex/latex/multido/multido.sty
Package: multido 2004/05/17 package wrapper for PSTricks `multido.tex', (HV/RN)

))
(/usr/share/texmf-texlive/tex/latex/base/graphpap.sty
Package: graphpap 1994/08/09 v1.0c Standard LaTeX graphpap package (LL)
)
(/usr/share/texmf-texlive/tex/latex/amsfonts/amssymb.sty
Package: amssymb 2009/06/22 v3.00

(/usr/share/texmf-texlive/tex/latex/amsfonts/amsfonts.sty
Package: amsfonts 2009/06/22 v3.00 Basic AMSFonts support
\symAMSa=\mathgroup4
\symAMSb=\mathgroup5
LaTeX Font Info:    Overwriting math alphabet `\mathfrak' in version `bold'
(Font)                  U/euf/m/n --> U/euf/b/n on input line 96.
))
(/usr/share/texmf-texlive/tex/latex/base/latexsym.sty
Package: latexsym 1998/08/17 v2.2e Standard LaTeX package (lasy symbols)
\symlasy=\mathgroup6
LaTeX Font Info:    Overwriting symbol font `lasy' in version `bold'
(Font)                  U/lasy/m/n --> U/lasy/b/n on input line 47.
) (./HW_copyleft_ES.aux)
\openout1 = `HW_copyleft_ES.aux'.

LaTeX Font Info:    Checking defaults for OML/cmm/m/it on input line 28.
LaTeX Font Info:    ... okay on input line 28.
LaTeX Font Info:    Checking defaults for T1/cmr/m/n on input line 28.
LaTeX Font Info:    ... okay on input line 28.
LaTeX Font Info:    Checking defaults for OT1/cmr/m/n on input line 28.
LaTeX Font Info:    ... okay on input line 28.
LaTeX Font Info:    Checking defaults for OMS/cmsy/m/n on input line 28.
LaTeX Font Info:    ... okay on input line 28.
LaTeX Font Info:    Checking defaults for OMX/cmex/m/n on input line 28.
LaTeX Font Info:    ... okay on input line 28.
LaTeX Font Info:    Checking defaults for U/cmr/m/n on input line 28.
LaTeX Font Info:    ... okay on input line 28.

(/usr/share/texmf/tex/context/base/supp-pdf.mkii
[Loading MPS to PDF converter (version 2006.09.02).]
\scratchcounter=\count173
\scratchdimen=\dimen224
\scratchbox=\box69
\nofMPsegments=\count174
\nofMParguments=\count175
\everyMPshowfont=\toks37
\MPscratchCnt=\count176
\MPscratchDim=\dimen225
\MPnumerator=\count177
\everyMPtoPDFconversion=\toks38
)
** ATTENTION: \keywords is deprecated (line 52). Use \IEEEkeywords instead.
(./intro.tex
LaTeX Font Info:    Try loading font information for U+msa on input line 8.
 (/usr/share/texmf-texlive/tex/latex/amsfonts/umsa.fd
File: umsa.fd 2009/06/22 v3.00 AMS symbols A
)
LaTeX Font Info:    Try loading font information for U+msb on input line 8.

(/usr/share/texmf-texlive/tex/latex/amsfonts/umsb.fd
File: umsb.fd 2009/06/22 v3.00 AMS symbols B
)
LaTeX Font Info:    Try loading font information for U+lasy on input line 8.

(/usr/share/texmf-texlive/tex/latex/base/ulasy.fd
File: ulasy.fd 1998/08/17 v2.2e LaTeX symbol font definitions
) [1
Non-PDF special ignored!
Non-PDF special ignored!
Non-PDF special ignored!
Non-PDF special ignored!
Non-PDF special ignored!
Non-PDF special ignored!
Non-PDF special ignored!
Non-PDF special ignored!
Non-PDF special ignored!
Non-PDF special ignored!{/var/lib/texmf/fonts/map/pdftex/updmap/pdftex.map}


]
Underfull \hbox (badness 1603) in paragraph at lines 18--19
[]\OT1/ptm/m/n/10 En este art[]^^Pculo pre-sen-ta-mos un pro-grama acad[]emico
 []

<./images/ES_CDIO_flow.png, id=12, 399.74344pt x 349.305pt>
File: ./images/ES_CDIO_flow.png Graphic file (type png)

<use ./images/ES_CDIO_flow.png> [2 <./images/ES_CDIO_flow.png>]
<./images/CDIO.png, id=16, 309.155pt x 129.283pt>
File: ./images/CDIO.png Graphic file (type png)
 <use ./images/CDIO.png>
[3 <./images/CDIO.png>]
<./images/CDIO_metodologia.png, id=23, 676.5275pt x 317.185pt>
File: ./images/CDIO_metodologia.png Graphic file (type png)

<use ./images/CDIO_metodologia.png>
Overfull \hbox (18.6062pt too wide) in paragraph at lines 149--149
 [] 
 []


Overfull \hbox (9.44746pt too wide) in paragraph at lines 216--217
[][] 
 []

[4 <./images/CDIO_metodologia.png>] [5] [6]
<./images/SAKC_block_diagram.png, id=34, 485.56406pt x 330.48468pt>
File: ./images/SAKC_block_diagram.png Graphic file (type png)

<use ./images/SAKC_block_diagram.png>
<./images/SIE.jpg, id=35, 1248.665pt x 1169.36874pt>
File: ./images/SIE.jpg Graphic file (type jpg)
 <use ./images/SIE.jpg>
[7 <./images/SAKC_block_diagram.png (PNG copy)> <./images/SIE.jpg>]
Overfull \hbox (28.39267pt too wide) in paragraph at lines 361--361
[][][]\OT1/ptm/m/n/8 http://www.latticesemi.com/products/intellectualproperty/i
pcores/mico32/index.cfm| 
 []

[8] <./images/habilidades_digitales.png, id=43, 504.38437pt x 595.47469pt>
File: ./images/habilidades_digitales.png Graphic file (type png)

<use ./images/habilidades_digitales.png> [9 <./images/habilidades_digitales.png
>]) (./HW_copyleft_ES.bbl
Underfull \hbox (badness 10000) in paragraph at lines 17--22
[]\OT1/ptm/m/n/10 A. Grove.  How Amer-ica Can Cre-ate Jobs.
 []


Overfull \hbox (74.30734pt too wide) in paragraph at lines 17--22
\OT1/ptm/m/n/10 http://www.businessweek.com/magazine/content/10[]28/b4186048358
596.htm,
 []


Underfull \hbox (badness 4181) in paragraph at lines 36--40
[]\OT1/ptm/m/n/10 Edward F. Craw-ley.  The CDIO Syl-labus A State-
 []


Underfull \hbox (badness 10000) in paragraph at lines 106--109
[]\OT1/ptm/m/n/10 Worldwide CDIO Ini-tia-tive.  "Ben-e-fits of CDIO"
 []


Underfull \hbox (badness 10000) in paragraph at lines 106--109
\OT1/ptm/m/n/10 URL:http://www.cdio.org/benefits-cdio on Novem-ber,
 []

) [10] (./HW_copyleft_ES.aux) ) 
Here is how much of TeX's memory you used:
 12969 strings out of 495061
 211362 string characters out of 1182621
 359811 words of memory out of 3000000
 15798 multiletter control sequences out of 15000+50000
 49441 words of font info for 98 fonts, out of 3000000 for 9000
 29 hyphenation exceptions out of 8191
 47i,12n,54p,1575b,589s stack positions out of 5000i,500n,10000p,200000b,50000s
{/usr/share/texmf-texlive/fonts/enc/dvips/base/8
r.enc}</usr/share/texmf-texlive/fonts/type1/public/amsfonts/cm/cmsy7.pfb></usr/
share/texmf-texlive/fonts/type1/urw/times/utmb8a.pfb></usr/share/texmf-texlive/
fonts/type1/urw/times/utmbi8a.pfb></usr/share/texmf-texlive/fonts/type1/urw/tim
es/utmr8a.pfb></usr/share/texmf-texlive/fonts/type1/urw/times/utmri8a.pfb>
Output written on HW_copyleft_ES.pdf (10 pages, 551000 bytes).
PDF statistics:
 68 PDF objects out of 1000 (max. 8388607)
 0 named destinations out of 1000 (max. 500000)
 43 words of extra memory for PDF output out of 10000 (max. 10000000)

